Tue Apr 27 04:31:20 CEST 2021
IQ-TREE multicore version 1.6.12 for Linux 64-bit built Aug 15 2019
Developed by Bui Quang Minh, Nguyen Lam Tung, Olga Chernomor,
Heiko Schmidt, Dominik Schrempf, Michael Woodhams.

Host:    n1643 (AVX512, FMA3, 93 GB RAM)
Command: ../../iqtree-1.6.12-Linux/bin/iqtree -s ../../data/clustal34_hmm_0.035-0.049.phy -nt 32 -m C60+I+G5 -pre iq_clustal34_hmm_0.035-0.049_C60_I_G5 --runs 2 -bb 2000
Seed:    895337 (Using SPRNG - Scalable Parallel Random Number Generator)
Time:    Tue Apr 27 04:31:20 2021
Kernel:  AVX+FMA - 32 threads (32 CPU cores detected)

Reading alignment file ../../data/clustal34_hmm_0.035-0.049.phy ... Phylip format detected
Alignment most likely contains protein sequences
WARNING: 15359 sites contain only gaps or ambiguous characters.
Alignment has 37 sequences with 55949 columns, 28201 distinct patterns
14854 parsimony-informative, 8312 singleton sites, 32783 constant sites
           Gap/Ambiguity  Composition  p-value
   1  Allox_ar    35.00%    passed     83.39%
   2  Andr_cur    35.65%    passed     80.17%
   3  Andr_gro    37.97%    passed     52.50%
   4  Andr_qln    38.63%    passed     87.65%
   5  Andr_qrm    41.77%    passed     18.64%
   6  Aula_tav    35.77%    passed     89.68%
   7  Aylax_hy    33.67%    passed     99.65%
   8  Beloc_tr    33.45%    passed     85.79%
   9  Bior_pal    70.15%    failed      0.00%
  10  Callas_no   40.16%    passed     94.74%
  11  Calli_sp    39.59%    passed     96.60%
  12  Cecin_ib    54.44%    failed      0.40%
  13  Cerop_ma    35.56%    passed     99.92%
  14  Diast_ki    35.56%    passed     99.96%
  15  Dipl_spi    38.10%    passed     93.71%
  16  Escha_ac    47.16%    failed      0.00%
  17  Gana_sp1    55.49%    failed      1.48%
  18  Hedic_le    35.98%    passed     89.95%
  19  Irae_his    51.21%    passed     82.46%
  20  Isoc_cen    37.03%    passed     99.03%
  21  Lepto_bo    38.17%    failed      0.00%
  22  Lepto_cl    36.82%    failed      0.04%
  23  Lepto_he    37.51%    failed      1.04%
  24  Parn_nig    35.64%    passed     99.99%
  25  Pedia_ac    38.49%    passed     99.98%
  26  Peric_JH    35.42%    passed     98.15%
  27  Phaen_vi    40.17%    passed     98.22%
  28  Phana_JH    52.91%    passed     33.53%
  29  Prot_spe    43.70%    passed     70.92%
  30  Qwaq_sco    36.62%    passed     93.65%
  31  Syne_gif    36.63%    passed     99.54%
  32  Syne_ito    35.50%    passed     99.06%
  33  Syne_jap    34.09%    passed     99.86%
  34  Syne_umb    33.60%    passed     99.98%
  35  Nasoniav    44.27%    failed      0.01%
  36  Orussusa    41.67%    failed      0.00%
  37  Micropld    46.93%    failed      0.00%
WARNING: 5 sequences contain more than 50% gaps/ambiguity
****  TOTAL       40.55%  10 sequences failed composition chi2 test (p-value<5%; df=19)

---> START RUN NUMBER 1 (seed: 895337)

Create initial parsimony tree by phylogenetic likelihood library (PLL)... 0.233 seconds
Generating 2000 samples for ultrafast bootstrap (seed: 895337)...
Model C60+I+G5 is alias for POISSON+G+FMIX{C60pi1:1:0.0169698865,C60pi2:1:0.0211683374,C60pi3:1:0.0276589079,C60pi4:1:0.0065675964,C60pi5:1:0.0141221416,C60pi6:1:0.0068774834,C60pi7:1:0.0146909701,C60pi8:1:0.0067225777,C60pi9:1:0.0018396660,C60pi10:1:0.0102547197,C60pi11:1:0.0230896163,C60pi12:1:0.0057941033,C60pi13:1:0.0125394534,C60pi14:1:0.0204526478,C60pi15:1:0.0070629602,C60pi16:1:0.0117982741,C60pi17:1:0.0068334668,C60pi18:1:0.0433775839,C60pi19:1:0.0318278731,C60pi20:1:0.0222546108,C60pi21:1:0.0102264969,C60pi22:1:0.0150545891,C60pi23:1:0.0134159878,C60pi24:1:0.0148552065,C60pi25:1:0.0239111516,C60pi26:1:0.0128776278,C60pi27:1:0.0222318842,C60pi28:1:0.0247444742,C60pi29:1:0.0214274810,C60pi30:1:0.0115001882,C60pi31:1:0.0076017389,C60pi32:1:0.0130258568,C60pi33:1:0.0093701965,C60pi34:1:0.0467194264,C60pi35:1:0.0441940314,C60pi36:1:0.0322263154,C60pi37:1:0.0402999891,C60pi38:1:0.0150234227,C60pi39:1:0.0104589903,C60pi40:1:0.0214742395,C60pi41:1:0.0154957836,C60pi42:1:0.0101789953,C60pi43:1:0.0227980379,C60pi44:1:0.0123204539,C60pi45:1:0.0066777583,C60pi46:1:0.0004150083,C60pi47:1:0.0344385130,C60pi48:1:0.0113663379,C60pi49:1:0.0127143049,C60pi50:1:0.0124323741,C60pi51:1:0.0262124415,C60pi52:1:0.0064994957,C60pi53:1:0.0103203293,C60pi54:1:0.0142463512,C60pi55:1:0.0215600067,C60pi56:1:0.0199150700,C60pi57:1:0.0038964200,C60pi58:1:0.0113448855,C60pi59:1:0.0128595846,C60pi60:1:0.0117656776}+I+G5

NOTE: 38937 MB RAM (38 GB) is required!
Estimate model parameters (epsilon = 0.100)
1. Initial log-likelihood: -595004.945
2. Current log-likelihood: -585240.248
3. Current log-likelihood: -585133.202
4. Current log-likelihood: -585127.702
5. Current log-likelihood: -585123.673
6. Current log-likelihood: -585120.539
7. Current log-likelihood: -585118.096
8. Current log-likelihood: -585116.180
9. Current log-likelihood: -585114.764
10. Current log-likelihood: -585113.506
11. Current log-likelihood: -585112.590
12. Current log-likelihood: -585111.840
13. Current log-likelihood: -585111.219
14. Current log-likelihood: -585110.704
15. Current log-likelihood: -585110.279
16. Current log-likelihood: -585109.926
17. Current log-likelihood: -585109.632
18. Current log-likelihood: -585109.388
19. Current log-likelihood: -585109.185
20. Current log-likelihood: -585109.015
21. Current log-likelihood: -585108.874
22. Current log-likelihood: -585108.755
Optimal log-likelihood: -585108.659
Mixture weights: 0.017 0.021 0.028 0.007 0.014 0.007 0.015 0.007 0.002 0.010 0.023 0.006 0.013 0.020 0.007 0.012 0.007 0.043 0.032 0.022 0.010 0.015 0.013 0.015 0.024 0.013 0.022 0.025 0.021 0.011 0.008 0.013 0.009 0.047 0.044 0.032 0.040 0.015 0.010 0.021 0.015 0.010 0.023 0.012 0.007 0.001 0.034 0.011 0.013 0.012 0.026 0.006 0.010 0.014 0.022 0.020 0.004 0.011 0.013 0.012
Proportion of invariable sites: 0.241
Gamma shape alpha: 0.738
Parameters optimization took 22 rounds (390.688 sec)
Computing ML distances based on estimated model parameters... 1.085 sec
Computing BIONJ tree...
0.002 seconds
Log-likelihood of BIONJ tree: -585037.724
--------------------------------------------------------------------
|             INITIALIZING CANDIDATE TREE SET                      |
--------------------------------------------------------------------
Generating 98 parsimony trees... 22.463 second
Computing log-likelihood of 98 initial trees ... 1303.218 seconds
Current best score: -585037.724

Do NNI search on 20 best initial trees
Estimate model parameters (epsilon = 0.100)
BETTER TREE FOUND at iteration 1: -584932.658
Iteration 10 / LogL: -584935.653 / Time: 0h:47m:58s
Iteration 20 / LogL: -584933.380 / Time: 1h:9m:14s
Finish initializing candidate tree set (2)
Current best tree score: -584932.658 / CPU time: 3699.523
Number of iterations: 20
--------------------------------------------------------------------
|               OPTIMIZING CANDIDATE TREE SET                      |
--------------------------------------------------------------------
Estimate model parameters (epsilon = 0.100)
BETTER TREE FOUND at iteration 23: -584813.007
Estimate model parameters (epsilon = 0.100)
BETTER TREE FOUND at iteration 24: -584804.272
Iteration 30 / LogL: -585008.764 / Time: 1h:34m:9s (5h:5m:10s left)
Iteration 40 / LogL: -584933.081 / Time: 1h:54m:10s (4h:5m:54s left)
Iteration 50 / LogL: -584815.453 / Time: 2h:16m:17s (3h:25m:48s left)
Log-likelihood cutoff on original alignment: -584964.962
Iteration 60 / LogL: -584804.319 / Time: 2h:38m:45s (2h:52m:12s left)
Iteration 70 / LogL: -584814.140 / Time: 3h:1m:46s (2h:22m:15s left)
Iteration 80 / LogL: -586321.540 / Time: 3h:24m:53s (1h:54m:6s left)
Iteration 90 / LogL: -584814.092 / Time: 3h:45m:32s (1h:26m:9s left)
Iteration 100 / LogL: -584814.182 / Time: 4h:7m:32s (1h:0m:0s left)
Log-likelihood cutoff on original alignment: -584962.057
NOTE: Bootstrap correlation coefficient of split occurrence frequencies: 0.998
Iteration 110 / LogL: -586320.172 / Time: 4h:28m:8s (3h:41m:24s left)
Iteration 120 / LogL: -584813.362 / Time: 4h:49m:37s (3h:14m:41s left)
TREE SEARCH COMPLETED AFTER 125 ITERATIONS / Time: 4h:59m:13s

--------------------------------------------------------------------
|                    FINALIZING TREE SEARCH                        |
--------------------------------------------------------------------
Performs final model parameters optimization
Estimate model parameters (epsilon = 0.010)
1. Initial log-likelihood: -584804.272
2. Current log-likelihood: -584804.219
3. Current log-likelihood: -584804.176
4. Current log-likelihood: -584804.139
5. Current log-likelihood: -584804.106
6. Current log-likelihood: -584804.076
7. Current log-likelihood: -584804.050
8. Current log-likelihood: -584804.027
9. Current log-likelihood: -584804.007
10. Current log-likelihood: -584803.995
11. Current log-likelihood: -584803.980
12. Current log-likelihood: -584803.966
Optimal log-likelihood: -584803.957
Mixture weights: 0.017 0.021 0.028 0.007 0.014 0.007 0.015 0.007 0.002 0.010 0.023 0.006 0.013 0.020 0.007 0.012 0.007 0.043 0.032 0.022 0.010 0.015 0.013 0.015 0.024 0.013 0.022 0.025 0.021 0.011 0.008 0.013 0.009 0.047 0.044 0.032 0.040 0.015 0.010 0.021 0.015 0.010 0.023 0.012 0.007 0.001 0.034 0.011 0.013 0.012 0.026 0.006 0.010 0.014 0.022 0.020 0.004 0.011 0.013 0.012
Proportion of invariable sites: 0.232
Gamma shape alpha: 0.706
Parameters optimization took 12 rounds (166.748 sec)
BEST SCORE FOUND : -584803.957
Creating bootstrap support values...
Split supports printed to NEXUS file iq_clustal34_hmm_0.035-0.049_C60_I_G5.splits.nex
Total tree length: 4.327

Total number of iterations: 125
CPU time used for tree search: 556962.736 sec (154h:42m:42s)
Wall-clock time used for tree search: 17498.155 sec (4h:51m:38s)
Total CPU time used: 576761.053 sec (160h:12m:41s)
Total wall-clock time used: 18121.522 sec (5h:2m:1s)

Computing bootstrap consensus tree...
Reading input file iq_clustal34_hmm_0.035-0.049_C60_I_G5.splits.nex...
37 taxa and 89 splits.
Consensus tree written to iq_clustal34_hmm_0.035-0.049_C60_I_G5.contree
Reading input trees file iq_clustal34_hmm_0.035-0.049_C60_I_G5.contree
Log-likelihood of consensus tree: -584803.957

---> START RUN NUMBER 2 (seed: 896337)

Create initial parsimony tree by phylogenetic likelihood library (PLL)... 0.223 seconds
Generating 2000 samples for ultrafast bootstrap (seed: 896337)...
Model C60+I+G5 is alias for POISSON+G+FMIX{C60pi1:1:0.0169698865,C60pi2:1:0.0211683374,C60pi3:1:0.0276589079,C60pi4:1:0.0065675964,C60pi5:1:0.0141221416,C60pi6:1:0.0068774834,C60pi7:1:0.0146909701,C60pi8:1:0.0067225777,C60pi9:1:0.0018396660,C60pi10:1:0.0102547197,C60pi11:1:0.0230896163,C60pi12:1:0.0057941033,C60pi13:1:0.0125394534,C60pi14:1:0.0204526478,C60pi15:1:0.0070629602,C60pi16:1:0.0117982741,C60pi17:1:0.0068334668,C60pi18:1:0.0433775839,C60pi19:1:0.0318278731,C60pi20:1:0.0222546108,C60pi21:1:0.0102264969,C60pi22:1:0.0150545891,C60pi23:1:0.0134159878,C60pi24:1:0.0148552065,C60pi25:1:0.0239111516,C60pi26:1:0.0128776278,C60pi27:1:0.0222318842,C60pi28:1:0.0247444742,C60pi29:1:0.0214274810,C60pi30:1:0.0115001882,C60pi31:1:0.0076017389,C60pi32:1:0.0130258568,C60pi33:1:0.0093701965,C60pi34:1:0.0467194264,C60pi35:1:0.0441940314,C60pi36:1:0.0322263154,C60pi37:1:0.0402999891,C60pi38:1:0.0150234227,C60pi39:1:0.0104589903,C60pi40:1:0.0214742395,C60pi41:1:0.0154957836,C60pi42:1:0.0101789953,C60pi43:1:0.0227980379,C60pi44:1:0.0123204539,C60pi45:1:0.0066777583,C60pi46:1:0.0004150083,C60pi47:1:0.0344385130,C60pi48:1:0.0113663379,C60pi49:1:0.0127143049,C60pi50:1:0.0124323741,C60pi51:1:0.0262124415,C60pi52:1:0.0064994957,C60pi53:1:0.0103203293,C60pi54:1:0.0142463512,C60pi55:1:0.0215600067,C60pi56:1:0.0199150700,C60pi57:1:0.0038964200,C60pi58:1:0.0113448855,C60pi59:1:0.0128595846,C60pi60:1:0.0117656776}+I+G5

NOTE: 38937 MB RAM (38 GB) is required!
Estimate model parameters (epsilon = 0.100)
1. Initial log-likelihood: -595004.945
2. Current log-likelihood: -585240.248
3. Current log-likelihood: -585133.202
4. Current log-likelihood: -585127.702
5. Current log-likelihood: -585123.673
6. Current log-likelihood: -585120.539
7. Current log-likelihood: -585118.096
8. Current log-likelihood: -585116.180
9. Current log-likelihood: -585114.764
10. Current log-likelihood: -585113.506
11. Current log-likelihood: -585112.590
12. Current log-likelihood: -585111.840
13. Current log-likelihood: -585111.219
14. Current log-likelihood: -585110.704
15. Current log-likelihood: -585110.279
16. Current log-likelihood: -585109.926
17. Current log-likelihood: -585109.632
18. Current log-likelihood: -585109.388
19. Current log-likelihood: -585109.185
20. Current log-likelihood: -585109.015
21. Current log-likelihood: -585108.874
22. Current log-likelihood: -585108.755
Optimal log-likelihood: -585108.659
Mixture weights: 0.017 0.021 0.028 0.007 0.014 0.007 0.015 0.007 0.002 0.010 0.023 0.006 0.013 0.020 0.007 0.012 0.007 0.043 0.032 0.022 0.010 0.015 0.013 0.015 0.024 0.013 0.022 0.025 0.021 0.011 0.008 0.013 0.009 0.047 0.044 0.032 0.040 0.015 0.010 0.021 0.015 0.010 0.023 0.012 0.007 0.001 0.034 0.011 0.013 0.012 0.026 0.006 0.010 0.014 0.022 0.020 0.004 0.011 0.013 0.012
Proportion of invariable sites: 0.241
Gamma shape alpha: 0.738
Parameters optimization took 22 rounds (398.992 sec)
Computing ML distances based on estimated model parameters... 1.207 sec
Computing BIONJ tree...
0.001 seconds
Log-likelihood of BIONJ tree: -585037.724
--------------------------------------------------------------------
|             INITIALIZING CANDIDATE TREE SET                      |
--------------------------------------------------------------------
Generating 98 parsimony trees... 23.085 second
Computing log-likelihood of 98 initial trees ... 1303.144 seconds
Current best score: -585037.724

Do NNI search on 20 best initial trees
Estimate model parameters (epsilon = 0.100)
BETTER TREE FOUND at iteration 1: -584932.658
Iteration 10 / LogL: -584932.932 / Time: 0h:48m:33s
Iteration 20 / LogL: -584932.885 / Time: 1h:8m:27s
Finish initializing candidate tree set (2)
Current best tree score: -584932.658 / CPU time: 3644.191
Number of iterations: 20
--------------------------------------------------------------------
|               OPTIMIZING CANDIDATE TREE SET                      |
--------------------------------------------------------------------
Iteration 30 / LogL: -586327.749 / Time: 1h:30m:21s (3h:41m:13s left)
Estimate model parameters (epsilon = 0.100)
BETTER TREE FOUND at iteration 39: -584812.999
Iteration 40 / LogL: -584935.906 / Time: 1h:53m:49s (4h:48m:56s left)
Estimate model parameters (epsilon = 0.100)
BETTER TREE FOUND at iteration 41: -584804.291
Iteration 50 / LogL: -584941.006 / Time: 2h:17m:30s (4h:15m:21s left)
Log-likelihood cutoff on original alignment: -584954.533
Iteration 60 / LogL: -584806.545 / Time: 2h:39m:43s (3h:39m:16s left)
Iteration 70 / LogL: -586352.891 / Time: 3h:0m:14s (3h:5m:28s left)
Iteration 80 / LogL: -584813.571 / Time: 3h:23m:0s (2h:36m:44s left)
Iteration 90 / LogL: -584817.523 / Time: 3h:46m:26s (2h:9m:45s left)
Iteration 100 / LogL: -586331.951 / Time: 4h:7m:38s (1h:42m:33s left)
Log-likelihood cutoff on original alignment: -584955.354
NOTE: Bootstrap correlation coefficient of split occurrence frequencies: 1.000
Iteration 110 / LogL: -584804.329 / Time: 4h:29m:18s (3h:42m:21s left)
Iteration 120 / LogL: -584813.308 / Time: 4h:51m:32s (3h:15m:59s left)
Iteration 130 / LogL: -584806.427 / Time: 5h:13m:1s (2h:49m:51s left)
Iteration 140 / LogL: -584806.595 / Time: 5h:37m:25s (2h:25m:38s left)
TREE SEARCH COMPLETED AFTER 142 ITERATIONS / Time: 5h:41m:51s

--------------------------------------------------------------------
|                    FINALIZING TREE SEARCH                        |
--------------------------------------------------------------------
Performs final model parameters optimization
Estimate model parameters (epsilon = 0.010)
1. Initial log-likelihood: -584804.291
2. Current log-likelihood: -584804.225
3. Current log-likelihood: -584804.178
4. Current log-likelihood: -584804.139
5. Current log-likelihood: -584804.105
6. Current log-likelihood: -584804.075
7. Current log-likelihood: -584804.049
8. Current log-likelihood: -584804.025
9. Current log-likelihood: -584804.005
10. Current log-likelihood: -584803.993
11. Current log-likelihood: -584803.978
12. Current log-likelihood: -584803.964
Optimal log-likelihood: -584803.955
Mixture weights: 0.017 0.021 0.028 0.007 0.014 0.007 0.015 0.007 0.002 0.010 0.023 0.006 0.013 0.020 0.007 0.012 0.007 0.043 0.032 0.022 0.010 0.015 0.013 0.015 0.024 0.013 0.022 0.025 0.021 0.011 0.008 0.013 0.009 0.047 0.044 0.032 0.040 0.015 0.010 0.021 0.015 0.010 0.023 0.012 0.007 0.001 0.034 0.011 0.013 0.012 0.026 0.006 0.010 0.014 0.022 0.020 0.004 0.011 0.013 0.012
Proportion of invariable sites: 0.232
Gamma shape alpha: 0.705
Parameters optimization took 12 rounds (170.228 sec)
BEST SCORE FOUND : -584803.955
Creating bootstrap support values...
Split supports printed to NEXUS file iq_clustal34_hmm_0.035-0.049_C60_I_G5.splits.nex
Total tree length: 4.327

Total number of iterations: 142
CPU time used for tree search: 638244.121 sec (177h:17m:24s)
Wall-clock time used for tree search: 20048.163 sec (5h:34m:8s)
Total CPU time used: 658412.743 sec (182h:53m:32s)
Total wall-clock time used: 20683.396 sec (5h:44m:43s)

Computing bootstrap consensus tree...
Reading input file iq_clustal34_hmm_0.035-0.049_C60_I_G5.splits.nex...
37 taxa and 91 splits.
Consensus tree written to iq_clustal34_hmm_0.035-0.049_C60_I_G5.contree
Reading input trees file iq_clustal34_hmm_0.035-0.049_C60_I_G5.contree
Log-likelihood of consensus tree: -584803.955

---> SUMMARIZE RESULTS FROM 2 RUNS

Run 2 gave best log-likelihood: -584803.955
Model C60+I+G5 is alias for POISSON+G+FMIX{C60pi1:1:0.0169698865,C60pi2:1:0.0211683374,C60pi3:1:0.0276589079,C60pi4:1:0.0065675964,C60pi5:1:0.0141221416,C60pi6:1:0.0068774834,C60pi7:1:0.0146909701,C60pi8:1:0.0067225777,C60pi9:1:0.0018396660,C60pi10:1:0.0102547197,C60pi11:1:0.0230896163,C60pi12:1:0.0057941033,C60pi13:1:0.0125394534,C60pi14:1:0.0204526478,C60pi15:1:0.0070629602,C60pi16:1:0.0117982741,C60pi17:1:0.0068334668,C60pi18:1:0.0433775839,C60pi19:1:0.0318278731,C60pi20:1:0.0222546108,C60pi21:1:0.0102264969,C60pi22:1:0.0150545891,C60pi23:1:0.0134159878,C60pi24:1:0.0148552065,C60pi25:1:0.0239111516,C60pi26:1:0.0128776278,C60pi27:1:0.0222318842,C60pi28:1:0.0247444742,C60pi29:1:0.0214274810,C60pi30:1:0.0115001882,C60pi31:1:0.0076017389,C60pi32:1:0.0130258568,C60pi33:1:0.0093701965,C60pi34:1:0.0467194264,C60pi35:1:0.0441940314,C60pi36:1:0.0322263154,C60pi37:1:0.0402999891,C60pi38:1:0.0150234227,C60pi39:1:0.0104589903,C60pi40:1:0.0214742395,C60pi41:1:0.0154957836,C60pi42:1:0.0101789953,C60pi43:1:0.0227980379,C60pi44:1:0.0123204539,C60pi45:1:0.0066777583,C60pi46:1:0.0004150083,C60pi47:1:0.0344385130,C60pi48:1:0.0113663379,C60pi49:1:0.0127143049,C60pi50:1:0.0124323741,C60pi51:1:0.0262124415,C60pi52:1:0.0064994957,C60pi53:1:0.0103203293,C60pi54:1:0.0142463512,C60pi55:1:0.0215600067,C60pi56:1:0.0199150700,C60pi57:1:0.0038964200,C60pi58:1:0.0113448855,C60pi59:1:0.0128595846,C60pi60:1:0.0117656776}+I+G5
Split supports printed to NEXUS file iq_clustal34_hmm_0.035-0.049_C60_I_G5.splits.nex
Consensus tree written to iq_clustal34_hmm_0.035-0.049_C60_I_G5.contree
Total CPU time for 2 runs: 1239210.761 seconds.
Total wall-clock time for 2 runs: 38931.701 seconds.


Analysis results written to: 
  IQ-TREE report:                iq_clustal34_hmm_0.035-0.049_C60_I_G5.iqtree
  Maximum-likelihood tree:       iq_clustal34_hmm_0.035-0.049_C60_I_G5.treefile
  Trees from independent runs:   iq_clustal34_hmm_0.035-0.049_C60_I_G5.runtrees
  Likelihood distances:          iq_clustal34_hmm_0.035-0.049_C60_I_G5.mldist

Ultrafast bootstrap approximation results written to:
  Split support values:          iq_clustal34_hmm_0.035-0.049_C60_I_G5.splits.nex
  Consensus tree:                iq_clustal34_hmm_0.035-0.049_C60_I_G5.contree
  Screen log file:               iq_clustal34_hmm_0.035-0.049_C60_I_G5.log

Date and Time: Tue Apr 27 15:20:13 2021
Tue Apr 27 15:20:13 CEST 2021
