IQ-TREE multicore version 1.6.12 for Linux 64-bit built Aug 15 2019
Developed by Bui Quang Minh, Nguyen Lam Tung, Olga Chernomor,
Heiko Schmidt, Dominik Schrempf, Michael Woodhams.

Host:    n1408 (AVX512, FMA3, 93 GB RAM)
Command: ../../iqtree-1.6.12-Linux/bin/iqtree -s ../../data/clustal34_hmm_0.049-0.074.phy -nt 32 -m C60+I+G5 -pre iq_clustal34_hmm_0.049-0.074_C60_I_G5 --runs 2 -bb 2000
Seed:    146093 (Using SPRNG - Scalable Parallel Random Number Generator)
Time:    Tue Apr 27 04:41:15 2021
Kernel:  AVX+FMA - 32 threads (32 CPU cores detected)

Reading alignment file ../../data/clustal34_hmm_0.049-0.074.phy ... Phylip format detected
Alignment most likely contains protein sequences
WARNING: 19289 sites contain only gaps or ambiguous characters.
Alignment has 37 sequences with 62324 columns, 31797 distinct patterns
16551 parsimony-informative, 8848 singleton sites, 36925 constant sites
           Gap/Ambiguity  Composition  p-value
   1  Allox_ar    43.11%    passed     52.74%
   2  Andr_cur    41.18%    passed     31.78%
   3  Andr_gro    45.18%    passed      7.39%
   4  Andr_qln    42.76%    passed     67.07%
   5  Andr_qrm    46.17%    failed      0.05%
   6  Aula_tav    40.06%    passed     95.83%
   7  Aylax_hy    38.67%    passed     95.76%
   8  Beloc_tr    37.92%    passed     57.53%
   9  Bior_pal    68.35%    failed      0.76%
  10  Callas_no   50.35%    passed     10.75%
  11  Calli_sp    44.79%    passed     36.71%
  12  Cecin_ib    65.08%    failed      0.01%
  13  Cerop_ma    42.65%    passed     97.95%
  14  Diast_ki    43.81%    passed     99.30%
  15  Dipl_spi    40.86%    passed     15.89%
  16  Escha_ac    51.15%    failed      0.00%
  17  Gana_sp1    61.70%    passed     31.37%
  18  Hedic_le    42.42%    passed     99.91%
  19  Irae_his    59.92%    failed      1.40%
  20  Isoc_cen    41.56%    passed     99.40%
  21  Lepto_bo    42.53%    failed      0.00%
  22  Lepto_cl    43.84%    failed      0.00%
  23  Lepto_he    42.50%    failed      0.13%
  24  Parn_nig    45.70%    passed     99.86%
  25  Pedia_ac    44.57%    passed     89.88%
  26  Peric_JH    42.92%    passed     92.58%
  27  Phaen_vi    45.21%    passed     94.69%
  28  Phana_JH    55.83%    failed      0.00%
  29  Prot_spe    50.77%    failed      1.79%
  30  Qwaq_sco    42.55%    passed     64.99%
  31  Syne_gif    40.55%    passed     99.93%
  32  Syne_ito    39.34%    passed     94.80%
  33  Syne_jap    38.98%    passed     99.81%
  34  Syne_umb    38.94%    passed     98.65%
  35  Nasoniav    50.01%    failed      0.00%
  36  Orussusa    47.70%    failed      0.00%
  37  Micropld    48.60%    failed      0.00%
WARNING: 9 sequences contain more than 50% gaps/ambiguity
****  TOTAL       46.17%  13 sequences failed composition chi2 test (p-value<5%; df=19)

---> START RUN NUMBER 1 (seed: 146093)

Create initial parsimony tree by phylogenetic likelihood library (PLL)... 0.170 seconds
Generating 2000 samples for ultrafast bootstrap (seed: 146093)...
Model C60+I+G5 is alias for POISSON+G+FMIX{C60pi1:1:0.0169698865,C60pi2:1:0.0211683374,C60pi3:1:0.0276589079,C60pi4:1:0.0065675964,C60pi5:1:0.0141221416,C60pi6:1:0.0068774834,C60pi7:1:0.0146909701,C60pi8:1:0.0067225777,C60pi9:1:0.0018396660,C60pi10:1:0.0102547197,C60pi11:1:0.0230896163,C60pi12:1:0.0057941033,C60pi13:1:0.0125394534,C60pi14:1:0.0204526478,C60pi15:1:0.0070629602,C60pi16:1:0.0117982741,C60pi17:1:0.0068334668,C60pi18:1:0.0433775839,C60pi19:1:0.0318278731,C60pi20:1:0.0222546108,C60pi21:1:0.0102264969,C60pi22:1:0.0150545891,C60pi23:1:0.0134159878,C60pi24:1:0.0148552065,C60pi25:1:0.0239111516,C60pi26:1:0.0128776278,C60pi27:1:0.0222318842,C60pi28:1:0.0247444742,C60pi29:1:0.0214274810,C60pi30:1:0.0115001882,C60pi31:1:0.0076017389,C60pi32:1:0.0130258568,C60pi33:1:0.0093701965,C60pi34:1:0.0467194264,C60pi35:1:0.0441940314,C60pi36:1:0.0322263154,C60pi37:1:0.0402999891,C60pi38:1:0.0150234227,C60pi39:1:0.0104589903,C60pi40:1:0.0214742395,C60pi41:1:0.0154957836,C60pi42:1:0.0101789953,C60pi43:1:0.0227980379,C60pi44:1:0.0123204539,C60pi45:1:0.0066777583,C60pi46:1:0.0004150083,C60pi47:1:0.0344385130,C60pi48:1:0.0113663379,C60pi49:1:0.0127143049,C60pi50:1:0.0124323741,C60pi51:1:0.0262124415,C60pi52:1:0.0064994957,C60pi53:1:0.0103203293,C60pi54:1:0.0142463512,C60pi55:1:0.0215600067,C60pi56:1:0.0199150700,C60pi57:1:0.0038964200,C60pi58:1:0.0113448855,C60pi59:1:0.0128595846,C60pi60:1:0.0117656776}+I+G5

NOTE: 43897 MB RAM (42 GB) is required!
Estimate model parameters (epsilon = 0.100)
1. Initial log-likelihood: -651448.956
2. Current log-likelihood: -639501.641
3. Current log-likelihood: -639347.870
4. Current log-likelihood: -639329.026
5. Current log-likelihood: -639315.118
6. Current log-likelihood: -639304.815
7. Current log-likelihood: -639297.188
8. Current log-likelihood: -639291.463
9. Current log-likelihood: -639286.926
10. Current log-likelihood: -639283.317
11. Current log-likelihood: -639280.420
12. Current log-likelihood: -639278.073
13. Current log-likelihood: -639276.157
14. Current log-likelihood: -639274.673
15. Current log-likelihood: -639273.324
16. Current log-likelihood: -639272.293
17. Current log-likelihood: -639271.420
18. Current log-likelihood: -639270.676
19. Current log-likelihood: -639270.040
20. Current log-likelihood: -639269.498
21. Current log-likelihood: -639269.034
22. Current log-likelihood: -639268.637
23. Current log-likelihood: -639268.296
24. Current log-likelihood: -639268.002
25. Current log-likelihood: -639267.750
26. Current log-likelihood: -639267.532
27. Current log-likelihood: -639267.344
28. Current log-likelihood: -639267.181
29. Current log-likelihood: -639267.059
30. Current log-likelihood: -639266.930
Optimal log-likelihood: -639266.826
Mixture weights: 0.017 0.021 0.028 0.007 0.014 0.007 0.015 0.007 0.002 0.010 0.023 0.006 0.013 0.020 0.007 0.012 0.007 0.043 0.032 0.022 0.010 0.015 0.013 0.015 0.024 0.013 0.022 0.025 0.021 0.011 0.008 0.013 0.009 0.047 0.044 0.032 0.040 0.015 0.010 0.021 0.015 0.010 0.023 0.012 0.007 0.001 0.034 0.011 0.013 0.012 0.026 0.006 0.010 0.014 0.022 0.020 0.004 0.011 0.013 0.012
Proportion of invariable sites: 0.205
Gamma shape alpha: 0.728
Parameters optimization took 30 rounds (659.012 sec)
Computing ML distances based on estimated model parameters... 0.980 sec
Computing BIONJ tree...
0.001 seconds
Log-likelihood of BIONJ tree: -639218.868
--------------------------------------------------------------------
|             INITIALIZING CANDIDATE TREE SET                      |
--------------------------------------------------------------------
Generating 98 parsimony trees... 18.605 second
Computing log-likelihood of 98 initial trees ... 1480.432 seconds
Current best score: -639218.868

Do NNI search on 20 best initial trees
Estimate model parameters (epsilon = 0.100)
BETTER TREE FOUND at iteration 1: -639113.219
Iteration 10 / LogL: -639114.205 / Time: 0h:53m:50s
Iteration 20 / LogL: -639121.557 / Time: 1h:14m:33s
Finish initializing candidate tree set (2)
Current best tree score: -639113.219 / CPU time: 3747.418
Number of iterations: 20
--------------------------------------------------------------------
|               OPTIMIZING CANDIDATE TREE SET                      |
--------------------------------------------------------------------
Iteration 30 / LogL: -639115.578 / Time: 1h:43m:11s (4h:12m:37s left)
Iteration 40 / LogL: -639114.406 / Time: 2h:10m:27s (3h:24m:2s left)
Iteration 50 / LogL: -639113.458 / Time: 2h:37m:30s (2h:43m:56s left)
Log-likelihood cutoff on original alignment: -639189.788
Iteration 60 / LogL: -639118.806 / Time: 3h:1m:16s (2h:5m:58s left)
Iteration 70 / LogL: -639115.025 / Time: 3h:27m:43s (1h:33m:19s left)
Iteration 80 / LogL: -639115.132 / Time: 3h:54m:29s (1h:2m:19s left)
Iteration 90 / LogL: -639113.562 / Time: 4h:18m:54s (0h:31m:59s left)
Iteration 100 / LogL: -639181.110 / Time: 4h:44m:6s (0h:2m:52s left)
Log-likelihood cutoff on original alignment: -639189.788
NOTE: Bootstrap correlation coefficient of split occurrence frequencies: 1.000
TREE SEARCH COMPLETED AFTER 102 ITERATIONS / Time: 4h:49m:11s

--------------------------------------------------------------------
|                    FINALIZING TREE SEARCH                        |
--------------------------------------------------------------------
Performs final model parameters optimization
Estimate model parameters (epsilon = 0.010)
1. Initial log-likelihood: -639113.219
2. Current log-likelihood: -639113.157
3. Current log-likelihood: -639113.089
4. Current log-likelihood: -639113.037
5. Current log-likelihood: -639112.991
6. Current log-likelihood: -639112.951
7. Current log-likelihood: -639112.914
8. Current log-likelihood: -639112.882
9. Current log-likelihood: -639112.853
10. Current log-likelihood: -639112.835
11. Current log-likelihood: -639112.813
12. Current log-likelihood: -639112.792
13. Current log-likelihood: -639112.780
14. Current log-likelihood: -639112.763
Optimal log-likelihood: -639112.754
Mixture weights: 0.017 0.021 0.028 0.007 0.014 0.007 0.015 0.007 0.002 0.010 0.023 0.006 0.013 0.020 0.007 0.012 0.007 0.043 0.032 0.022 0.010 0.015 0.013 0.015 0.024 0.013 0.022 0.025 0.021 0.011 0.008 0.013 0.009 0.047 0.044 0.032 0.040 0.015 0.010 0.021 0.015 0.010 0.023 0.012 0.007 0.001 0.034 0.011 0.013 0.012 0.026 0.006 0.010 0.014 0.022 0.020 0.004 0.011 0.013 0.012
Proportion of invariable sites: 0.199
Gamma shape alpha: 0.714
Parameters optimization took 14 rounds (222.639 sec)
BEST SCORE FOUND : -639112.754
Creating bootstrap support values...
Split supports printed to NEXUS file iq_clustal34_hmm_0.049-0.074_C60_I_G5.splits.nex
Total tree length: 4.742

Total number of iterations: 102
CPU time used for tree search: 529232.116 sec (147h:0m:32s)
Wall-clock time used for tree search: 16625.145 sec (4h:37m:5s)
Total CPU time used: 559432.736 sec (155h:23m:52s)
Total wall-clock time used: 17575.037 sec (4h:52m:55s)

Computing bootstrap consensus tree...
Reading input file iq_clustal34_hmm_0.049-0.074_C60_I_G5.splits.nex...
37 taxa and 92 splits.
Consensus tree written to iq_clustal34_hmm_0.049-0.074_C60_I_G5.contree
Reading input trees file iq_clustal34_hmm_0.049-0.074_C60_I_G5.contree
Log-likelihood of consensus tree: -639112.753

---> START RUN NUMBER 2 (seed: 147093)

Create initial parsimony tree by phylogenetic likelihood library (PLL)... 0.156 seconds
Generating 2000 samples for ultrafast bootstrap (seed: 147093)...
Model C60+I+G5 is alias for POISSON+G+FMIX{C60pi1:1:0.0169698865,C60pi2:1:0.0211683374,C60pi3:1:0.0276589079,C60pi4:1:0.0065675964,C60pi5:1:0.0141221416,C60pi6:1:0.0068774834,C60pi7:1:0.0146909701,C60pi8:1:0.0067225777,C60pi9:1:0.0018396660,C60pi10:1:0.0102547197,C60pi11:1:0.0230896163,C60pi12:1:0.0057941033,C60pi13:1:0.0125394534,C60pi14:1:0.0204526478,C60pi15:1:0.0070629602,C60pi16:1:0.0117982741,C60pi17:1:0.0068334668,C60pi18:1:0.0433775839,C60pi19:1:0.0318278731,C60pi20:1:0.0222546108,C60pi21:1:0.0102264969,C60pi22:1:0.0150545891,C60pi23:1:0.0134159878,C60pi24:1:0.0148552065,C60pi25:1:0.0239111516,C60pi26:1:0.0128776278,C60pi27:1:0.0222318842,C60pi28:1:0.0247444742,C60pi29:1:0.0214274810,C60pi30:1:0.0115001882,C60pi31:1:0.0076017389,C60pi32:1:0.0130258568,C60pi33:1:0.0093701965,C60pi34:1:0.0467194264,C60pi35:1:0.0441940314,C60pi36:1:0.0322263154,C60pi37:1:0.0402999891,C60pi38:1:0.0150234227,C60pi39:1:0.0104589903,C60pi40:1:0.0214742395,C60pi41:1:0.0154957836,C60pi42:1:0.0101789953,C60pi43:1:0.0227980379,C60pi44:1:0.0123204539,C60pi45:1:0.0066777583,C60pi46:1:0.0004150083,C60pi47:1:0.0344385130,C60pi48:1:0.0113663379,C60pi49:1:0.0127143049,C60pi50:1:0.0124323741,C60pi51:1:0.0262124415,C60pi52:1:0.0064994957,C60pi53:1:0.0103203293,C60pi54:1:0.0142463512,C60pi55:1:0.0215600067,C60pi56:1:0.0199150700,C60pi57:1:0.0038964200,C60pi58:1:0.0113448855,C60pi59:1:0.0128595846,C60pi60:1:0.0117656776}+I+G5

NOTE: 43897 MB RAM (42 GB) is required!
Estimate model parameters (epsilon = 0.100)
1. Initial log-likelihood: -651448.956
2. Current log-likelihood: -639501.641
3. Current log-likelihood: -639347.870
4. Current log-likelihood: -639329.026
5. Current log-likelihood: -639315.118
6. Current log-likelihood: -639304.815
7. Current log-likelihood: -639297.188
8. Current log-likelihood: -639291.463
9. Current log-likelihood: -639286.926
10. Current log-likelihood: -639283.317
11. Current log-likelihood: -639280.420
12. Current log-likelihood: -639278.073
13. Current log-likelihood: -639276.157
14. Current log-likelihood: -639274.673
15. Current log-likelihood: -639273.324
16. Current log-likelihood: -639272.293
17. Current log-likelihood: -639271.420
18. Current log-likelihood: -639270.676
19. Current log-likelihood: -639270.040
20. Current log-likelihood: -639269.498
21. Current log-likelihood: -639269.034
22. Current log-likelihood: -639268.637
23. Current log-likelihood: -639268.296
24. Current log-likelihood: -639268.002
25. Current log-likelihood: -639267.750
26. Current log-likelihood: -639267.532
27. Current log-likelihood: -639267.344
28. Current log-likelihood: -639267.181
29. Current log-likelihood: -639267.059
30. Current log-likelihood: -639266.930
Optimal log-likelihood: -639266.826
Mixture weights: 0.017 0.021 0.028 0.007 0.014 0.007 0.015 0.007 0.002 0.010 0.023 0.006 0.013 0.020 0.007 0.012 0.007 0.043 0.032 0.022 0.010 0.015 0.013 0.015 0.024 0.013 0.022 0.025 0.021 0.011 0.008 0.013 0.009 0.047 0.044 0.032 0.040 0.015 0.010 0.021 0.015 0.010 0.023 0.012 0.007 0.001 0.034 0.011 0.013 0.012 0.026 0.006 0.010 0.014 0.022 0.020 0.004 0.011 0.013 0.012
Proportion of invariable sites: 0.205
Gamma shape alpha: 0.728
Parameters optimization took 30 rounds (661.064 sec)
Computing ML distances based on estimated model parameters... 1.022 sec
Computing BIONJ tree...
0.001 seconds
Log-likelihood of BIONJ tree: -639218.868
--------------------------------------------------------------------
|             INITIALIZING CANDIDATE TREE SET                      |
--------------------------------------------------------------------
Generating 98 parsimony trees... 18.270 second
Computing log-likelihood of 98 initial trees ... 1488.846 seconds
Current best score: -639218.868

Do NNI search on 20 best initial trees
Estimate model parameters (epsilon = 0.100)
BETTER TREE FOUND at iteration 1: -639113.219
Iteration 10 / LogL: -639114.163 / Time: 0h:54m:17s
Iteration 20 / LogL: -639114.253 / Time: 1h:17m:29s
Finish initializing candidate tree set (2)
Current best tree score: -639113.219 / CPU time: 3922.142
Number of iterations: 20
--------------------------------------------------------------------
|               OPTIMIZING CANDIDATE TREE SET                      |
--------------------------------------------------------------------
Iteration 30 / LogL: -639115.838 / Time: 1h:41m:13s (4h:7m:49s left)
Iteration 40 / LogL: -639114.303 / Time: 2h:6m:16s (3h:17m:29s left)
Iteration 50 / LogL: -639114.468 / Time: 2h:32m:8s (2h:38m:21s left)
Log-likelihood cutoff on original alignment: -639188.907
Iteration 60 / LogL: -639113.795 / Time: 2h:54m:9s (2h:1m:1s left)
Iteration 70 / LogL: -639116.583 / Time: 3h:16m:1s (1h:28m:4s left)
Iteration 80 / LogL: -639165.749 / Time: 3h:42m:4s (0h:59m:1s left)
Iteration 90 / LogL: -639116.643 / Time: 4h:8m:55s (0h:30m:45s left)
Iteration 100 / LogL: -639182.611 / Time: 4h:34m:1s (0h:2m:46s left)
Log-likelihood cutoff on original alignment: -639185.830
NOTE: Bootstrap correlation coefficient of split occurrence frequencies: 1.000
TREE SEARCH COMPLETED AFTER 102 ITERATIONS / Time: 4h:38m:54s

--------------------------------------------------------------------
|                    FINALIZING TREE SEARCH                        |
--------------------------------------------------------------------
Performs final model parameters optimization
Estimate model parameters (epsilon = 0.010)
1. Initial log-likelihood: -639113.219
2. Current log-likelihood: -639113.157
3. Current log-likelihood: -639113.089
4. Current log-likelihood: -639113.037
5. Current log-likelihood: -639112.991
6. Current log-likelihood: -639112.951
7. Current log-likelihood: -639112.914
8. Current log-likelihood: -639112.882
9. Current log-likelihood: -639112.853
10. Current log-likelihood: -639112.835
11. Current log-likelihood: -639112.813
12. Current log-likelihood: -639112.792
13. Current log-likelihood: -639112.780
14. Current log-likelihood: -639112.763
Optimal log-likelihood: -639112.754
Mixture weights: 0.017 0.021 0.028 0.007 0.014 0.007 0.015 0.007 0.002 0.010 0.023 0.006 0.013 0.020 0.007 0.012 0.007 0.043 0.032 0.022 0.010 0.015 0.013 0.015 0.024 0.013 0.022 0.025 0.021 0.011 0.008 0.013 0.009 0.047 0.044 0.032 0.040 0.015 0.010 0.021 0.015 0.010 0.023 0.012 0.007 0.001 0.034 0.011 0.013 0.012 0.026 0.006 0.010 0.014 0.022 0.020 0.004 0.011 0.013 0.012
Proportion of invariable sites: 0.199
Gamma shape alpha: 0.714
Parameters optimization took 14 rounds (221.851 sec)
BEST SCORE FOUND : -639112.754
Creating bootstrap support values...
Split supports printed to NEXUS file iq_clustal34_hmm_0.049-0.074_C60_I_G5.splits.nex
Total tree length: 4.742

Total number of iterations: 102
CPU time used for tree search: 509518.606 sec (141h:31m:58s)
Wall-clock time used for tree search: 16006.483 sec (4h:26m:46s)
Total CPU time used: 539762.167 sec (149h:56m:2s)
Total wall-clock time used: 16957.617 sec (4h:42m:37s)

Computing bootstrap consensus tree...
Reading input file iq_clustal34_hmm_0.049-0.074_C60_I_G5.splits.nex...
37 taxa and 92 splits.
Consensus tree written to iq_clustal34_hmm_0.049-0.074_C60_I_G5.contree
Reading input trees file iq_clustal34_hmm_0.049-0.074_C60_I_G5.contree
Log-likelihood of consensus tree: -639112.753

---> SUMMARIZE RESULTS FROM 2 RUNS

Run 1 gave best log-likelihood: -639112.754
Model C60+I+G5 is alias for POISSON+G+FMIX{C60pi1:1:0.0169698865,C60pi2:1:0.0211683374,C60pi3:1:0.0276589079,C60pi4:1:0.0065675964,C60pi5:1:0.0141221416,C60pi6:1:0.0068774834,C60pi7:1:0.0146909701,C60pi8:1:0.0067225777,C60pi9:1:0.0018396660,C60pi10:1:0.0102547197,C60pi11:1:0.0230896163,C60pi12:1:0.0057941033,C60pi13:1:0.0125394534,C60pi14:1:0.0204526478,C60pi15:1:0.0070629602,C60pi16:1:0.0117982741,C60pi17:1:0.0068334668,C60pi18:1:0.0433775839,C60pi19:1:0.0318278731,C60pi20:1:0.0222546108,C60pi21:1:0.0102264969,C60pi22:1:0.0150545891,C60pi23:1:0.0134159878,C60pi24:1:0.0148552065,C60pi25:1:0.0239111516,C60pi26:1:0.0128776278,C60pi27:1:0.0222318842,C60pi28:1:0.0247444742,C60pi29:1:0.0214274810,C60pi30:1:0.0115001882,C60pi31:1:0.0076017389,C60pi32:1:0.0130258568,C60pi33:1:0.0093701965,C60pi34:1:0.0467194264,C60pi35:1:0.0441940314,C60pi36:1:0.0322263154,C60pi37:1:0.0402999891,C60pi38:1:0.0150234227,C60pi39:1:0.0104589903,C60pi40:1:0.0214742395,C60pi41:1:0.0154957836,C60pi42:1:0.0101789953,C60pi43:1:0.0227980379,C60pi44:1:0.0123204539,C60pi45:1:0.0066777583,C60pi46:1:0.0004150083,C60pi47:1:0.0344385130,C60pi48:1:0.0113663379,C60pi49:1:0.0127143049,C60pi50:1:0.0124323741,C60pi51:1:0.0262124415,C60pi52:1:0.0064994957,C60pi53:1:0.0103203293,C60pi54:1:0.0142463512,C60pi55:1:0.0215600067,C60pi56:1:0.0199150700,C60pi57:1:0.0038964200,C60pi58:1:0.0113448855,C60pi59:1:0.0128595846,C60pi60:1:0.0117656776}+I+G5
Split supports printed to NEXUS file iq_clustal34_hmm_0.049-0.074_C60_I_G5.splits.nex
Consensus tree written to iq_clustal34_hmm_0.049-0.074_C60_I_G5.contree
Total CPU time for 2 runs: 1103788.889 seconds.
Total wall-clock time for 2 runs: 34676.876 seconds.


Analysis results written to: 
  IQ-TREE report:                iq_clustal34_hmm_0.049-0.074_C60_I_G5.iqtree
  Maximum-likelihood tree:       iq_clustal34_hmm_0.049-0.074_C60_I_G5.treefile
  Trees from independent runs:   iq_clustal34_hmm_0.049-0.074_C60_I_G5.runtrees
  Likelihood distances:          iq_clustal34_hmm_0.049-0.074_C60_I_G5.mldist

Ultrafast bootstrap approximation results written to:
  Split support values:          iq_clustal34_hmm_0.049-0.074_C60_I_G5.splits.nex
  Consensus tree:                iq_clustal34_hmm_0.049-0.074_C60_I_G5.contree
  Screen log file:               iq_clustal34_hmm_0.049-0.074_C60_I_G5.log

Date and Time: Tue Apr 27 14:19:12 2021
