IQ-TREE multicore version 1.6.12 for Linux 64-bit built Aug 15 2019
Developed by Bui Quang Minh, Nguyen Lam Tung, Olga Chernomor,
Heiko Schmidt, Dominik Schrempf, Michael Woodhams.

Host:    n1703 (AVX512, FMA3, 93 GB RAM)
Command: ../../iqtree-1.6.12-Linux/bin/iqtree -s ../../data/allgaps34_od0.phy -nt 32 -m C60+I+G5 -pre iq_34_od0_C60_I_G5 --runs 2 -bb 2000
Seed:    810404 (Using SPRNG - Scalable Parallel Random Number Generator)
Time:    Sun Apr 11 03:06:04 2021
Kernel:  AVX+FMA - 32 threads (32 CPU cores detected)

Reading alignment file ../../data/allgaps34_od0.phy ... Phylip format detected
Alignment most likely contains protein sequences
Alignment has 37 sequences with 2943 columns, 1594 distinct patterns
852 parsimony-informative, 499 singleton sites, 1592 constant sites
           Gap/Ambiguity  Composition  p-value
   1  Allox_ar     0.03%    passed    100.00%
   2  Andr_cur     0.00%    passed    100.00%
   3  Andr_gro     5.67%    passed    100.00%
   4  Andr_qln     0.00%    passed    100.00%
   5  Andr_qrm     0.00%    passed    100.00%
   6  Aula_tav     2.89%    passed    100.00%
   7  Aylax_hy     0.00%    passed    100.00%
   8  Beloc_tr     0.03%    passed    100.00%
   9  Bior_pal    72.48%    passed     30.62%
  10  Callas_no    0.03%    passed    100.00%
  11  Calli_sp     0.00%    passed    100.00%
  12  Cecin_ib    12.78%    passed     97.48%
  13  Cerop_ma     0.00%    passed    100.00%
  14  Diast_ki     0.00%    passed    100.00%
  15  Dipl_spi     9.58%    passed    100.00%
  16  Escha_ac     0.00%    passed     95.86%
  17  Gana_sp1    48.49%    passed     91.83%
  18  Hedic_le     0.00%    passed    100.00%
  19  Irae_his    37.38%    passed     78.91%
  20  Isoc_cen     0.00%    passed    100.00%
  21  Lepto_bo     0.00%    passed     99.99%
  22  Lepto_cl     5.61%    passed     99.94%
  23  Lepto_he     0.03%    passed     99.99%
  24  Parn_nig     4.28%    passed    100.00%
  25  Pedia_ac     0.00%    passed    100.00%
  26  Peric_JH     6.97%    passed     99.92%
  27  Phaen_vi     0.00%    passed    100.00%
  28  Phana_JH     0.00%    passed    100.00%
  29  Prot_spe     0.03%    passed    100.00%
  30  Qwaq_sco     0.00%    passed    100.00%
  31  Syne_gif     0.00%    passed    100.00%
  32  Syne_ito     0.00%    passed    100.00%
  33  Syne_jap     0.00%    passed    100.00%
  34  Syne_umb     0.00%    passed    100.00%
  35  Nasoniav     0.00%    passed     99.97%
  36  Orussusa     0.03%    passed     98.66%
  37  Micropld     0.03%    passed     97.44%
WARNING: 1 sequences contain more than 50% gaps/ambiguity
****  TOTAL        5.58%  0 sequences failed composition chi2 test (p-value<5%; df=19)

---> START RUN NUMBER 1 (seed: 810404)

Create initial parsimony tree by phylogenetic likelihood library (PLL)... 0.014 seconds
Generating 2000 samples for ultrafast bootstrap (seed: 810404)...
Model C60+I+G5 is alias for POISSON+G+FMIX{C60pi1:1:0.0169698865,C60pi2:1:0.0211683374,C60pi3:1:0.0276589079,C60pi4:1:0.0065675964,C60pi5:1:0.0141221416,C60pi6:1:0.0068774834,C60pi7:1:0.0146909701,C60pi8:1:0.0067225777,C60pi9:1:0.0018396660,C60pi10:1:0.0102547197,C60pi11:1:0.0230896163,C60pi12:1:0.0057941033,C60pi13:1:0.0125394534,C60pi14:1:0.0204526478,C60pi15:1:0.0070629602,C60pi16:1:0.0117982741,C60pi17:1:0.0068334668,C60pi18:1:0.0433775839,C60pi19:1:0.0318278731,C60pi20:1:0.0222546108,C60pi21:1:0.0102264969,C60pi22:1:0.0150545891,C60pi23:1:0.0134159878,C60pi24:1:0.0148552065,C60pi25:1:0.0239111516,C60pi26:1:0.0128776278,C60pi27:1:0.0222318842,C60pi28:1:0.0247444742,C60pi29:1:0.0214274810,C60pi30:1:0.0115001882,C60pi31:1:0.0076017389,C60pi32:1:0.0130258568,C60pi33:1:0.0093701965,C60pi34:1:0.0467194264,C60pi35:1:0.0441940314,C60pi36:1:0.0322263154,C60pi37:1:0.0402999891,C60pi38:1:0.0150234227,C60pi39:1:0.0104589903,C60pi40:1:0.0214742395,C60pi41:1:0.0154957836,C60pi42:1:0.0101789953,C60pi43:1:0.0227980379,C60pi44:1:0.0123204539,C60pi45:1:0.0066777583,C60pi46:1:0.0004150083,C60pi47:1:0.0344385130,C60pi48:1:0.0113663379,C60pi49:1:0.0127143049,C60pi50:1:0.0124323741,C60pi51:1:0.0262124415,C60pi52:1:0.0064994957,C60pi53:1:0.0103203293,C60pi54:1:0.0142463512,C60pi55:1:0.0215600067,C60pi56:1:0.0199150700,C60pi57:1:0.0038964200,C60pi58:1:0.0113448855,C60pi59:1:0.0128595846,C60pi60:1:0.0117656776}+I+G5

NOTE: 2230 MB RAM (2 GB) is required!
Estimate model parameters (epsilon = 0.100)
1. Initial log-likelihood: -37245.372
2. Current log-likelihood: -36814.297
3. Current log-likelihood: -36807.885
4. Current log-likelihood: -36807.461
5. Current log-likelihood: -36807.095
6. Current log-likelihood: -36806.773
7. Current log-likelihood: -36806.493
8. Current log-likelihood: -36806.251
9. Current log-likelihood: -36806.042
10. Current log-likelihood: -36805.867
11. Current log-likelihood: -36805.718
12. Current log-likelihood: -36805.593
13. Current log-likelihood: -36805.487
Optimal log-likelihood: -36805.383
Mixture weights: 0.017 0.021 0.028 0.007 0.014 0.007 0.015 0.007 0.002 0.010 0.023 0.006 0.013 0.020 0.007 0.012 0.007 0.043 0.032 0.022 0.010 0.015 0.013 0.015 0.024 0.013 0.022 0.025 0.021 0.011 0.008 0.013 0.009 0.047 0.044 0.032 0.040 0.015 0.010 0.021 0.015 0.010 0.023 0.012 0.007 0.001 0.034 0.011 0.013 0.012 0.026 0.006 0.010 0.014 0.022 0.020 0.004 0.011 0.013 0.012
Proportion of invariable sites: 0.329
Gamma shape alpha: 0.519
Parameters optimization took 13 rounds (14.683 sec)
Computing ML distances based on estimated model parameters... 0.391 sec
Computing BIONJ tree...
0.002 seconds
Log-likelihood of BIONJ tree: -36963.082
--------------------------------------------------------------------
|             INITIALIZING CANDIDATE TREE SET                      |
--------------------------------------------------------------------
Generating 98 parsimony trees... 1.156 second
Computing log-likelihood of 98 initial trees ... 83.156 seconds
Current best score: -36794.923

Do NNI search on 20 best initial trees
Estimate model parameters (epsilon = 0.100)
BETTER TREE FOUND at iteration 1: -36776.479
UPDATE BEST LOG-LIKELIHOOD: -36776.475
Iteration 10 / LogL: -36776.593 / Time: 0h:2m:41s
Iteration 20 / LogL: -36776.482 / Time: 0h:3m:44s
Finish initializing candidate tree set (1)
Current best tree score: -36776.475 / CPU time: 206.251
Number of iterations: 20
--------------------------------------------------------------------
|               OPTIMIZING CANDIDATE TREE SET                      |
--------------------------------------------------------------------
UPDATE BEST LOG-LIKELIHOOD: -36776.472
Iteration 30 / LogL: -36776.478 / Time: 0h:5m:7s (0h:12m:33s left)
UPDATE BEST LOG-LIKELIHOOD: -36776.470
Iteration 40 / LogL: -36776.487 / Time: 0h:6m:54s (0h:10m:48s left)
Iteration 50 / LogL: -36776.536 / Time: 0h:8m:24s (0h:8m:45s left)
Log-likelihood cutoff on original alignment: -36824.266
Iteration 60 / LogL: -36778.602 / Time: 0h:9m:49s (0h:6m:49s left)
Iteration 70 / LogL: -36776.791 / Time: 0h:11m:13s (0h:5m:2s left)
Iteration 80 / LogL: -36776.561 / Time: 0h:12m:49s (0h:3m:24s left)
Iteration 90 / LogL: -36776.482 / Time: 0h:14m:20s (0h:1m:46s left)
Iteration 100 / LogL: -36776.729 / Time: 0h:15m:51s (0h:0m:9s left)
Log-likelihood cutoff on original alignment: -36824.266
NOTE: Bootstrap correlation coefficient of split occurrence frequencies: 0.998
TREE SEARCH COMPLETED AFTER 102 ITERATIONS / Time: 0h:16m:10s

--------------------------------------------------------------------
|                    FINALIZING TREE SEARCH                        |
--------------------------------------------------------------------
Performs final model parameters optimization
Estimate model parameters (epsilon = 0.010)
1. Initial log-likelihood: -36776.470
2. Current log-likelihood: -36776.403
3. Current log-likelihood: -36776.354
4. Current log-likelihood: -36776.314
5. Current log-likelihood: -36776.280
6. Current log-likelihood: -36776.252
7. Current log-likelihood: -36776.229
8. Current log-likelihood: -36776.209
9. Current log-likelihood: -36776.193
10. Current log-likelihood: -36776.181
11. Current log-likelihood: -36776.170
Optimal log-likelihood: -36776.159
Mixture weights: 0.017 0.021 0.028 0.007 0.014 0.007 0.015 0.007 0.002 0.010 0.023 0.006 0.013 0.020 0.007 0.012 0.007 0.043 0.032 0.022 0.010 0.015 0.013 0.015 0.024 0.013 0.022 0.025 0.021 0.011 0.008 0.013 0.009 0.047 0.044 0.032 0.040 0.015 0.010 0.021 0.015 0.010 0.023 0.012 0.007 0.001 0.034 0.011 0.013 0.012 0.026 0.006 0.010 0.014 0.022 0.020 0.004 0.011 0.013 0.012
Proportion of invariable sites: 0.345
Gamma shape alpha: 0.547
Parameters optimization took 11 rounds (10.682 sec)
BEST SCORE FOUND : -36776.159
Creating bootstrap support values...
Split supports printed to NEXUS file iq_34_od0_C60_I_G5.splits.nex
Total tree length: 2.956

Total number of iterations: 102
CPU time used for tree search: 30176.676 sec (8h:22m:56s)
Wall-clock time used for tree search: 952.117 sec (0h:15m:52s)
Total CPU time used: 31114.280 sec (8h:38m:34s)
Total wall-clock time used: 981.704 sec (0h:16m:21s)

Computing bootstrap consensus tree...
Reading input file iq_34_od0_C60_I_G5.splits.nex...
37 taxa and 192 splits.
Consensus tree written to iq_34_od0_C60_I_G5.contree
Reading input trees file iq_34_od0_C60_I_G5.contree
Log-likelihood of consensus tree: -36776.160

---> START RUN NUMBER 2 (seed: 811404)

Create initial parsimony tree by phylogenetic likelihood library (PLL)... 0.016 seconds
Generating 2000 samples for ultrafast bootstrap (seed: 811404)...
Model C60+I+G5 is alias for POISSON+G+FMIX{C60pi1:1:0.0169698865,C60pi2:1:0.0211683374,C60pi3:1:0.0276589079,C60pi4:1:0.0065675964,C60pi5:1:0.0141221416,C60pi6:1:0.0068774834,C60pi7:1:0.0146909701,C60pi8:1:0.0067225777,C60pi9:1:0.0018396660,C60pi10:1:0.0102547197,C60pi11:1:0.0230896163,C60pi12:1:0.0057941033,C60pi13:1:0.0125394534,C60pi14:1:0.0204526478,C60pi15:1:0.0070629602,C60pi16:1:0.0117982741,C60pi17:1:0.0068334668,C60pi18:1:0.0433775839,C60pi19:1:0.0318278731,C60pi20:1:0.0222546108,C60pi21:1:0.0102264969,C60pi22:1:0.0150545891,C60pi23:1:0.0134159878,C60pi24:1:0.0148552065,C60pi25:1:0.0239111516,C60pi26:1:0.0128776278,C60pi27:1:0.0222318842,C60pi28:1:0.0247444742,C60pi29:1:0.0214274810,C60pi30:1:0.0115001882,C60pi31:1:0.0076017389,C60pi32:1:0.0130258568,C60pi33:1:0.0093701965,C60pi34:1:0.0467194264,C60pi35:1:0.0441940314,C60pi36:1:0.0322263154,C60pi37:1:0.0402999891,C60pi38:1:0.0150234227,C60pi39:1:0.0104589903,C60pi40:1:0.0214742395,C60pi41:1:0.0154957836,C60pi42:1:0.0101789953,C60pi43:1:0.0227980379,C60pi44:1:0.0123204539,C60pi45:1:0.0066777583,C60pi46:1:0.0004150083,C60pi47:1:0.0344385130,C60pi48:1:0.0113663379,C60pi49:1:0.0127143049,C60pi50:1:0.0124323741,C60pi51:1:0.0262124415,C60pi52:1:0.0064994957,C60pi53:1:0.0103203293,C60pi54:1:0.0142463512,C60pi55:1:0.0215600067,C60pi56:1:0.0199150700,C60pi57:1:0.0038964200,C60pi58:1:0.0113448855,C60pi59:1:0.0128595846,C60pi60:1:0.0117656776}+I+G5

NOTE: 2230 MB RAM (2 GB) is required!
Estimate model parameters (epsilon = 0.100)
1. Initial log-likelihood: -37248.108
2. Current log-likelihood: -36813.417
3. Current log-likelihood: -36806.612
4. Current log-likelihood: -36806.166
5. Current log-likelihood: -36805.793
6. Current log-likelihood: -36805.466
7. Current log-likelihood: -36805.182
8. Current log-likelihood: -36804.935
9. Current log-likelihood: -36804.724
10. Current log-likelihood: -36804.544
11. Current log-likelihood: -36804.392
12. Current log-likelihood: -36804.264
13. Current log-likelihood: -36804.156
Optimal log-likelihood: -36804.049
Mixture weights: 0.017 0.021 0.028 0.007 0.014 0.007 0.015 0.007 0.002 0.010 0.023 0.006 0.013 0.020 0.007 0.012 0.007 0.043 0.032 0.022 0.010 0.015 0.013 0.015 0.024 0.013 0.022 0.025 0.021 0.011 0.008 0.013 0.009 0.047 0.044 0.032 0.040 0.015 0.010 0.021 0.015 0.010 0.023 0.012 0.007 0.001 0.034 0.011 0.013 0.012 0.026 0.006 0.010 0.014 0.022 0.020 0.004 0.011 0.013 0.012
Proportion of invariable sites: 0.330
Gamma shape alpha: 0.521
Parameters optimization took 13 rounds (14.623 sec)
Computing ML distances based on estimated model parameters... 0.413 sec
Computing BIONJ tree...
0.001 seconds
Log-likelihood of BIONJ tree: -36963.025
--------------------------------------------------------------------
|             INITIALIZING CANDIDATE TREE SET                      |
--------------------------------------------------------------------
Generating 98 parsimony trees... 1.169 second
Computing log-likelihood of 98 initial trees ... 83.159 seconds
Current best score: -36793.762

Do NNI search on 20 best initial trees
Estimate model parameters (epsilon = 0.100)
BETTER TREE FOUND at iteration 1: -36776.438
UPDATE BEST LOG-LIKELIHOOD: -36776.435
Iteration 10 / LogL: -36776.569 / Time: 0h:2m:41s
Iteration 20 / LogL: -36776.585 / Time: 0h:3m:43s
Finish initializing candidate tree set (1)
Current best tree score: -36776.435 / CPU time: 204.759
Number of iterations: 20
--------------------------------------------------------------------
|               OPTIMIZING CANDIDATE TREE SET                      |
--------------------------------------------------------------------
Iteration 30 / LogL: -36776.644 / Time: 0h:5m:18s (0h:12m:59s left)
UPDATE BEST LOG-LIKELIHOOD: -36776.429
Iteration 40 / LogL: -36776.532 / Time: 0h:6m:42s (0h:10m:28s left)
Iteration 50 / LogL: -36776.691 / Time: 0h:8m:13s (0h:8m:34s left)
Log-likelihood cutoff on original alignment: -36817.267
Iteration 60 / LogL: -36776.445 / Time: 0h:9m:43s (0h:6m:45s left)
Iteration 70 / LogL: -36776.924 / Time: 0h:11m:9s (0h:5m:0s left)
Iteration 80 / LogL: -36776.429 / Time: 0h:12m:45s (0h:3m:23s left)
Iteration 90 / LogL: -36776.857 / Time: 0h:14m:9s (0h:1m:44s left)
Iteration 100 / LogL: -36776.498 / Time: 0h:15m:37s (0h:0m:9s left)
Log-likelihood cutoff on original alignment: -36817.267
NOTE: Bootstrap correlation coefficient of split occurrence frequencies: 0.999
TREE SEARCH COMPLETED AFTER 102 ITERATIONS / Time: 0h:15m:56s

--------------------------------------------------------------------
|                    FINALIZING TREE SEARCH                        |
--------------------------------------------------------------------
Performs final model parameters optimization
Estimate model parameters (epsilon = 0.010)
1. Initial log-likelihood: -36776.429
2. Current log-likelihood: -36776.370
3. Current log-likelihood: -36776.327
4. Current log-likelihood: -36776.292
5. Current log-likelihood: -36776.262
6. Current log-likelihood: -36776.237
7. Current log-likelihood: -36776.216
8. Current log-likelihood: -36776.199
9. Current log-likelihood: -36776.185
10. Current log-likelihood: -36776.174
Optimal log-likelihood: -36776.162
Mixture weights: 0.017 0.021 0.028 0.007 0.014 0.007 0.015 0.007 0.002 0.010 0.023 0.006 0.013 0.020 0.007 0.012 0.007 0.043 0.032 0.022 0.010 0.015 0.013 0.015 0.024 0.013 0.022 0.025 0.021 0.011 0.008 0.013 0.009 0.047 0.044 0.032 0.040 0.015 0.010 0.021 0.015 0.010 0.023 0.012 0.007 0.001 0.034 0.011 0.013 0.012 0.026 0.006 0.010 0.014 0.022 0.020 0.004 0.011 0.013 0.012
Proportion of invariable sites: 0.345
Gamma shape alpha: 0.547
Parameters optimization took 10 rounds (9.758 sec)
BEST SCORE FOUND : -36776.162
Creating bootstrap support values...
Split supports printed to NEXUS file iq_34_od0_C60_I_G5.splits.nex
Total tree length: 2.956

Total number of iterations: 102
CPU time used for tree search: 29722.880 sec (8h:15m:22s)
Wall-clock time used for tree search: 937.762 sec (0h:15m:37s)
Total CPU time used: 30631.087 sec (8h:30m:31s)
Total wall-clock time used: 966.365 sec (0h:16m:6s)

Computing bootstrap consensus tree...
Reading input file iq_34_od0_C60_I_G5.splits.nex...
37 taxa and 184 splits.
Consensus tree written to iq_34_od0_C60_I_G5.contree
Reading input trees file iq_34_od0_C60_I_G5.contree
Log-likelihood of consensus tree: -36776.243

---> SUMMARIZE RESULTS FROM 2 RUNS

Run 1 gave best log-likelihood: -36776.159
Model C60+I+G5 is alias for POISSON+G+FMIX{C60pi1:1:0.0169698865,C60pi2:1:0.0211683374,C60pi3:1:0.0276589079,C60pi4:1:0.0065675964,C60pi5:1:0.0141221416,C60pi6:1:0.0068774834,C60pi7:1:0.0146909701,C60pi8:1:0.0067225777,C60pi9:1:0.0018396660,C60pi10:1:0.0102547197,C60pi11:1:0.0230896163,C60pi12:1:0.0057941033,C60pi13:1:0.0125394534,C60pi14:1:0.0204526478,C60pi15:1:0.0070629602,C60pi16:1:0.0117982741,C60pi17:1:0.0068334668,C60pi18:1:0.0433775839,C60pi19:1:0.0318278731,C60pi20:1:0.0222546108,C60pi21:1:0.0102264969,C60pi22:1:0.0150545891,C60pi23:1:0.0134159878,C60pi24:1:0.0148552065,C60pi25:1:0.0239111516,C60pi26:1:0.0128776278,C60pi27:1:0.0222318842,C60pi28:1:0.0247444742,C60pi29:1:0.0214274810,C60pi30:1:0.0115001882,C60pi31:1:0.0076017389,C60pi32:1:0.0130258568,C60pi33:1:0.0093701965,C60pi34:1:0.0467194264,C60pi35:1:0.0441940314,C60pi36:1:0.0322263154,C60pi37:1:0.0402999891,C60pi38:1:0.0150234227,C60pi39:1:0.0104589903,C60pi40:1:0.0214742395,C60pi41:1:0.0154957836,C60pi42:1:0.0101789953,C60pi43:1:0.0227980379,C60pi44:1:0.0123204539,C60pi45:1:0.0066777583,C60pi46:1:0.0004150083,C60pi47:1:0.0344385130,C60pi48:1:0.0113663379,C60pi49:1:0.0127143049,C60pi50:1:0.0124323741,C60pi51:1:0.0262124415,C60pi52:1:0.0064994957,C60pi53:1:0.0103203293,C60pi54:1:0.0142463512,C60pi55:1:0.0215600067,C60pi56:1:0.0199150700,C60pi57:1:0.0038964200,C60pi58:1:0.0113448855,C60pi59:1:0.0128595846,C60pi60:1:0.0117656776}+I+G5
Split supports printed to NEXUS file iq_34_od0_C60_I_G5.splits.nex
Consensus tree written to iq_34_od0_C60_I_G5.contree
Total CPU time for 2 runs: 61992.794 seconds.
Total wall-clock time for 2 runs: 1955.889 seconds.


Analysis results written to: 
  IQ-TREE report:                iq_34_od0_C60_I_G5.iqtree
  Maximum-likelihood tree:       iq_34_od0_C60_I_G5.treefile
  Trees from independent runs:   iq_34_od0_C60_I_G5.runtrees
  Likelihood distances:          iq_34_od0_C60_I_G5.mldist

Ultrafast bootstrap approximation results written to:
  Split support values:          iq_34_od0_C60_I_G5.splits.nex
  Consensus tree:                iq_34_od0_C60_I_G5.contree
  Screen log file:               iq_34_od0_C60_I_G5.log

Date and Time: Sun Apr 11 03:38:40 2021
