IQ-TREE multicore version 1.6.12 for Linux 64-bit built Aug 15 2019
Developed by Bui Quang Minh, Nguyen Lam Tung, Olga Chernomor,
Heiko Schmidt, Dominik Schrempf, Michael Woodhams.

Host:    n1498 (AVX512, FMA3, 93 GB RAM)
Command: ../../iqtree-1.6.12-Linux/bin/iqtree -s ../../data/clustal34_ag_lt0.26_no_escha.phy -nt 32 -m C60+I+G5 -pre iq_clustal34_ag_lt0.26_no_escha_C60_I_G5 --runs 2 -bb 2000
Seed:    728299 (Using SPRNG - Scalable Parallel Random Number Generator)
Time:    Fri Apr 30 22:24:20 2021
Kernel:  AVX+FMA - 32 threads (32 CPU cores detected)

Reading alignment file ../../data/clustal34_ag_lt0.26_no_escha.phy ... Phylip format detected
Alignment most likely contains protein sequences
WARNING: 77 sites contain only gaps or ambiguous characters.
Alignment has 36 sequences with 70412 columns, 45131 distinct patterns
24934 parsimony-informative, 16062 singleton sites, 29416 constant sites
           Gap/Ambiguity  Composition  p-value
   1  Allox_ar     3.90%    passed     47.84%
   2  Andr_cur     4.15%    passed     90.64%
   3  Andr_gro     7.49%    passed     80.26%
   4  Andr_qln     3.98%    passed     99.89%
   5  Andr_qrm    11.74%    passed     27.68%
   6  Aula_tav     3.53%    passed     99.22%
   7  Aylax_hy     3.64%    passed     99.72%
   8  Beloc_tr     3.95%    passed     89.72%
   9  Bior_pal    57.87%    failed      3.02%
  10  Callas_no   13.95%    passed     94.40%
  11  Calli_sp     6.22%    passed     85.30%
  12  Cecin_ib    27.98%    failed      0.16%
  13  Cerop_ma     6.29%    passed     99.97%
  14  Diast_ki     6.22%    passed    100.00%
  15  Dipl_spi     6.09%    passed     81.98%
  16  Gana_sp1    22.12%    failed      2.44%
  17  Hedic_le     6.71%    passed     98.61%
  18  Irae_his    30.51%    failed      4.17%
  19  Isoc_cen     4.25%    passed     99.99%
  20  Lepto_bo     6.78%    failed      0.00%
  21  Lepto_cl     6.05%    failed      0.00%
  22  Lepto_he     4.32%    failed      0.00%
  23  Parn_nig     5.29%    passed     99.99%
  24  Pedia_ac     9.30%    passed     50.47%
  25  Peric_JH     4.80%    passed     99.97%
  26  Phaen_vi     8.30%    passed     87.72%
  27  Phana_JH    20.15%    passed     99.85%
  28  Prot_spe    17.19%    passed     95.05%
  29  Qwaq_sco     5.51%    passed     97.17%
  30  Syne_gif     4.55%    passed     99.86%
  31  Syne_ito     3.97%    passed     99.99%
  32  Syne_jap     4.79%    passed    100.00%
  33  Syne_umb     4.80%    passed    100.00%
  34  Nasoniav     7.95%    failed      0.00%
  35  Orussusa     5.18%    failed      0.00%
  36  Micropld     5.86%    failed      0.00%
WARNING: 1 sequences contain more than 50% gaps/ambiguity
****  TOTAL        9.87%  10 sequences failed composition chi2 test (p-value<5%; df=19)

---> START RUN NUMBER 1 (seed: 728299)

Create initial parsimony tree by phylogenetic likelihood library (PLL)... 0.317 seconds
Generating 2000 samples for ultrafast bootstrap (seed: 728299)...
Model C60+I+G5 is alias for POISSON+G+FMIX{C60pi1:1:0.0169698865,C60pi2:1:0.0211683374,C60pi3:1:0.0276589079,C60pi4:1:0.0065675964,C60pi5:1:0.0141221416,C60pi6:1:0.0068774834,C60pi7:1:0.0146909701,C60pi8:1:0.0067225777,C60pi9:1:0.0018396660,C60pi10:1:0.0102547197,C60pi11:1:0.0230896163,C60pi12:1:0.0057941033,C60pi13:1:0.0125394534,C60pi14:1:0.0204526478,C60pi15:1:0.0070629602,C60pi16:1:0.0117982741,C60pi17:1:0.0068334668,C60pi18:1:0.0433775839,C60pi19:1:0.0318278731,C60pi20:1:0.0222546108,C60pi21:1:0.0102264969,C60pi22:1:0.0150545891,C60pi23:1:0.0134159878,C60pi24:1:0.0148552065,C60pi25:1:0.0239111516,C60pi26:1:0.0128776278,C60pi27:1:0.0222318842,C60pi28:1:0.0247444742,C60pi29:1:0.0214274810,C60pi30:1:0.0115001882,C60pi31:1:0.0076017389,C60pi32:1:0.0130258568,C60pi33:1:0.0093701965,C60pi34:1:0.0467194264,C60pi35:1:0.0441940314,C60pi36:1:0.0322263154,C60pi37:1:0.0402999891,C60pi38:1:0.0150234227,C60pi39:1:0.0104589903,C60pi40:1:0.0214742395,C60pi41:1:0.0154957836,C60pi42:1:0.0101789953,C60pi43:1:0.0227980379,C60pi44:1:0.0123204539,C60pi45:1:0.0066777583,C60pi46:1:0.0004150083,C60pi47:1:0.0344385130,C60pi48:1:0.0113663379,C60pi49:1:0.0127143049,C60pi50:1:0.0124323741,C60pi51:1:0.0262124415,C60pi52:1:0.0064994957,C60pi53:1:0.0103203293,C60pi54:1:0.0142463512,C60pi55:1:0.0215600067,C60pi56:1:0.0199150700,C60pi57:1:0.0038964200,C60pi58:1:0.0113448855,C60pi59:1:0.0128595846,C60pi60:1:0.0117656776}+I+G5

NOTE: 60615 MB RAM (59 GB) is required!
Estimate model parameters (epsilon = 0.100)
1. Initial log-likelihood: -1053642.571
2. Current log-likelihood: -1044440.688
3. Current log-likelihood: -1044361.468
4. Current log-likelihood: -1044360.981
Optimal log-likelihood: -1044360.929
Mixture weights: 0.017 0.021 0.028 0.007 0.014 0.007 0.015 0.007 0.002 0.010 0.023 0.006 0.013 0.020 0.007 0.012 0.007 0.043 0.032 0.022 0.010 0.015 0.013 0.015 0.024 0.013 0.022 0.025 0.021 0.011 0.008 0.013 0.009 0.047 0.044 0.032 0.040 0.015 0.010 0.021 0.015 0.010 0.023 0.012 0.007 0.001 0.034 0.011 0.013 0.012 0.026 0.006 0.010 0.014 0.022 0.020 0.004 0.011 0.013 0.012
Proportion of invariable sites: 0.207
Gamma shape alpha: 0.652
Parameters optimization took 4 rounds (162.475 sec)
Computing ML distances based on estimated model parameters... 1.149 sec
Computing BIONJ tree...
0.002 seconds
Log-likelihood of BIONJ tree: -1043562.801
--------------------------------------------------------------------
|             INITIALIZING CANDIDATE TREE SET                      |
--------------------------------------------------------------------
Generating 98 parsimony trees... 33.984 second
Computing log-likelihood of 98 initial trees ... 2027.083 seconds
Current best score: -1043556.608

Do NNI search on 20 best initial trees
Estimate model parameters (epsilon = 0.100)
BETTER TREE FOUND at iteration 1: -1043493.143
Iteration 10 / LogL: -1043493.347 / Time: 1h:2m:45s
Iteration 20 / LogL: -1043493.442 / Time: 1h:34m:47s
Finish initializing candidate tree set (1)
Current best tree score: -1043493.143 / CPU time: 5423.059
Number of iterations: 20
--------------------------------------------------------------------
|               OPTIMIZING CANDIDATE TREE SET                      |
--------------------------------------------------------------------
Iteration 30 / LogL: -1043493.744 / Time: 2h:6m:1s (5h:8m:31s left)
Iteration 40 / LogL: -1043494.492 / Time: 2h:41m:23s (4h:12m:25s left)
Iteration 50 / LogL: -1043495.735 / Time: 3h:15m:54s (3h:23m:53s left)
Log-likelihood cutoff on original alignment: -1043584.983
Iteration 60 / LogL: -1043493.484 / Time: 3h:48m:44s (2h:38m:56s left)
Iteration 70 / LogL: -1043501.725 / Time: 4h:18m:56s (1h:56m:19s left)
Iteration 80 / LogL: -1043493.228 / Time: 4h:54m:45s (1h:18m:21s left)
Iteration 90 / LogL: -1043493.470 / Time: 5h:26m:47s (0h:40m:23s left)
Iteration 100 / LogL: -1043506.514 / Time: 5h:59m:41s (0h:3m:37s left)
Log-likelihood cutoff on original alignment: -1043584.983
NOTE: Bootstrap correlation coefficient of split occurrence frequencies: 1.000
TREE SEARCH COMPLETED AFTER 102 ITERATIONS / Time: 6h:6m:43s

--------------------------------------------------------------------
|                    FINALIZING TREE SEARCH                        |
--------------------------------------------------------------------
Performs final model parameters optimization
Estimate model parameters (epsilon = 0.010)
1. Initial log-likelihood: -1043493.143
2. Current log-likelihood: -1043493.118
3. Current log-likelihood: -1043493.105
4. Current log-likelihood: -1043493.087
Optimal log-likelihood: -1043493.077
Mixture weights: 0.017 0.021 0.028 0.007 0.014 0.007 0.015 0.007 0.002 0.010 0.023 0.006 0.013 0.020 0.007 0.012 0.007 0.043 0.032 0.022 0.010 0.015 0.013 0.015 0.024 0.013 0.022 0.025 0.021 0.011 0.008 0.013 0.009 0.047 0.044 0.032 0.040 0.015 0.010 0.021 0.015 0.010 0.023 0.012 0.007 0.001 0.034 0.011 0.013 0.012 0.026 0.006 0.010 0.014 0.022 0.020 0.004 0.011 0.013 0.012
Proportion of invariable sites: 0.205
Gamma shape alpha: 0.650
Parameters optimization took 4 rounds (98.475 sec)
BEST SCORE FOUND : -1043493.077
Creating bootstrap support values...
Split supports printed to NEXUS file iq_clustal34_ag_lt0.26_no_escha_C60_I_G5.splits.nex
Total tree length: 3.812

Total number of iterations: 102
CPU time used for tree search: 692078.182 sec (192h:14m:38s)
Wall-clock time used for tree search: 21739.008 sec (6h:2m:19s)
Total CPU time used: 703624.672 sec (195h:27m:4s)
Total wall-clock time used: 22103.830 sec (6h:8m:23s)

Computing bootstrap consensus tree...
Reading input file iq_clustal34_ag_lt0.26_no_escha_C60_I_G5.splits.nex...
36 taxa and 79 splits.
Consensus tree written to iq_clustal34_ag_lt0.26_no_escha_C60_I_G5.contree
Reading input trees file iq_clustal34_ag_lt0.26_no_escha_C60_I_G5.contree
Log-likelihood of consensus tree: -1043493.076

---> START RUN NUMBER 2 (seed: 729299)

Create initial parsimony tree by phylogenetic likelihood library (PLL)... 0.296 seconds
Generating 2000 samples for ultrafast bootstrap (seed: 729299)...
Model C60+I+G5 is alias for POISSON+G+FMIX{C60pi1:1:0.0169698865,C60pi2:1:0.0211683374,C60pi3:1:0.0276589079,C60pi4:1:0.0065675964,C60pi5:1:0.0141221416,C60pi6:1:0.0068774834,C60pi7:1:0.0146909701,C60pi8:1:0.0067225777,C60pi9:1:0.0018396660,C60pi10:1:0.0102547197,C60pi11:1:0.0230896163,C60pi12:1:0.0057941033,C60pi13:1:0.0125394534,C60pi14:1:0.0204526478,C60pi15:1:0.0070629602,C60pi16:1:0.0117982741,C60pi17:1:0.0068334668,C60pi18:1:0.0433775839,C60pi19:1:0.0318278731,C60pi20:1:0.0222546108,C60pi21:1:0.0102264969,C60pi22:1:0.0150545891,C60pi23:1:0.0134159878,C60pi24:1:0.0148552065,C60pi25:1:0.0239111516,C60pi26:1:0.0128776278,C60pi27:1:0.0222318842,C60pi28:1:0.0247444742,C60pi29:1:0.0214274810,C60pi30:1:0.0115001882,C60pi31:1:0.0076017389,C60pi32:1:0.0130258568,C60pi33:1:0.0093701965,C60pi34:1:0.0467194264,C60pi35:1:0.0441940314,C60pi36:1:0.0322263154,C60pi37:1:0.0402999891,C60pi38:1:0.0150234227,C60pi39:1:0.0104589903,C60pi40:1:0.0214742395,C60pi41:1:0.0154957836,C60pi42:1:0.0101789953,C60pi43:1:0.0227980379,C60pi44:1:0.0123204539,C60pi45:1:0.0066777583,C60pi46:1:0.0004150083,C60pi47:1:0.0344385130,C60pi48:1:0.0113663379,C60pi49:1:0.0127143049,C60pi50:1:0.0124323741,C60pi51:1:0.0262124415,C60pi52:1:0.0064994957,C60pi53:1:0.0103203293,C60pi54:1:0.0142463512,C60pi55:1:0.0215600067,C60pi56:1:0.0199150700,C60pi57:1:0.0038964200,C60pi58:1:0.0113448855,C60pi59:1:0.0128595846,C60pi60:1:0.0117656776}+I+G5

NOTE: 60615 MB RAM (59 GB) is required!
Estimate model parameters (epsilon = 0.100)
1. Initial log-likelihood: -1052733.527
2. Current log-likelihood: -1043604.877
3. Current log-likelihood: -1043524.107
4. Current log-likelihood: -1043523.595
Optimal log-likelihood: -1043523.522
Mixture weights: 0.017 0.021 0.028 0.007 0.014 0.007 0.015 0.007 0.002 0.010 0.023 0.006 0.013 0.020 0.007 0.012 0.007 0.043 0.032 0.022 0.010 0.015 0.013 0.015 0.024 0.013 0.022 0.025 0.021 0.011 0.008 0.013 0.009 0.047 0.044 0.032 0.040 0.015 0.010 0.021 0.015 0.010 0.023 0.012 0.007 0.001 0.034 0.011 0.013 0.012 0.026 0.006 0.010 0.014 0.022 0.020 0.004 0.011 0.013 0.012
Proportion of invariable sites: 0.208
Gamma shape alpha: 0.655
Parameters optimization took 4 rounds (162.472 sec)
Computing ML distances based on estimated model parameters... 1.104 sec
Computing BIONJ tree...
0.001 seconds
Log-likelihood of BIONJ tree: -1043562.914
--------------------------------------------------------------------
|             INITIALIZING CANDIDATE TREE SET                      |
--------------------------------------------------------------------
Generating 98 parsimony trees... 31.611 second
Computing log-likelihood of 98 initial trees ... 2048.758 seconds
Current best score: -1043523.522

Do NNI search on 20 best initial trees
Estimate model parameters (epsilon = 0.100)
BETTER TREE FOUND at iteration 1: -1043493.325
Iteration 10 / LogL: -1043507.313 / Time: 1h:1m:34s
Iteration 20 / LogL: -1043499.181 / Time: 1h:29m:12s
Finish initializing candidate tree set (1)
Current best tree score: -1043493.325 / CPU time: 5088.841
Number of iterations: 20
--------------------------------------------------------------------
|               OPTIMIZING CANDIDATE TREE SET                      |
--------------------------------------------------------------------
Iteration 30 / LogL: -1043493.762 / Time: 2h:4m:10s (5h:3m:58s left)
Iteration 40 / LogL: -1043494.454 / Time: 2h:37m:6s (4h:5m:43s left)
Iteration 50 / LogL: -1043494.186 / Time: 3h:9m:48s (3h:17m:33s left)
Log-likelihood cutoff on original alignment: -1043582.246
Iteration 60 / LogL: -1043499.257 / Time: 3h:41m:36s (2h:33m:59s left)
Iteration 70 / LogL: -1043493.373 / Time: 4h:12m:30s (1h:53m:26s left)
Iteration 80 / LogL: -1043497.135 / Time: 4h:46m:28s (1h:16m:9s left)
Iteration 90 / LogL: -1043547.433 / Time: 5h:20m:52s (0h:39m:39s left)
Iteration 100 / LogL: -1043509.214 / Time: 5h:48m:59s (0h:3m:31s left)
Log-likelihood cutoff on original alignment: -1043582.681
NOTE: Bootstrap correlation coefficient of split occurrence frequencies: 1.000
TREE SEARCH COMPLETED AFTER 102 ITERATIONS / Time: 5h:54m:23s

--------------------------------------------------------------------
|                    FINALIZING TREE SEARCH                        |
--------------------------------------------------------------------
Performs final model parameters optimization
Estimate model parameters (epsilon = 0.010)
1. Initial log-likelihood: -1043493.325
2. Current log-likelihood: -1043493.277
3. Current log-likelihood: -1043493.235
4. Current log-likelihood: -1043493.198
5. Current log-likelihood: -1043493.165
6. Current log-likelihood: -1043493.148
7. Current log-likelihood: -1043493.124
8. Current log-likelihood: -1043493.102
9. Current log-likelihood: -1043493.090
10. Current log-likelihood: -1043493.074
Optimal log-likelihood: -1043493.065
Mixture weights: 0.017 0.021 0.028 0.007 0.014 0.007 0.015 0.007 0.002 0.010 0.023 0.006 0.013 0.020 0.007 0.012 0.007 0.043 0.032 0.022 0.010 0.015 0.013 0.015 0.024 0.013 0.022 0.025 0.021 0.011 0.008 0.013 0.009 0.047 0.044 0.032 0.040 0.015 0.010 0.021 0.015 0.010 0.023 0.012 0.007 0.001 0.034 0.011 0.013 0.012 0.026 0.006 0.010 0.014 0.022 0.020 0.004 0.011 0.013 0.012
Proportion of invariable sites: 0.205
Gamma shape alpha: 0.650
Parameters optimization took 10 rounds (224.591 sec)
BEST SCORE FOUND : -1043493.065
Creating bootstrap support values...
Split supports printed to NEXUS file iq_clustal34_ag_lt0.26_no_escha_C60_I_G5.splits.nex
Total tree length: 3.813

Total number of iterations: 102
CPU time used for tree search: 668528.933 sec (185h:42m:8s)
Wall-clock time used for tree search: 20999.434 sec (5h:49m:59s)
Total CPU time used: 684081.483 sec (190h:1m:21s)
Total wall-clock time used: 21489.739 sec (5h:58m:9s)

Computing bootstrap consensus tree...
Reading input file iq_clustal34_ag_lt0.26_no_escha_C60_I_G5.splits.nex...
36 taxa and 79 splits.
Consensus tree written to iq_clustal34_ag_lt0.26_no_escha_C60_I_G5.contree
Reading input trees file iq_clustal34_ag_lt0.26_no_escha_C60_I_G5.contree
Log-likelihood of consensus tree: -1043493.064

---> SUMMARIZE RESULTS FROM 2 RUNS

Run 2 gave best log-likelihood: -1043493.065
Model C60+I+G5 is alias for POISSON+G+FMIX{C60pi1:1:0.0169698865,C60pi2:1:0.0211683374,C60pi3:1:0.0276589079,C60pi4:1:0.0065675964,C60pi5:1:0.0141221416,C60pi6:1:0.0068774834,C60pi7:1:0.0146909701,C60pi8:1:0.0067225777,C60pi9:1:0.0018396660,C60pi10:1:0.0102547197,C60pi11:1:0.0230896163,C60pi12:1:0.0057941033,C60pi13:1:0.0125394534,C60pi14:1:0.0204526478,C60pi15:1:0.0070629602,C60pi16:1:0.0117982741,C60pi17:1:0.0068334668,C60pi18:1:0.0433775839,C60pi19:1:0.0318278731,C60pi20:1:0.0222546108,C60pi21:1:0.0102264969,C60pi22:1:0.0150545891,C60pi23:1:0.0134159878,C60pi24:1:0.0148552065,C60pi25:1:0.0239111516,C60pi26:1:0.0128776278,C60pi27:1:0.0222318842,C60pi28:1:0.0247444742,C60pi29:1:0.0214274810,C60pi30:1:0.0115001882,C60pi31:1:0.0076017389,C60pi32:1:0.0130258568,C60pi33:1:0.0093701965,C60pi34:1:0.0467194264,C60pi35:1:0.0441940314,C60pi36:1:0.0322263154,C60pi37:1:0.0402999891,C60pi38:1:0.0150234227,C60pi39:1:0.0104589903,C60pi40:1:0.0214742395,C60pi41:1:0.0154957836,C60pi42:1:0.0101789953,C60pi43:1:0.0227980379,C60pi44:1:0.0123204539,C60pi45:1:0.0066777583,C60pi46:1:0.0004150083,C60pi47:1:0.0344385130,C60pi48:1:0.0113663379,C60pi49:1:0.0127143049,C60pi50:1:0.0124323741,C60pi51:1:0.0262124415,C60pi52:1:0.0064994957,C60pi53:1:0.0103203293,C60pi54:1:0.0142463512,C60pi55:1:0.0215600067,C60pi56:1:0.0199150700,C60pi57:1:0.0038964200,C60pi58:1:0.0113448855,C60pi59:1:0.0128595846,C60pi60:1:0.0117656776}+I+G5
Split supports printed to NEXUS file iq_clustal34_ag_lt0.26_no_escha_C60_I_G5.splits.nex
Consensus tree written to iq_clustal34_ag_lt0.26_no_escha_C60_I_G5.contree
Total CPU time for 2 runs: 1393475.470 seconds.
Total wall-clock time for 2 runs: 43774.640 seconds.


Analysis results written to: 
  IQ-TREE report:                iq_clustal34_ag_lt0.26_no_escha_C60_I_G5.iqtree
  Maximum-likelihood tree:       iq_clustal34_ag_lt0.26_no_escha_C60_I_G5.treefile
  Trees from independent runs:   iq_clustal34_ag_lt0.26_no_escha_C60_I_G5.runtrees
  Likelihood distances:          iq_clustal34_ag_lt0.26_no_escha_C60_I_G5.mldist

Ultrafast bootstrap approximation results written to:
  Split support values:          iq_clustal34_ag_lt0.26_no_escha_C60_I_G5.splits.nex
  Consensus tree:                iq_clustal34_ag_lt0.26_no_escha_C60_I_G5.contree
  Screen log file:               iq_clustal34_ag_lt0.26_no_escha_C60_I_G5.log

Date and Time: Sat May  1 10:33:55 2021
