Tue Apr 27 07:11:51 CEST 2021
IQ-TREE multicore version 1.6.12 for Linux 64-bit built Aug 15 2019
Developed by Bui Quang Minh, Nguyen Lam Tung, Olga Chernomor,
Heiko Schmidt, Dominik Schrempf, Michael Woodhams.

Host:    n424 (AVX512, FMA3, 93 GB RAM)
Command: ../../iqtree-1.6.12-Linux/bin/iqtree -s ../../data/clustal34_ag_gte0.59.phy -nt 32 -m C60+I+G5 -pre iq_clustal34_ag_gte0.59_C60_I_G5 --runs 2 -bb 2000
Seed:    88301 (Using SPRNG - Scalable Parallel Random Number Generator)
Time:    Tue Apr 27 07:11:51 2021
Kernel:  AVX+FMA - 32 threads (32 CPU cores detected)

Reading alignment file ../../data/clustal34_ag_gte0.59.phy ... Phylip format detected
Alignment most likely contains protein sequences
Alignment has 37 sequences with 34215 columns, 25475 distinct patterns
13815 parsimony-informative, 8525 singleton sites, 11875 constant sites
           Gap/Ambiguity  Composition  p-value
   1  Allox_ar     8.38%    passed     77.71%
   2  Andr_cur     6.20%    passed     93.05%
   3  Andr_gro     7.97%    passed     99.53%
   4  Andr_qln     7.63%    passed     89.50%
   5  Andr_qrm    11.54%    passed     57.18%
   6  Aula_tav     6.18%    passed     99.01%
   7  Aylax_hy     6.41%    passed     97.56%
   8  Beloc_tr     8.44%    passed     68.09%
   9  Bior_pal    53.26%    passed     17.03%
  10  Callas_no   13.12%    passed     71.74%
  11  Calli_sp    12.93%    passed     90.86%
  12  Cecin_ib    26.49%    passed     51.43%
  13  Cerop_ma     6.33%    passed     99.96%
  14  Diast_ki    10.16%    passed     99.22%
  15  Dipl_spi     7.57%    passed     98.17%
  16  Escha_ac    15.78%    failed      0.00%
  17  Gana_sp1    42.07%    failed      0.00%
  18  Hedic_le     7.13%    passed     98.60%
  19  Irae_his    26.80%    passed     95.51%
  20  Isoc_cen     7.47%    passed     99.99%
  21  Lepto_bo     6.77%    failed      0.00%
  22  Lepto_cl     8.80%    failed      0.84%
  23  Lepto_he     8.24%    failed      0.24%
  24  Parn_nig     6.81%    passed     99.98%
  25  Pedia_ac     8.84%    passed     99.99%
  26  Peric_JH    11.08%    passed     99.85%
  27  Phaen_vi     8.66%    passed     97.83%
  28  Phana_JH    29.11%    failed      2.56%
  29  Prot_spe    21.22%    failed      4.58%
  30  Qwaq_sco     8.57%    passed     97.91%
  31  Syne_gif     6.23%    passed     99.88%
  32  Syne_ito     4.90%    passed     99.99%
  33  Syne_jap     6.95%    passed     99.45%
  34  Syne_umb     5.79%    passed     99.99%
  35  Nasoniav    11.53%    failed      3.14%
  36  Orussusa     6.16%    failed      0.00%
  37  Micropld    12.58%    failed      0.00%
WARNING: 1 sequences contain more than 50% gaps/ambiguity
****  TOTAL       12.54%  10 sequences failed composition chi2 test (p-value<5%; df=19)

---> START RUN NUMBER 1 (seed: 88301)

Create initial parsimony tree by phylogenetic likelihood library (PLL)... 0.163 seconds
Generating 2000 samples for ultrafast bootstrap (seed: 88301)...
Model C60+I+G5 is alias for POISSON+G+FMIX{C60pi1:1:0.0169698865,C60pi2:1:0.0211683374,C60pi3:1:0.0276589079,C60pi4:1:0.0065675964,C60pi5:1:0.0141221416,C60pi6:1:0.0068774834,C60pi7:1:0.0146909701,C60pi8:1:0.0067225777,C60pi9:1:0.0018396660,C60pi10:1:0.0102547197,C60pi11:1:0.0230896163,C60pi12:1:0.0057941033,C60pi13:1:0.0125394534,C60pi14:1:0.0204526478,C60pi15:1:0.0070629602,C60pi16:1:0.0117982741,C60pi17:1:0.0068334668,C60pi18:1:0.0433775839,C60pi19:1:0.0318278731,C60pi20:1:0.0222546108,C60pi21:1:0.0102264969,C60pi22:1:0.0150545891,C60pi23:1:0.0134159878,C60pi24:1:0.0148552065,C60pi25:1:0.0239111516,C60pi26:1:0.0128776278,C60pi27:1:0.0222318842,C60pi28:1:0.0247444742,C60pi29:1:0.0214274810,C60pi30:1:0.0115001882,C60pi31:1:0.0076017389,C60pi32:1:0.0130258568,C60pi33:1:0.0093701965,C60pi34:1:0.0467194264,C60pi35:1:0.0441940314,C60pi36:1:0.0322263154,C60pi37:1:0.0402999891,C60pi38:1:0.0150234227,C60pi39:1:0.0104589903,C60pi40:1:0.0214742395,C60pi41:1:0.0154957836,C60pi42:1:0.0101789953,C60pi43:1:0.0227980379,C60pi44:1:0.0123204539,C60pi45:1:0.0066777583,C60pi46:1:0.0004150083,C60pi47:1:0.0344385130,C60pi48:1:0.0113663379,C60pi49:1:0.0127143049,C60pi50:1:0.0124323741,C60pi51:1:0.0262124415,C60pi52:1:0.0064994957,C60pi53:1:0.0103203293,C60pi54:1:0.0142463512,C60pi55:1:0.0215600067,C60pi56:1:0.0199150700,C60pi57:1:0.0038964200,C60pi58:1:0.0113448855,C60pi59:1:0.0128595846,C60pi60:1:0.0117656776}+I+G5

NOTE: 35173 MB RAM (34 GB) is required!
Estimate model parameters (epsilon = 0.100)
1. Initial log-likelihood: -622191.824
2. Current log-likelihood: -616163.763
3. Current log-likelihood: -616140.253
4. Current log-likelihood: -616139.118
5. Current log-likelihood: -616138.332
6. Current log-likelihood: -616137.690
7. Current log-likelihood: -616137.155
8. Current log-likelihood: -616136.712
9. Current log-likelihood: -616136.345
10. Current log-likelihood: -616136.041
11. Current log-likelihood: -616135.788
12. Current log-likelihood: -616135.578
13. Current log-likelihood: -616135.402
14. Current log-likelihood: -616135.255
15. Current log-likelihood: -616135.133
Optimal log-likelihood: -616135.032
Mixture weights: 0.017 0.021 0.028 0.007 0.014 0.007 0.015 0.007 0.002 0.010 0.023 0.006 0.013 0.020 0.007 0.012 0.007 0.043 0.032 0.022 0.010 0.015 0.013 0.015 0.024 0.013 0.022 0.025 0.021 0.011 0.008 0.013 0.009 0.047 0.044 0.032 0.040 0.015 0.010 0.021 0.015 0.010 0.023 0.012 0.007 0.001 0.034 0.011 0.013 0.012 0.026 0.006 0.010 0.014 0.022 0.020 0.004 0.011 0.013 0.012
Proportion of invariable sites: 0.155
Gamma shape alpha: 0.730
Parameters optimization took 15 rounds (242.542 sec)
Computing ML distances based on estimated model parameters... 0.823 sec
Computing BIONJ tree...
0.002 seconds
Log-likelihood of BIONJ tree: -616108.373
--------------------------------------------------------------------
|             INITIALIZING CANDIDATE TREE SET                      |
--------------------------------------------------------------------
Generating 98 parsimony trees... 21.821 second
Computing log-likelihood of 98 initial trees ... 1199.780 seconds
Current best score: -616108.373

Do NNI search on 20 best initial trees
Estimate model parameters (epsilon = 0.100)
BETTER TREE FOUND at iteration 1: -615934.807
Estimate model parameters (epsilon = 0.100)
BETTER TREE FOUND at iteration 8: -615819.783
Iteration 10 / LogL: -616142.888 / Time: 0h:43m:27s
Iteration 20 / LogL: -615935.552 / Time: 1h:2m:29s
Finish initializing candidate tree set (6)
Current best tree score: -615819.783 / CPU time: 3447.740
Number of iterations: 20
--------------------------------------------------------------------
|               OPTIMIZING CANDIDATE TREE SET                      |
--------------------------------------------------------------------
Iteration 30 / LogL: -615935.113 / Time: 1h:26m:21s (3h:52m:16s left)
Iteration 40 / LogL: -615819.931 / Time: 1h:46m:52s (3h:6m:19s left)
Iteration 50 / LogL: -615947.939 / Time: 2h:6m:15s (2h:29m:26s left)
Log-likelihood cutoff on original alignment: -615976.982
Iteration 60 / LogL: -615936.244 / Time: 2h:27m:7s (1h:59m:41s left)
Iteration 70 / LogL: -616142.632 / Time: 2h:46m:41s (1h:31m:47s left)
Iteration 80 / LogL: -616196.310 / Time: 3h:5m:52s (1h:5m:52s left)
Iteration 90 / LogL: -616026.926 / Time: 3h:26m:19s (0h:41m:43s left)
Iteration 100 / LogL: -615821.877 / Time: 3h:46m:57s (0h:18m:20s left)
Log-likelihood cutoff on original alignment: -615976.982
NOTE: Bootstrap correlation coefficient of split occurrence frequencies: 0.977
NOTE: UFBoot does not converge, continue at least 100 more iterations
Iteration 110 / LogL: -616027.786 / Time: 4h:6m:0s (3h:23m:7s left)
Iteration 120 / LogL: -615821.494 / Time: 4h:23m:48s (2h:57m:20s left)
Iteration 130 / LogL: -615826.663 / Time: 4h:46m:8s (2h:35m:16s left)
Iteration 140 / LogL: -616270.286 / Time: 5h:5m:41s (2h:11m:57s left)
Iteration 150 / LogL: -615821.616 / Time: 5h:28m:9s (1h:50m:7s left)
Log-likelihood cutoff on original alignment: -615977.553
Iteration 160 / LogL: -615826.818 / Time: 5h:48m:14s (1h:27m:36s left)
Iteration 170 / LogL: -615822.925 / Time: 6h:9m:22s (1h:5m:34s left)
Iteration 180 / LogL: -615820.229 / Time: 6h:30m:56s (0h:43m:40s left)
Iteration 190 / LogL: -615936.054 / Time: 6h:51m:7s (0h:21m:45s left)
Iteration 200 / LogL: -615821.308 / Time: 7h:12m:35s (0h:0m:0s left)
Log-likelihood cutoff on original alignment: -615977.553
NOTE: Bootstrap correlation coefficient of split occurrence frequencies: 1.000
TREE SEARCH COMPLETED AFTER 200 ITERATIONS / Time: 7h:12m:35s

--------------------------------------------------------------------
|                    FINALIZING TREE SEARCH                        |
--------------------------------------------------------------------
Performs final model parameters optimization
Estimate model parameters (epsilon = 0.010)
1. Initial log-likelihood: -615819.783
2. Current log-likelihood: -615819.740
3. Current log-likelihood: -615819.703
4. Current log-likelihood: -615819.670
5. Current log-likelihood: -615819.641
6. Current log-likelihood: -615819.615
7. Current log-likelihood: -615819.592
8. Current log-likelihood: -615819.571
9. Current log-likelihood: -615819.559
10. Current log-likelihood: -615819.544
11. Current log-likelihood: -615819.530
Optimal log-likelihood: -615819.520
Mixture weights: 0.017 0.021 0.028 0.007 0.014 0.007 0.015 0.007 0.002 0.010 0.023 0.006 0.013 0.020 0.007 0.012 0.007 0.043 0.032 0.022 0.010 0.015 0.013 0.015 0.024 0.013 0.022 0.025 0.021 0.011 0.008 0.013 0.009 0.047 0.044 0.032 0.040 0.015 0.010 0.021 0.015 0.010 0.023 0.012 0.007 0.001 0.034 0.011 0.013 0.012 0.026 0.006 0.010 0.014 0.022 0.020 0.004 0.011 0.013 0.012
Proportion of invariable sites: 0.148
Gamma shape alpha: 0.713
Parameters optimization took 11 rounds (145.284 sec)
BEST SCORE FOUND : -615819.520
Creating bootstrap support values...
Split supports printed to NEXUS file iq_clustal34_ag_gte0.59_C60_I_G5.splits.nex
Total tree length: 4.847

Total number of iterations: 200
CPU time used for tree search: 816978.989 sec (226h:56m:18s)
Wall-clock time used for tree search: 25653.742 sec (7h:7m:33s)
Total CPU time used: 831228.453 sec (230h:53m:48s)
Total wall-clock time used: 26101.926 sec (7h:15m:1s)

Computing bootstrap consensus tree...
Reading input file iq_clustal34_ag_gte0.59_C60_I_G5.splits.nex...
37 taxa and 92 splits.
Consensus tree written to iq_clustal34_ag_gte0.59_C60_I_G5.contree
Reading input trees file iq_clustal34_ag_gte0.59_C60_I_G5.contree
Log-likelihood of consensus tree: -615819.520

---> START RUN NUMBER 2 (seed: 89301)

Create initial parsimony tree by phylogenetic likelihood library (PLL)... 0.264 seconds
Generating 2000 samples for ultrafast bootstrap (seed: 89301)...
Model C60+I+G5 is alias for POISSON+G+FMIX{C60pi1:1:0.0169698865,C60pi2:1:0.0211683374,C60pi3:1:0.0276589079,C60pi4:1:0.0065675964,C60pi5:1:0.0141221416,C60pi6:1:0.0068774834,C60pi7:1:0.0146909701,C60pi8:1:0.0067225777,C60pi9:1:0.0018396660,C60pi10:1:0.0102547197,C60pi11:1:0.0230896163,C60pi12:1:0.0057941033,C60pi13:1:0.0125394534,C60pi14:1:0.0204526478,C60pi15:1:0.0070629602,C60pi16:1:0.0117982741,C60pi17:1:0.0068334668,C60pi18:1:0.0433775839,C60pi19:1:0.0318278731,C60pi20:1:0.0222546108,C60pi21:1:0.0102264969,C60pi22:1:0.0150545891,C60pi23:1:0.0134159878,C60pi24:1:0.0148552065,C60pi25:1:0.0239111516,C60pi26:1:0.0128776278,C60pi27:1:0.0222318842,C60pi28:1:0.0247444742,C60pi29:1:0.0214274810,C60pi30:1:0.0115001882,C60pi31:1:0.0076017389,C60pi32:1:0.0130258568,C60pi33:1:0.0093701965,C60pi34:1:0.0467194264,C60pi35:1:0.0441940314,C60pi36:1:0.0322263154,C60pi37:1:0.0402999891,C60pi38:1:0.0150234227,C60pi39:1:0.0104589903,C60pi40:1:0.0214742395,C60pi41:1:0.0154957836,C60pi42:1:0.0101789953,C60pi43:1:0.0227980379,C60pi44:1:0.0123204539,C60pi45:1:0.0066777583,C60pi46:1:0.0004150083,C60pi47:1:0.0344385130,C60pi48:1:0.0113663379,C60pi49:1:0.0127143049,C60pi50:1:0.0124323741,C60pi51:1:0.0262124415,C60pi52:1:0.0064994957,C60pi53:1:0.0103203293,C60pi54:1:0.0142463512,C60pi55:1:0.0215600067,C60pi56:1:0.0199150700,C60pi57:1:0.0038964200,C60pi58:1:0.0113448855,C60pi59:1:0.0128595846,C60pi60:1:0.0117656776}+I+G5

NOTE: 35173 MB RAM (34 GB) is required!
Estimate model parameters (epsilon = 0.100)
1. Initial log-likelihood: -622191.824
2. Current log-likelihood: -616163.763
3. Current log-likelihood: -616140.253
4. Current log-likelihood: -616139.118
5. Current log-likelihood: -616138.332
6. Current log-likelihood: -616137.690
7. Current log-likelihood: -616137.155
8. Current log-likelihood: -616136.712
9. Current log-likelihood: -616136.345
10. Current log-likelihood: -616136.041
11. Current log-likelihood: -616135.788
12. Current log-likelihood: -616135.578
13. Current log-likelihood: -616135.402
14. Current log-likelihood: -616135.255
15. Current log-likelihood: -616135.133
Optimal log-likelihood: -616135.032
Mixture weights: 0.017 0.021 0.028 0.007 0.014 0.007 0.015 0.007 0.002 0.010 0.023 0.006 0.013 0.020 0.007 0.012 0.007 0.043 0.032 0.022 0.010 0.015 0.013 0.015 0.024 0.013 0.022 0.025 0.021 0.011 0.008 0.013 0.009 0.047 0.044 0.032 0.040 0.015 0.010 0.021 0.015 0.010 0.023 0.012 0.007 0.001 0.034 0.011 0.013 0.012 0.026 0.006 0.010 0.014 0.022 0.020 0.004 0.011 0.013 0.012
Proportion of invariable sites: 0.155
Gamma shape alpha: 0.730
Parameters optimization took 15 rounds (242.076 sec)
Computing ML distances based on estimated model parameters... 0.882 sec
Computing BIONJ tree...
0.001 seconds
Log-likelihood of BIONJ tree: -616108.373
--------------------------------------------------------------------
|             INITIALIZING CANDIDATE TREE SET                      |
--------------------------------------------------------------------
Generating 98 parsimony trees... 21.655 second
Computing log-likelihood of 98 initial trees ... 1187.357 seconds
Current best score: -616108.373

Do NNI search on 20 best initial trees
Estimate model parameters (epsilon = 0.100)
BETTER TREE FOUND at iteration 1: -615934.807
Estimate model parameters (epsilon = 0.100)
BETTER TREE FOUND at iteration 6: -615819.793
Iteration 10 / LogL: -615934.844 / Time: 0h:42m:2s
Iteration 20 / LogL: -616142.219 / Time: 0h:59m:26s
Finish initializing candidate tree set (7)
Current best tree score: -615819.793 / CPU time: 3265.058
Number of iterations: 20
--------------------------------------------------------------------
|               OPTIMIZING CANDIDATE TREE SET                      |
--------------------------------------------------------------------
Iteration 30 / LogL: -616122.038 / Time: 1h:18m:11s (3h:24m:55s left)
Iteration 40 / LogL: -616026.650 / Time: 1h:37m:26s (2h:44m:53s left)
Iteration 50 / LogL: -615938.227 / Time: 1h:57m:42s (2h:14m:31s left)
Log-likelihood cutoff on original alignment: -615981.530
Iteration 60 / LogL: -615936.890 / Time: 2h:20m:1s (1h:49m:9s left)
Iteration 70 / LogL: -615821.785 / Time: 2h:39m:53s (1h:23m:24s left)
Iteration 80 / LogL: -615820.647 / Time: 3h:0m:41s (0h:59m:28s left)
Iteration 90 / LogL: -616032.739 / Time: 3h:21m:27s (0h:36m:12s left)
Iteration 100 / LogL: -616141.194 / Time: 3h:42m:42s (0h:13m:29s left)
Log-likelihood cutoff on original alignment: -615981.530
NOTE: Bootstrap correlation coefficient of split occurrence frequencies: 0.967
NOTE: UFBoot does not converge, continue at least 100 more iterations
Iteration 110 / LogL: -616025.878 / Time: 4h:4m:33s (3h:21m:55s left)
Iteration 120 / LogL: -615821.425 / Time: 4h:23m:9s (2h:56m:54s left)
Iteration 130 / LogL: -615822.134 / Time: 4h:44m:50s (2h:34m:33s left)
Iteration 140 / LogL: -615936.762 / Time: 5h:4m:43s (2h:11m:31s left)
Iteration 150 / LogL: -615824.601 / Time: 5h:25m:9s (1h:49m:6s left)
Log-likelihood cutoff on original alignment: -615981.530
Iteration 160 / LogL: -615829.759 / Time: 5h:45m:54s (1h:27m:1s left)
Iteration 170 / LogL: -615820.209 / Time: 6h:8m:44s (1h:5m:27s left)
Iteration 180 / LogL: -615823.307 / Time: 6h:28m:32s (0h:43m:24s left)
Iteration 190 / LogL: -615822.538 / Time: 6h:49m:55s (0h:21m:41s left)
Iteration 200 / LogL: -615820.439 / Time: 7h:10m:55s (0h:0m:0s left)
Log-likelihood cutoff on original alignment: -615981.530
NOTE: Bootstrap correlation coefficient of split occurrence frequencies: 0.998
TREE SEARCH COMPLETED AFTER 200 ITERATIONS / Time: 7h:10m:55s

--------------------------------------------------------------------
|                    FINALIZING TREE SEARCH                        |
--------------------------------------------------------------------
Performs final model parameters optimization
Estimate model parameters (epsilon = 0.010)
1. Initial log-likelihood: -615819.793
2. Current log-likelihood: -615819.746
3. Current log-likelihood: -615819.707
4. Current log-likelihood: -615819.673
5. Current log-likelihood: -615819.643
6. Current log-likelihood: -615819.617
7. Current log-likelihood: -615819.593
8. Current log-likelihood: -615819.572
9. Current log-likelihood: -615819.560
10. Current log-likelihood: -615819.544
11. Current log-likelihood: -615819.530
Optimal log-likelihood: -615819.521
Mixture weights: 0.017 0.021 0.028 0.007 0.014 0.007 0.015 0.007 0.002 0.010 0.023 0.006 0.013 0.020 0.007 0.012 0.007 0.043 0.032 0.022 0.010 0.015 0.013 0.015 0.024 0.013 0.022 0.025 0.021 0.011 0.008 0.013 0.009 0.047 0.044 0.032 0.040 0.015 0.010 0.021 0.015 0.010 0.023 0.012 0.007 0.001 0.034 0.011 0.013 0.012 0.026 0.006 0.010 0.014 0.022 0.020 0.004 0.011 0.013 0.012
Proportion of invariable sites: 0.148
Gamma shape alpha: 0.713
Parameters optimization took 11 rounds (146.886 sec)
BEST SCORE FOUND : -615819.521
Creating bootstrap support values...
Split supports printed to NEXUS file iq_clustal34_ag_gte0.59_C60_I_G5.splits.nex
Total tree length: 4.847

Total number of iterations: 200
CPU time used for tree search: 813974.317 sec (226h:6m:14s)
Wall-clock time used for tree search: 25554.273 sec (7h:5m:54s)
Total CPU time used: 828257.685 sec (230h:4m:17s)
Total wall-clock time used: 26003.552 sec (7h:13m:23s)

Computing bootstrap consensus tree...
Reading input file iq_clustal34_ag_gte0.59_C60_I_G5.splits.nex...
37 taxa and 92 splits.
Consensus tree written to iq_clustal34_ag_gte0.59_C60_I_G5.contree
Reading input trees file iq_clustal34_ag_gte0.59_C60_I_G5.contree
Log-likelihood of consensus tree: -615819.520

---> SUMMARIZE RESULTS FROM 2 RUNS

Run 1 gave best log-likelihood: -615819.520
Model C60+I+G5 is alias for POISSON+G+FMIX{C60pi1:1:0.0169698865,C60pi2:1:0.0211683374,C60pi3:1:0.0276589079,C60pi4:1:0.0065675964,C60pi5:1:0.0141221416,C60pi6:1:0.0068774834,C60pi7:1:0.0146909701,C60pi8:1:0.0067225777,C60pi9:1:0.0018396660,C60pi10:1:0.0102547197,C60pi11:1:0.0230896163,C60pi12:1:0.0057941033,C60pi13:1:0.0125394534,C60pi14:1:0.0204526478,C60pi15:1:0.0070629602,C60pi16:1:0.0117982741,C60pi17:1:0.0068334668,C60pi18:1:0.0433775839,C60pi19:1:0.0318278731,C60pi20:1:0.0222546108,C60pi21:1:0.0102264969,C60pi22:1:0.0150545891,C60pi23:1:0.0134159878,C60pi24:1:0.0148552065,C60pi25:1:0.0239111516,C60pi26:1:0.0128776278,C60pi27:1:0.0222318842,C60pi28:1:0.0247444742,C60pi29:1:0.0214274810,C60pi30:1:0.0115001882,C60pi31:1:0.0076017389,C60pi32:1:0.0130258568,C60pi33:1:0.0093701965,C60pi34:1:0.0467194264,C60pi35:1:0.0441940314,C60pi36:1:0.0322263154,C60pi37:1:0.0402999891,C60pi38:1:0.0150234227,C60pi39:1:0.0104589903,C60pi40:1:0.0214742395,C60pi41:1:0.0154957836,C60pi42:1:0.0101789953,C60pi43:1:0.0227980379,C60pi44:1:0.0123204539,C60pi45:1:0.0066777583,C60pi46:1:0.0004150083,C60pi47:1:0.0344385130,C60pi48:1:0.0113663379,C60pi49:1:0.0127143049,C60pi50:1:0.0124323741,C60pi51:1:0.0262124415,C60pi52:1:0.0064994957,C60pi53:1:0.0103203293,C60pi54:1:0.0142463512,C60pi55:1:0.0215600067,C60pi56:1:0.0199150700,C60pi57:1:0.0038964200,C60pi58:1:0.0113448855,C60pi59:1:0.0128595846,C60pi60:1:0.0117656776}+I+G5
Split supports printed to NEXUS file iq_clustal34_ag_gte0.59_C60_I_G5.splits.nex
Consensus tree written to iq_clustal34_ag_gte0.59_C60_I_G5.contree
Total CPU time for 2 runs: 1662858.485 seconds.
Total wall-clock time for 2 runs: 52211.299 seconds.


Analysis results written to: 
  IQ-TREE report:                iq_clustal34_ag_gte0.59_C60_I_G5.iqtree
  Maximum-likelihood tree:       iq_clustal34_ag_gte0.59_C60_I_G5.treefile
  Trees from independent runs:   iq_clustal34_ag_gte0.59_C60_I_G5.runtrees
  Likelihood distances:          iq_clustal34_ag_gte0.59_C60_I_G5.mldist

Ultrafast bootstrap approximation results written to:
  Split support values:          iq_clustal34_ag_gte0.59_C60_I_G5.splits.nex
  Consensus tree:                iq_clustal34_ag_gte0.59_C60_I_G5.contree
  Screen log file:               iq_clustal34_ag_gte0.59_C60_I_G5.log

Date and Time: Tue Apr 27 21:42:02 2021
Tue Apr 27 21:42:02 CEST 2021
