Wed Apr 28 18:59:51 CEST 2021
IQ-TREE multicore version 1.6.12 for Linux 64-bit built Aug 15 2019
Developed by Bui Quang Minh, Nguyen Lam Tung, Olga Chernomor,
Heiko Schmidt, Dominik Schrempf, Michael Woodhams.

Host:    n679 (AVX512, FMA3, 93 GB RAM)
Command: ../../iqtree-1.6.12-Linux/bin/iqtree -s ../../data/clustal34_hmm_ag_0.165-0.288.phy -nt 32 -m C60+I+G5 -pre iq_clustal34_hmm_ag_0.165-0.288_C60_I_G5 --runs 2 -bb 2000
Seed:    37694 (Using SPRNG - Scalable Parallel Random Number Generator)
Time:    Wed Apr 28 18:59:52 2021
Kernel:  AVX+FMA - 32 threads (32 CPU cores detected)

Reading alignment file ../../data/clustal34_hmm_ag_0.165-0.288.phy ... Phylip format detected
Alignment most likely contains protein sequences
Alignment has 37 sequences with 32718 columns, 20996 distinct patterns
11024 parsimony-informative, 6549 singleton sites, 15145 constant sites
           Gap/Ambiguity  Composition  p-value
   1  Allox_ar     2.20%    passed     98.61%
   2  Andr_cur     4.04%    passed     98.51%
   3  Andr_gro     9.88%    passed     99.34%
   4  Andr_qln     5.39%    passed     99.98%
   5  Andr_qrm     9.05%    passed     71.73%
   6  Aula_tav     1.13%    passed     99.93%
   7  Aylax_hy     1.53%    passed     99.97%
   8  Beloc_tr     0.70%    passed     99.91%
   9  Bior_pal    54.49%    failed      4.16%
  10  Callas_no   15.66%    passed     97.09%
  11  Calli_sp     6.02%    passed     98.85%
  12  Cecin_ib    23.15%    passed     49.24%
  13  Cerop_ma     4.43%    passed    100.00%
  14  Diast_ki     4.08%    passed    100.00%
  15  Dipl_spi     1.69%    passed     98.25%
  16  Escha_ac     8.47%    failed      0.00%
  17  Gana_sp1    18.38%    failed      1.04%
  18  Hedic_le     8.32%    passed     95.61%
  19  Irae_his    27.85%    passed     39.59%
  20  Isoc_cen     1.37%    passed     99.99%
  21  Lepto_bo     4.16%    failed      0.00%
  22  Lepto_cl     4.57%    failed      0.52%
  23  Lepto_he     3.81%    failed      4.57%
  24  Parn_nig     4.58%    passed     99.98%
  25  Pedia_ac    10.90%    passed     24.29%
  26  Peric_JH     0.66%    passed    100.00%
  27  Phaen_vi     5.22%    passed     97.92%
  28  Phana_JH    19.01%    passed     99.82%
  29  Prot_spe    18.83%    passed     93.64%
  30  Qwaq_sco     4.24%    passed     95.96%
  31  Syne_gif     1.16%    passed     99.98%
  32  Syne_ito     8.11%    passed     99.40%
  33  Syne_jap     1.62%    passed    100.00%
  34  Syne_umb     3.93%    passed     99.80%
  35  Nasoniav     9.23%    failed      0.05%
  36  Orussusa     7.14%    failed      0.00%
  37  Micropld     8.32%    failed      0.00%
WARNING: 1 sequences contain more than 50% gaps/ambiguity
****  TOTAL        8.74%  9 sequences failed composition chi2 test (p-value<5%; df=19)

---> START RUN NUMBER 1 (seed: 37694)

Create initial parsimony tree by phylogenetic likelihood library (PLL)... 0.088 seconds
Generating 2000 samples for ultrafast bootstrap (seed: 37694)...
Model C60+I+G5 is alias for POISSON+G+FMIX{C60pi1:1:0.0169698865,C60pi2:1:0.0211683374,C60pi3:1:0.0276589079,C60pi4:1:0.0065675964,C60pi5:1:0.0141221416,C60pi6:1:0.0068774834,C60pi7:1:0.0146909701,C60pi8:1:0.0067225777,C60pi9:1:0.0018396660,C60pi10:1:0.0102547197,C60pi11:1:0.0230896163,C60pi12:1:0.0057941033,C60pi13:1:0.0125394534,C60pi14:1:0.0204526478,C60pi15:1:0.0070629602,C60pi16:1:0.0117982741,C60pi17:1:0.0068334668,C60pi18:1:0.0433775839,C60pi19:1:0.0318278731,C60pi20:1:0.0222546108,C60pi21:1:0.0102264969,C60pi22:1:0.0150545891,C60pi23:1:0.0134159878,C60pi24:1:0.0148552065,C60pi25:1:0.0239111516,C60pi26:1:0.0128776278,C60pi27:1:0.0222318842,C60pi28:1:0.0247444742,C60pi29:1:0.0214274810,C60pi30:1:0.0115001882,C60pi31:1:0.0076017389,C60pi32:1:0.0130258568,C60pi33:1:0.0093701965,C60pi34:1:0.0467194264,C60pi35:1:0.0441940314,C60pi36:1:0.0322263154,C60pi37:1:0.0402999891,C60pi38:1:0.0150234227,C60pi39:1:0.0104589903,C60pi40:1:0.0214742395,C60pi41:1:0.0154957836,C60pi42:1:0.0101789953,C60pi43:1:0.0227980379,C60pi44:1:0.0123204539,C60pi45:1:0.0066777583,C60pi46:1:0.0004150083,C60pi47:1:0.0344385130,C60pi48:1:0.0113663379,C60pi49:1:0.0127143049,C60pi50:1:0.0124323741,C60pi51:1:0.0262124415,C60pi52:1:0.0064994957,C60pi53:1:0.0103203293,C60pi54:1:0.0142463512,C60pi55:1:0.0215600067,C60pi56:1:0.0199150700,C60pi57:1:0.0038964200,C60pi58:1:0.0113448855,C60pi59:1:0.0128595846,C60pi60:1:0.0117656776}+I+G5

NOTE: 28993 MB RAM (28 GB) is required!
Estimate model parameters (epsilon = 0.100)
1. Initial log-likelihood: -450362.124
2. Current log-likelihood: -445637.118
3. Current log-likelihood: -445560.268
4. Current log-likelihood: -445558.762
5. Current log-likelihood: -445557.814
6. Current log-likelihood: -445556.903
7. Current log-likelihood: -445556.219
8. Current log-likelihood: -445555.641
9. Current log-likelihood: -445555.152
10. Current log-likelihood: -445554.740
11. Current log-likelihood: -445554.395
12. Current log-likelihood: -445554.107
13. Current log-likelihood: -445553.867
14. Current log-likelihood: -445553.667
15. Current log-likelihood: -445553.502
16. Current log-likelihood: -445553.365
17. Current log-likelihood: -445553.252
Optimal log-likelihood: -445553.145
Mixture weights: 0.017 0.021 0.028 0.007 0.014 0.007 0.015 0.007 0.002 0.010 0.023 0.006 0.013 0.020 0.007 0.012 0.007 0.043 0.032 0.022 0.010 0.015 0.013 0.015 0.024 0.013 0.022 0.025 0.021 0.011 0.008 0.013 0.009 0.047 0.044 0.032 0.040 0.015 0.010 0.021 0.015 0.010 0.023 0.012 0.007 0.001 0.034 0.011 0.013 0.012 0.026 0.006 0.010 0.014 0.022 0.020 0.004 0.011 0.013 0.012
Proportion of invariable sites: 0.259
Gamma shape alpha: 0.589
Parameters optimization took 17 rounds (240.609 sec)
Computing ML distances based on estimated model parameters... 3.083 sec
Computing BIONJ tree...
0.001 seconds
Log-likelihood of BIONJ tree: -445565.724
--------------------------------------------------------------------
|             INITIALIZING CANDIDATE TREE SET                      |
--------------------------------------------------------------------
Generating 98 parsimony trees... 18.128 second
Computing log-likelihood of 98 initial trees ... 995.859 seconds
Current best score: -445553.145

Do NNI search on 20 best initial trees
Estimate model parameters (epsilon = 0.100)
BETTER TREE FOUND at iteration 1: -445455.473
Iteration 10 / LogL: -445456.066 / Time: 0h:35m:4s
Iteration 20 / LogL: -445455.713 / Time: 0h:49m:9s
Finish initializing candidate tree set (1)
Current best tree score: -445455.473 / CPU time: 2657.032
Number of iterations: 20
--------------------------------------------------------------------
|               OPTIMIZING CANDIDATE TREE SET                      |
--------------------------------------------------------------------
Iteration 30 / LogL: -445474.448 / Time: 1h:6m:27s (2h:42m:42s left)
Iteration 40 / LogL: -445455.690 / Time: 1h:22m:50s (2h:9m:33s left)
Iteration 50 / LogL: -445456.038 / Time: 1h:39m:36s (1h:43m:40s left)
Log-likelihood cutoff on original alignment: -445520.929
Iteration 60 / LogL: -445456.219 / Time: 1h:56m:33s (1h:20m:59s left)
Iteration 70 / LogL: -445457.130 / Time: 2h:13m:48s (1h:0m:7s left)
Iteration 80 / LogL: -445458.225 / Time: 2h:31m:1s (0h:40m:8s left)
UPDATE BEST LOG-LIKELIHOOD: -445455.472
Iteration 90 / LogL: -445458.622 / Time: 2h:45m:18s (0h:20m:25s left)
Iteration 100 / LogL: -445457.481 / Time: 3h:1m:2s (0h:1m:49s left)
Log-likelihood cutoff on original alignment: -445520.929
NOTE: Bootstrap correlation coefficient of split occurrence frequencies: 1.000
TREE SEARCH COMPLETED AFTER 102 ITERATIONS / Time: 3h:4m:8s

--------------------------------------------------------------------
|                    FINALIZING TREE SEARCH                        |
--------------------------------------------------------------------
Performs final model parameters optimization
Estimate model parameters (epsilon = 0.010)
1. Initial log-likelihood: -445455.472
2. Current log-likelihood: -445455.406
3. Current log-likelihood: -445455.357
4. Current log-likelihood: -445455.319
5. Current log-likelihood: -445455.287
6. Current log-likelihood: -445455.261
7. Current log-likelihood: -445455.232
8. Current log-likelihood: -445455.219
9. Current log-likelihood: -445455.199
Optimal log-likelihood: -445455.188
Mixture weights: 0.017 0.021 0.028 0.007 0.014 0.007 0.015 0.007 0.002 0.010 0.023 0.006 0.013 0.020 0.007 0.012 0.007 0.043 0.032 0.022 0.010 0.015 0.013 0.015 0.024 0.013 0.022 0.025 0.021 0.011 0.008 0.013 0.009 0.047 0.044 0.032 0.040 0.015 0.010 0.021 0.015 0.010 0.023 0.012 0.007 0.001 0.034 0.011 0.013 0.012 0.026 0.006 0.010 0.014 0.022 0.020 0.004 0.011 0.013 0.012
Proportion of invariable sites: 0.264
Gamma shape alpha: 0.597
Parameters optimization took 9 rounds (101.679 sec)
BEST SCORE FOUND : -445455.188
Creating bootstrap support values...
Split supports printed to NEXUS file iq_clustal34_hmm_ag_0.165-0.288_C60_I_G5.splits.nex
Total tree length: 3.632

Total number of iterations: 102
CPU time used for tree search: 342061.016 sec (95h:1m:1s)
Wall-clock time used for tree search: 10755.879 sec (2h:59m:15s)
Total CPU time used: 354627.191 sec (98h:30m:27s)
Total wall-clock time used: 11151.481 sec (3h:5m:51s)

Computing bootstrap consensus tree...
Reading input file iq_clustal34_hmm_ag_0.165-0.288_C60_I_G5.splits.nex...
37 taxa and 97 splits.
Consensus tree written to iq_clustal34_hmm_ag_0.165-0.288_C60_I_G5.contree
Reading input trees file iq_clustal34_hmm_ag_0.165-0.288_C60_I_G5.contree
Log-likelihood of consensus tree: -445455.187

---> START RUN NUMBER 2 (seed: 38694)

Create initial parsimony tree by phylogenetic likelihood library (PLL)... 0.220 seconds
Generating 2000 samples for ultrafast bootstrap (seed: 38694)...
Model C60+I+G5 is alias for POISSON+G+FMIX{C60pi1:1:0.0169698865,C60pi2:1:0.0211683374,C60pi3:1:0.0276589079,C60pi4:1:0.0065675964,C60pi5:1:0.0141221416,C60pi6:1:0.0068774834,C60pi7:1:0.0146909701,C60pi8:1:0.0067225777,C60pi9:1:0.0018396660,C60pi10:1:0.0102547197,C60pi11:1:0.0230896163,C60pi12:1:0.0057941033,C60pi13:1:0.0125394534,C60pi14:1:0.0204526478,C60pi15:1:0.0070629602,C60pi16:1:0.0117982741,C60pi17:1:0.0068334668,C60pi18:1:0.0433775839,C60pi19:1:0.0318278731,C60pi20:1:0.0222546108,C60pi21:1:0.0102264969,C60pi22:1:0.0150545891,C60pi23:1:0.0134159878,C60pi24:1:0.0148552065,C60pi25:1:0.0239111516,C60pi26:1:0.0128776278,C60pi27:1:0.0222318842,C60pi28:1:0.0247444742,C60pi29:1:0.0214274810,C60pi30:1:0.0115001882,C60pi31:1:0.0076017389,C60pi32:1:0.0130258568,C60pi33:1:0.0093701965,C60pi34:1:0.0467194264,C60pi35:1:0.0441940314,C60pi36:1:0.0322263154,C60pi37:1:0.0402999891,C60pi38:1:0.0150234227,C60pi39:1:0.0104589903,C60pi40:1:0.0214742395,C60pi41:1:0.0154957836,C60pi42:1:0.0101789953,C60pi43:1:0.0227980379,C60pi44:1:0.0123204539,C60pi45:1:0.0066777583,C60pi46:1:0.0004150083,C60pi47:1:0.0344385130,C60pi48:1:0.0113663379,C60pi49:1:0.0127143049,C60pi50:1:0.0124323741,C60pi51:1:0.0262124415,C60pi52:1:0.0064994957,C60pi53:1:0.0103203293,C60pi54:1:0.0142463512,C60pi55:1:0.0215600067,C60pi56:1:0.0199150700,C60pi57:1:0.0038964200,C60pi58:1:0.0113448855,C60pi59:1:0.0128595846,C60pi60:1:0.0117656776}+I+G5

NOTE: 28993 MB RAM (28 GB) is required!
Estimate model parameters (epsilon = 0.100)
1. Initial log-likelihood: -450343.614
2. Current log-likelihood: -445612.489
3. Current log-likelihood: -445535.812
4. Current log-likelihood: -445534.209
5. Current log-likelihood: -445533.258
6. Current log-likelihood: -445532.436
7. Current log-likelihood: -445531.735
8. Current log-likelihood: -445531.140
9. Current log-likelihood: -445530.639
10. Current log-likelihood: -445530.219
11. Current log-likelihood: -445529.867
12. Current log-likelihood: -445529.574
13. Current log-likelihood: -445529.330
14. Current log-likelihood: -445529.127
15. Current log-likelihood: -445528.959
16. Current log-likelihood: -445528.820
17. Current log-likelihood: -445528.705
Optimal log-likelihood: -445528.597
Mixture weights: 0.017 0.021 0.028 0.007 0.014 0.007 0.015 0.007 0.002 0.010 0.023 0.006 0.013 0.020 0.007 0.012 0.007 0.043 0.032 0.022 0.010 0.015 0.013 0.015 0.024 0.013 0.022 0.025 0.021 0.011 0.008 0.013 0.009 0.047 0.044 0.032 0.040 0.015 0.010 0.021 0.015 0.010 0.023 0.012 0.007 0.001 0.034 0.011 0.013 0.012 0.026 0.006 0.010 0.014 0.022 0.020 0.004 0.011 0.013 0.012
Proportion of invariable sites: 0.260
Gamma shape alpha: 0.589
Parameters optimization took 17 rounds (241.165 sec)
Computing ML distances based on estimated model parameters... 0.737 sec
Computing BIONJ tree...
0.001 seconds
Log-likelihood of BIONJ tree: -445565.710
--------------------------------------------------------------------
|             INITIALIZING CANDIDATE TREE SET                      |
--------------------------------------------------------------------
Generating 98 parsimony trees... 17.902 second
Computing log-likelihood of 98 initial trees ... 993.018 seconds
Current best score: -445528.597

Do NNI search on 20 best initial trees
Estimate model parameters (epsilon = 0.100)
BETTER TREE FOUND at iteration 1: -445455.514
Iteration 10 / LogL: -445455.696 / Time: 0h:35m:9s
Iteration 20 / LogL: -445456.866 / Time: 0h:50m:47s
Finish initializing candidate tree set (2)
Current best tree score: -445455.514 / CPU time: 2757.254
Number of iterations: 20
--------------------------------------------------------------------
|               OPTIMIZING CANDIDATE TREE SET                      |
--------------------------------------------------------------------
Iteration 30 / LogL: -445455.518 / Time: 1h:6m:42s (2h:43m:17s left)
Iteration 40 / LogL: -445456.906 / Time: 1h:23m:50s (2h:11m:7s left)
Iteration 50 / LogL: -445457.052 / Time: 1h:39m:54s (1h:43m:58s left)
Log-likelihood cutoff on original alignment: -445527.698
Iteration 60 / LogL: -445455.851 / Time: 1h:56m:23s (1h:20m:52s left)
Iteration 70 / LogL: -445459.822 / Time: 2h:12m:27s (0h:59m:30s left)
Iteration 80 / LogL: -445459.445 / Time: 2h:30m:34s (0h:40m:1s left)
Iteration 90 / LogL: -445455.989 / Time: 2h:46m:13s (0h:20m:32s left)
Iteration 100 / LogL: -445455.901 / Time: 3h:2m:0s (0h:1m:50s left)
Log-likelihood cutoff on original alignment: -445527.698
NOTE: Bootstrap correlation coefficient of split occurrence frequencies: 1.000
TREE SEARCH COMPLETED AFTER 102 ITERATIONS / Time: 3h:5m:30s

--------------------------------------------------------------------
|                    FINALIZING TREE SEARCH                        |
--------------------------------------------------------------------
Performs final model parameters optimization
Estimate model parameters (epsilon = 0.010)
1. Initial log-likelihood: -445455.514
2. Current log-likelihood: -445455.453
3. Current log-likelihood: -445455.399
4. Current log-likelihood: -445455.353
5. Current log-likelihood: -445455.315
6. Current log-likelihood: -445455.284
7. Current log-likelihood: -445455.258
8. Current log-likelihood: -445455.230
9. Current log-likelihood: -445455.217
10. Current log-likelihood: -445455.197
Optimal log-likelihood: -445455.186
Mixture weights: 0.017 0.021 0.028 0.007 0.014 0.007 0.015 0.007 0.002 0.010 0.023 0.006 0.013 0.020 0.007 0.012 0.007 0.043 0.032 0.022 0.010 0.015 0.013 0.015 0.024 0.013 0.022 0.025 0.021 0.011 0.008 0.013 0.009 0.047 0.044 0.032 0.040 0.015 0.010 0.021 0.015 0.010 0.023 0.012 0.007 0.001 0.034 0.011 0.013 0.012 0.026 0.006 0.010 0.014 0.022 0.020 0.004 0.011 0.013 0.012
Proportion of invariable sites: 0.264
Gamma shape alpha: 0.597
Parameters optimization took 10 rounds (112.341 sec)
BEST SCORE FOUND : -445455.186
Creating bootstrap support values...
Split supports printed to NEXUS file iq_clustal34_hmm_ag_0.165-0.288_C60_I_G5.splits.nex
Total tree length: 3.632

Total number of iterations: 102
CPU time used for tree search: 344859.134 sec (95h:47m:39s)
Wall-clock time used for tree search: 10839.762 sec (3h:0m:39s)
Total CPU time used: 357682.500 sec (99h:21m:22s)
Total wall-clock time used: 11243.328 sec (3h:7m:23s)

Computing bootstrap consensus tree...
Reading input file iq_clustal34_hmm_ag_0.165-0.288_C60_I_G5.splits.nex...
37 taxa and 95 splits.
Consensus tree written to iq_clustal34_hmm_ag_0.165-0.288_C60_I_G5.contree
Reading input trees file iq_clustal34_hmm_ag_0.165-0.288_C60_I_G5.contree
Log-likelihood of consensus tree: -445455.186

---> SUMMARIZE RESULTS FROM 2 RUNS

Run 2 gave best log-likelihood: -445455.186
Model C60+I+G5 is alias for POISSON+G+FMIX{C60pi1:1:0.0169698865,C60pi2:1:0.0211683374,C60pi3:1:0.0276589079,C60pi4:1:0.0065675964,C60pi5:1:0.0141221416,C60pi6:1:0.0068774834,C60pi7:1:0.0146909701,C60pi8:1:0.0067225777,C60pi9:1:0.0018396660,C60pi10:1:0.0102547197,C60pi11:1:0.0230896163,C60pi12:1:0.0057941033,C60pi13:1:0.0125394534,C60pi14:1:0.0204526478,C60pi15:1:0.0070629602,C60pi16:1:0.0117982741,C60pi17:1:0.0068334668,C60pi18:1:0.0433775839,C60pi19:1:0.0318278731,C60pi20:1:0.0222546108,C60pi21:1:0.0102264969,C60pi22:1:0.0150545891,C60pi23:1:0.0134159878,C60pi24:1:0.0148552065,C60pi25:1:0.0239111516,C60pi26:1:0.0128776278,C60pi27:1:0.0222318842,C60pi28:1:0.0247444742,C60pi29:1:0.0214274810,C60pi30:1:0.0115001882,C60pi31:1:0.0076017389,C60pi32:1:0.0130258568,C60pi33:1:0.0093701965,C60pi34:1:0.0467194264,C60pi35:1:0.0441940314,C60pi36:1:0.0322263154,C60pi37:1:0.0402999891,C60pi38:1:0.0150234227,C60pi39:1:0.0104589903,C60pi40:1:0.0214742395,C60pi41:1:0.0154957836,C60pi42:1:0.0101789953,C60pi43:1:0.0227980379,C60pi44:1:0.0123204539,C60pi45:1:0.0066777583,C60pi46:1:0.0004150083,C60pi47:1:0.0344385130,C60pi48:1:0.0113663379,C60pi49:1:0.0127143049,C60pi50:1:0.0124323741,C60pi51:1:0.0262124415,C60pi52:1:0.0064994957,C60pi53:1:0.0103203293,C60pi54:1:0.0142463512,C60pi55:1:0.0215600067,C60pi56:1:0.0199150700,C60pi57:1:0.0038964200,C60pi58:1:0.0113448855,C60pi59:1:0.0128595846,C60pi60:1:0.0117656776}+I+G5
Split supports printed to NEXUS file iq_clustal34_hmm_ag_0.165-0.288_C60_I_G5.splits.nex
Consensus tree written to iq_clustal34_hmm_ag_0.165-0.288_C60_I_G5.contree
Total CPU time for 2 runs: 715369.345 seconds.
Total wall-clock time for 2 runs: 22490.872 seconds.


Analysis results written to: 
  IQ-TREE report:                iq_clustal34_hmm_ag_0.165-0.288_C60_I_G5.iqtree
  Maximum-likelihood tree:       iq_clustal34_hmm_ag_0.165-0.288_C60_I_G5.treefile
  Trees from independent runs:   iq_clustal34_hmm_ag_0.165-0.288_C60_I_G5.runtrees
  Likelihood distances:          iq_clustal34_hmm_ag_0.165-0.288_C60_I_G5.mldist

Ultrafast bootstrap approximation results written to:
  Split support values:          iq_clustal34_hmm_ag_0.165-0.288_C60_I_G5.splits.nex
  Consensus tree:                iq_clustal34_hmm_ag_0.165-0.288_C60_I_G5.contree
  Screen log file:               iq_clustal34_hmm_ag_0.165-0.288_C60_I_G5.log

Date and Time: Thu Apr 29 01:14:43 2021
Thu Apr 29 01:14:43 CEST 2021
