Sun Apr 11 03:06:03 CEST 2021
IQ-TREE multicore version 1.6.12 for Linux 64-bit built Aug 15 2019
Developed by Bui Quang Minh, Nguyen Lam Tung, Olga Chernomor,
Heiko Schmidt, Dominik Schrempf, Michael Woodhams.

Host:    n608 (AVX512, FMA3, 93 GB RAM)
Command: ../../iqtree-1.6.12-Linux/bin/iqtree -s ../../data/allgaps34_od8-9.phy -nt 32 -m C60+I+G5 -pre iq_34_od8-9_C60_I_G5 --runs 2 -bb 2000
Seed:    808009 (Using SPRNG - Scalable Parallel Random Number Generator)
Time:    Sun Apr 11 03:06:03 2021
Kernel:  AVX+FMA - 32 threads (32 CPU cores detected)

Reading alignment file ../../data/allgaps34_od8-9.phy ... Phylip format detected
Alignment most likely contains protein sequences
Alignment has 37 sequences with 39967 columns, 29563 distinct patterns
16626 parsimony-informative, 9801 singleton sites, 13540 constant sites
           Gap/Ambiguity  Composition  p-value
   1  Allox_ar     7.35%    passed     84.99%
   2  Andr_cur     6.71%    passed     96.05%
   3  Andr_gro    11.33%    passed     98.63%
   4  Andr_qln    10.96%    passed     94.93%
   5  Andr_qrm    12.98%    passed     98.31%
   6  Aula_tav     6.83%    passed     99.12%
   7  Aylax_hy     7.12%    passed     99.09%
   8  Beloc_tr     6.26%    passed     91.47%
   9  Bior_pal    44.70%    failed      3.10%
  10  Callas_no   18.16%    passed     36.93%
  11  Calli_sp    14.30%    passed     92.03%
  12  Cecin_ib    26.82%    failed      3.20%
  13  Cerop_ma     8.37%    passed    100.00%
  14  Diast_ki    11.19%    passed    100.00%
  15  Dipl_spi    12.82%    passed     55.75%
  16  Escha_ac    20.99%    failed      0.00%
  17  Gana_sp1    45.56%    failed      0.01%
  18  Hedic_le    12.28%    passed     88.98%
  19  Irae_his    29.68%    passed     39.73%
  20  Isoc_cen     9.31%    passed     97.99%
  21  Lepto_bo     9.34%    failed      0.00%
  22  Lepto_cl    10.72%    failed      0.00%
  23  Lepto_he     8.19%    failed      0.14%
  24  Parn_nig     9.15%    passed     87.34%
  25  Pedia_ac    14.67%    passed     96.21%
  26  Peric_JH     7.57%    passed    100.00%
  27  Phaen_vi     8.10%    passed     88.71%
  28  Phana_JH    27.45%    passed     94.10%
  29  Prot_spe    17.14%    passed     97.63%
  30  Qwaq_sco    12.67%    passed     73.48%
  31  Syne_gif     8.35%    passed     99.94%
  32  Syne_ito     8.60%    passed    100.00%
  33  Syne_jap     7.00%    passed     99.87%
  34  Syne_umb     7.01%    passed    100.00%
  35  Nasoniav     8.84%    failed      0.00%
  36  Orussusa     6.06%    failed      0.00%
  37  Micropld     7.46%    failed      0.00%
****  TOTAL       13.57%  10 sequences failed composition chi2 test (p-value<5%; df=19)

---> START RUN NUMBER 1 (seed: 808009)

Create initial parsimony tree by phylogenetic likelihood library (PLL)... 0.182 seconds
Generating 2000 samples for ultrafast bootstrap (seed: 808009)...
Model C60+I+G5 is alias for POISSON+G+FMIX{C60pi1:1:0.0169698865,C60pi2:1:0.0211683374,C60pi3:1:0.0276589079,C60pi4:1:0.0065675964,C60pi5:1:0.0141221416,C60pi6:1:0.0068774834,C60pi7:1:0.0146909701,C60pi8:1:0.0067225777,C60pi9:1:0.0018396660,C60pi10:1:0.0102547197,C60pi11:1:0.0230896163,C60pi12:1:0.0057941033,C60pi13:1:0.0125394534,C60pi14:1:0.0204526478,C60pi15:1:0.0070629602,C60pi16:1:0.0117982741,C60pi17:1:0.0068334668,C60pi18:1:0.0433775839,C60pi19:1:0.0318278731,C60pi20:1:0.0222546108,C60pi21:1:0.0102264969,C60pi22:1:0.0150545891,C60pi23:1:0.0134159878,C60pi24:1:0.0148552065,C60pi25:1:0.0239111516,C60pi26:1:0.0128776278,C60pi27:1:0.0222318842,C60pi28:1:0.0247444742,C60pi29:1:0.0214274810,C60pi30:1:0.0115001882,C60pi31:1:0.0076017389,C60pi32:1:0.0130258568,C60pi33:1:0.0093701965,C60pi34:1:0.0467194264,C60pi35:1:0.0441940314,C60pi36:1:0.0322263154,C60pi37:1:0.0402999891,C60pi38:1:0.0150234227,C60pi39:1:0.0104589903,C60pi40:1:0.0214742395,C60pi41:1:0.0154957836,C60pi42:1:0.0101789953,C60pi43:1:0.0227980379,C60pi44:1:0.0123204539,C60pi45:1:0.0066777583,C60pi46:1:0.0004150083,C60pi47:1:0.0344385130,C60pi48:1:0.0113663379,C60pi49:1:0.0127143049,C60pi50:1:0.0124323741,C60pi51:1:0.0262124415,C60pi52:1:0.0064994957,C60pi53:1:0.0103203293,C60pi54:1:0.0142463512,C60pi55:1:0.0215600067,C60pi56:1:0.0199150700,C60pi57:1:0.0038964200,C60pi58:1:0.0113448855,C60pi59:1:0.0128595846,C60pi60:1:0.0117656776}+I+G5

NOTE: 40813 MB RAM (39 GB) is required!
Estimate model parameters (epsilon = 0.100)
1. Initial log-likelihood: -731139.468
2. Current log-likelihood: -723361.417
3. Current log-likelihood: -723325.182
4. Current log-likelihood: -723324.686
5. Current log-likelihood: -723324.464
6. Current log-likelihood: -723324.293
7. Current log-likelihood: -723324.153
8. Current log-likelihood: -723324.038
Optimal log-likelihood: -723323.947
Mixture weights: 0.017 0.021 0.028 0.007 0.014 0.007 0.015 0.007 0.002 0.010 0.023 0.006 0.013 0.020 0.007 0.012 0.007 0.043 0.032 0.022 0.010 0.015 0.013 0.015 0.024 0.013 0.022 0.025 0.021 0.011 0.008 0.013 0.009 0.047 0.044 0.032 0.040 0.015 0.010 0.021 0.015 0.010 0.023 0.012 0.007 0.001 0.034 0.011 0.013 0.012 0.026 0.006 0.010 0.014 0.022 0.020 0.004 0.011 0.013 0.012
Proportion of invariable sites: 0.162
Gamma shape alpha: 0.752
Parameters optimization took 8 rounds (166.136 sec)
Computing ML distances based on estimated model parameters... 1.069 sec
Computing BIONJ tree...
0.001 seconds
Log-likelihood of BIONJ tree: -724691.662
--------------------------------------------------------------------
|             INITIALIZING CANDIDATE TREE SET                      |
--------------------------------------------------------------------
Generating 98 parsimony trees... 22.096 second
Computing log-likelihood of 98 initial trees ... 1371.183 seconds
Current best score: -723323.947

Do NNI search on 20 best initial trees
Estimate model parameters (epsilon = 0.100)
BETTER TREE FOUND at iteration 1: -723292.751
Iteration 10 / LogL: -723478.318 / Time: 0h:46m:21s
Iteration 20 / LogL: -723293.171 / Time: 1h:7m:41s
Finish initializing candidate tree set (2)
Current best tree score: -723292.751 / CPU time: 3827.509
Number of iterations: 20
--------------------------------------------------------------------
|               OPTIMIZING CANDIDATE TREE SET                      |
--------------------------------------------------------------------
Iteration 30 / LogL: -723478.081 / Time: 1h:30m:3s (3h:40m:28s left)
Iteration 40 / LogL: -723295.634 / Time: 1h:54m:53s (2h:59m:42s left)
Iteration 50 / LogL: -723293.596 / Time: 2h:21m:45s (2h:27m:32s left)
Log-likelihood cutoff on original alignment: -723352.431
Iteration 60 / LogL: -723292.923 / Time: 2h:46m:59s (1h:56m:2s left)
Iteration 70 / LogL: -723292.972 / Time: 3h:11m:42s (1h:26m:7s left)
Iteration 80 / LogL: -723487.147 / Time: 3h:34m:33s (0h:57m:2s left)
Iteration 90 / LogL: -723763.213 / Time: 3h:59m:35s (0h:29m:36s left)
Iteration 100 / LogL: -723481.277 / Time: 4h:24m:45s (0h:2m:40s left)
Log-likelihood cutoff on original alignment: -723352.569
NOTE: Bootstrap correlation coefficient of split occurrence frequencies: 1.000
TREE SEARCH COMPLETED AFTER 102 ITERATIONS / Time: 4h:28m:42s

--------------------------------------------------------------------
|                    FINALIZING TREE SEARCH                        |
--------------------------------------------------------------------
Performs final model parameters optimization
Estimate model parameters (epsilon = 0.010)
1. Initial log-likelihood: -723292.751
2. Current log-likelihood: -723292.699
3. Current log-likelihood: -723292.658
4. Current log-likelihood: -723292.622
5. Current log-likelihood: -723292.591
6. Current log-likelihood: -723292.563
7. Current log-likelihood: -723292.539
8. Current log-likelihood: -723292.518
9. Current log-likelihood: -723292.500
Optimal log-likelihood: -723292.489
Mixture weights: 0.017 0.021 0.028 0.007 0.014 0.007 0.015 0.007 0.002 0.010 0.023 0.006 0.013 0.020 0.007 0.012 0.007 0.043 0.032 0.022 0.010 0.015 0.013 0.015 0.024 0.013 0.022 0.025 0.021 0.011 0.008 0.013 0.009 0.047 0.044 0.032 0.040 0.015 0.010 0.021 0.015 0.010 0.023 0.012 0.007 0.001 0.034 0.011 0.013 0.012 0.026 0.006 0.010 0.014 0.022 0.020 0.004 0.011 0.013 0.012
Proportion of invariable sites: 0.159
Gamma shape alpha: 0.741
Parameters optimization took 9 rounds (136.361 sec)
BEST SCORE FOUND : -723292.489
Creating bootstrap support values...
Split supports printed to NEXUS file iq_34_od8-9_C60_I_G5.splits.nex
Total tree length: 5.231

Total number of iterations: 102
CPU time used for tree search: 505757.432 sec (140h:29m:17s)
Wall-clock time used for tree search: 15889.360 sec (4h:24m:49s)
Total CPU time used: 517545.605 sec (143h:45m:45s)
Total wall-clock time used: 16260.587 sec (4h:31m:0s)

Computing bootstrap consensus tree...
Reading input file iq_34_od8-9_C60_I_G5.splits.nex...
37 taxa and 85 splits.
Consensus tree written to iq_34_od8-9_C60_I_G5.contree
Reading input trees file iq_34_od8-9_C60_I_G5.contree
Log-likelihood of consensus tree: -723292.488

---> START RUN NUMBER 2 (seed: 809009)

Create initial parsimony tree by phylogenetic likelihood library (PLL)... 0.170 seconds
Generating 2000 samples for ultrafast bootstrap (seed: 809009)...
Model C60+I+G5 is alias for POISSON+G+FMIX{C60pi1:1:0.0169698865,C60pi2:1:0.0211683374,C60pi3:1:0.0276589079,C60pi4:1:0.0065675964,C60pi5:1:0.0141221416,C60pi6:1:0.0068774834,C60pi7:1:0.0146909701,C60pi8:1:0.0067225777,C60pi9:1:0.0018396660,C60pi10:1:0.0102547197,C60pi11:1:0.0230896163,C60pi12:1:0.0057941033,C60pi13:1:0.0125394534,C60pi14:1:0.0204526478,C60pi15:1:0.0070629602,C60pi16:1:0.0117982741,C60pi17:1:0.0068334668,C60pi18:1:0.0433775839,C60pi19:1:0.0318278731,C60pi20:1:0.0222546108,C60pi21:1:0.0102264969,C60pi22:1:0.0150545891,C60pi23:1:0.0134159878,C60pi24:1:0.0148552065,C60pi25:1:0.0239111516,C60pi26:1:0.0128776278,C60pi27:1:0.0222318842,C60pi28:1:0.0247444742,C60pi29:1:0.0214274810,C60pi30:1:0.0115001882,C60pi31:1:0.0076017389,C60pi32:1:0.0130258568,C60pi33:1:0.0093701965,C60pi34:1:0.0467194264,C60pi35:1:0.0441940314,C60pi36:1:0.0322263154,C60pi37:1:0.0402999891,C60pi38:1:0.0150234227,C60pi39:1:0.0104589903,C60pi40:1:0.0214742395,C60pi41:1:0.0154957836,C60pi42:1:0.0101789953,C60pi43:1:0.0227980379,C60pi44:1:0.0123204539,C60pi45:1:0.0066777583,C60pi46:1:0.0004150083,C60pi47:1:0.0344385130,C60pi48:1:0.0113663379,C60pi49:1:0.0127143049,C60pi50:1:0.0124323741,C60pi51:1:0.0262124415,C60pi52:1:0.0064994957,C60pi53:1:0.0103203293,C60pi54:1:0.0142463512,C60pi55:1:0.0215600067,C60pi56:1:0.0199150700,C60pi57:1:0.0038964200,C60pi58:1:0.0113448855,C60pi59:1:0.0128595846,C60pi60:1:0.0117656776}+I+G5

NOTE: 40813 MB RAM (39 GB) is required!
Estimate model parameters (epsilon = 0.100)
1. Initial log-likelihood: -731139.468
2. Current log-likelihood: -723361.417
3. Current log-likelihood: -723325.182
4. Current log-likelihood: -723324.686
5. Current log-likelihood: -723324.464
6. Current log-likelihood: -723324.293
7. Current log-likelihood: -723324.153
8. Current log-likelihood: -723324.038
Optimal log-likelihood: -723323.947
Mixture weights: 0.017 0.021 0.028 0.007 0.014 0.007 0.015 0.007 0.002 0.010 0.023 0.006 0.013 0.020 0.007 0.012 0.007 0.043 0.032 0.022 0.010 0.015 0.013 0.015 0.024 0.013 0.022 0.025 0.021 0.011 0.008 0.013 0.009 0.047 0.044 0.032 0.040 0.015 0.010 0.021 0.015 0.010 0.023 0.012 0.007 0.001 0.034 0.011 0.013 0.012 0.026 0.006 0.010 0.014 0.022 0.020 0.004 0.011 0.013 0.012
Proportion of invariable sites: 0.162
Gamma shape alpha: 0.752
Parameters optimization took 8 rounds (167.578 sec)
Computing ML distances based on estimated model parameters... 0.910 sec
Computing BIONJ tree...
0.001 seconds
Log-likelihood of BIONJ tree: -724691.662
--------------------------------------------------------------------
|             INITIALIZING CANDIDATE TREE SET                      |
--------------------------------------------------------------------
Generating 98 parsimony trees... 21.878 second
Computing log-likelihood of 98 initial trees ... 1384.752 seconds
Current best score: -723323.947

Do NNI search on 20 best initial trees
Estimate model parameters (epsilon = 0.100)
BETTER TREE FOUND at iteration 1: -723292.751
Iteration 10 / LogL: -723294.429 / Time: 0h:46m:47s
Iteration 20 / LogL: -723292.998 / Time: 1h:6m:40s
Finish initializing candidate tree set (2)
Current best tree score: -723292.751 / CPU time: 3765.206
Number of iterations: 20
--------------------------------------------------------------------
|               OPTIMIZING CANDIDATE TREE SET                      |
--------------------------------------------------------------------
Iteration 30 / LogL: -723298.644 / Time: 1h:28m:7s (3h:35m:45s left)
Iteration 40 / LogL: -723293.091 / Time: 1h:48m:42s (2h:50m:1s left)
Iteration 50 / LogL: -723478.131 / Time: 2h:13m:17s (2h:18m:43s left)
Log-likelihood cutoff on original alignment: -723408.582
Iteration 60 / LogL: -723296.975 / Time: 2h:37m:25s (1h:49m:23s left)
Iteration 70 / LogL: -723296.242 / Time: 3h:0m:12s (1h:20m:57s left)
Iteration 80 / LogL: -723294.156 / Time: 3h:25m:19s (0h:54m:34s left)
Iteration 90 / LogL: -723297.457 / Time: 3h:48m:45s (0h:28m:16s left)
Iteration 100 / LogL: -723320.983 / Time: 4h:11m:9s (0h:2m:32s left)
Log-likelihood cutoff on original alignment: -723408.765
NOTE: Bootstrap correlation coefficient of split occurrence frequencies: 0.998
TREE SEARCH COMPLETED AFTER 102 ITERATIONS / Time: 4h:15m:53s

--------------------------------------------------------------------
|                    FINALIZING TREE SEARCH                        |
--------------------------------------------------------------------
Performs final model parameters optimization
Estimate model parameters (epsilon = 0.010)
1. Initial log-likelihood: -723292.751
2. Current log-likelihood: -723292.699
3. Current log-likelihood: -723292.658
4. Current log-likelihood: -723292.622
5. Current log-likelihood: -723292.591
6. Current log-likelihood: -723292.563
7. Current log-likelihood: -723292.539
8. Current log-likelihood: -723292.518
9. Current log-likelihood: -723292.500
Optimal log-likelihood: -723292.489
Mixture weights: 0.017 0.021 0.028 0.007 0.014 0.007 0.015 0.007 0.002 0.010 0.023 0.006 0.013 0.020 0.007 0.012 0.007 0.043 0.032 0.022 0.010 0.015 0.013 0.015 0.024 0.013 0.022 0.025 0.021 0.011 0.008 0.013 0.009 0.047 0.044 0.032 0.040 0.015 0.010 0.021 0.015 0.010 0.023 0.012 0.007 0.001 0.034 0.011 0.013 0.012 0.026 0.006 0.010 0.014 0.022 0.020 0.004 0.011 0.013 0.012
Proportion of invariable sites: 0.159
Gamma shape alpha: 0.741
Parameters optimization took 9 rounds (136.605 sec)
BEST SCORE FOUND : -723292.489
Creating bootstrap support values...
Split supports printed to NEXUS file iq_34_od8-9_C60_I_G5.splits.nex
Total tree length: 5.231

Total number of iterations: 102
CPU time used for tree search: 481142.264 sec (133h:39m:2s)
Wall-clock time used for tree search: 15118.134 sec (4h:11m:58s)
Total CPU time used: 493000.716 sec (136h:56m:40s)
Total wall-clock time used: 15491.543 sec (4h:18m:11s)

Computing bootstrap consensus tree...
Reading input file iq_34_od8-9_C60_I_G5.splits.nex...
37 taxa and 85 splits.
Consensus tree written to iq_34_od8-9_C60_I_G5.contree
Reading input trees file iq_34_od8-9_C60_I_G5.contree
Log-likelihood of consensus tree: -723292.488

---> SUMMARIZE RESULTS FROM 2 RUNS

Run 2 gave best log-likelihood: -723292.489
Model C60+I+G5 is alias for POISSON+G+FMIX{C60pi1:1:0.0169698865,C60pi2:1:0.0211683374,C60pi3:1:0.0276589079,C60pi4:1:0.0065675964,C60pi5:1:0.0141221416,C60pi6:1:0.0068774834,C60pi7:1:0.0146909701,C60pi8:1:0.0067225777,C60pi9:1:0.0018396660,C60pi10:1:0.0102547197,C60pi11:1:0.0230896163,C60pi12:1:0.0057941033,C60pi13:1:0.0125394534,C60pi14:1:0.0204526478,C60pi15:1:0.0070629602,C60pi16:1:0.0117982741,C60pi17:1:0.0068334668,C60pi18:1:0.0433775839,C60pi19:1:0.0318278731,C60pi20:1:0.0222546108,C60pi21:1:0.0102264969,C60pi22:1:0.0150545891,C60pi23:1:0.0134159878,C60pi24:1:0.0148552065,C60pi25:1:0.0239111516,C60pi26:1:0.0128776278,C60pi27:1:0.0222318842,C60pi28:1:0.0247444742,C60pi29:1:0.0214274810,C60pi30:1:0.0115001882,C60pi31:1:0.0076017389,C60pi32:1:0.0130258568,C60pi33:1:0.0093701965,C60pi34:1:0.0467194264,C60pi35:1:0.0441940314,C60pi36:1:0.0322263154,C60pi37:1:0.0402999891,C60pi38:1:0.0150234227,C60pi39:1:0.0104589903,C60pi40:1:0.0214742395,C60pi41:1:0.0154957836,C60pi42:1:0.0101789953,C60pi43:1:0.0227980379,C60pi44:1:0.0123204539,C60pi45:1:0.0066777583,C60pi46:1:0.0004150083,C60pi47:1:0.0344385130,C60pi48:1:0.0113663379,C60pi49:1:0.0127143049,C60pi50:1:0.0124323741,C60pi51:1:0.0262124415,C60pi52:1:0.0064994957,C60pi53:1:0.0103203293,C60pi54:1:0.0142463512,C60pi55:1:0.0215600067,C60pi56:1:0.0199150700,C60pi57:1:0.0038964200,C60pi58:1:0.0113448855,C60pi59:1:0.0128595846,C60pi60:1:0.0117656776}+I+G5
Split supports printed to NEXUS file iq_34_od8-9_C60_I_G5.splits.nex
Consensus tree written to iq_34_od8-9_C60_I_G5.contree
Total CPU time for 2 runs: 1014432.694 seconds.
Total wall-clock time for 2 runs: 31874.114 seconds.


Analysis results written to: 
  IQ-TREE report:                iq_34_od8-9_C60_I_G5.iqtree
  Maximum-likelihood tree:       iq_34_od8-9_C60_I_G5.treefile
  Trees from independent runs:   iq_34_od8-9_C60_I_G5.runtrees
  Likelihood distances:          iq_34_od8-9_C60_I_G5.mldist

Ultrafast bootstrap approximation results written to:
  Split support values:          iq_34_od8-9_C60_I_G5.splits.nex
  Consensus tree:                iq_34_od8-9_C60_I_G5.contree
  Screen log file:               iq_34_od8-9_C60_I_G5.log

Date and Time: Sun Apr 11 11:57:18 2021
Sun Apr 11 11:57:18 CEST 2021
