Tue Apr 27 04:43:14 CEST 2021
IQ-TREE multicore version 1.6.12 for Linux 64-bit built Aug 15 2019
Developed by Bui Quang Minh, Nguyen Lam Tung, Olga Chernomor,
Heiko Schmidt, Dominik Schrempf, Michael Woodhams.

Host:    n1557 (AVX512, FMA3, 93 GB RAM)
Command: ../../iqtree-1.6.12-Linux/bin/iqtree -s ../../data/clustal34_hmm_gte0.110.phy -nt 32 -m C60+I+G5 -pre iq_clustal34_hmm_gte0.110_C60_I_G5 --runs 2 -bb 2000
Seed:    895392 (Using SPRNG - Scalable Parallel Random Number Generator)
Time:    Tue Apr 27 04:43:14 2021
Kernel:  AVX+FMA - 32 threads (32 CPU cores detected)

Reading alignment file ../../data/clustal34_hmm_gte0.110.phy ... Phylip format detected
Alignment most likely contains protein sequences
WARNING: 33161 sites contain only gaps or ambiguous characters.
Alignment has 37 sequences with 98799 columns, 49787 distinct patterns
26837 parsimony-informative, 14616 singleton sites, 57346 constant sites
           Gap/Ambiguity  Composition  p-value
   1  Allox_ar    55.33%    failed      0.00%
   2  Andr_cur    53.75%    failed      0.00%
   3  Andr_gro    54.94%    failed      0.00%
   4  Andr_qln    58.68%    failed      0.47%
   5  Andr_qrm    52.64%    failed      0.00%
   6  Aula_tav    53.30%    failed      0.00%
   7  Aylax_hy    53.25%    failed      0.00%
   8  Beloc_tr    48.36%    failed      0.01%
   9  Bior_pal    71.20%    failed      0.03%
  10  Callas_no   62.56%    failed      0.00%
  11  Calli_sp    57.17%    failed      0.00%
  12  Cecin_ib    68.19%    failed      0.00%
  13  Cerop_ma    52.86%    failed      0.02%
  14  Diast_ki    54.42%    failed      0.32%
  15  Dipl_spi    57.61%    failed      0.00%
  16  Escha_ac    62.89%    failed      0.00%
  17  Gana_sp1    77.84%    failed      0.00%
  18  Hedic_le    56.15%    failed      0.04%
  19  Irae_his    60.79%    passed     13.89%
  20  Isoc_cen    56.42%    failed      3.41%
  21  Lepto_bo    58.00%    failed      0.00%
  22  Lepto_cl    55.84%    failed      0.00%
  23  Lepto_he    59.71%    failed      0.00%
  24  Parn_nig    56.50%    failed      2.77%
  25  Pedia_ac    53.48%    failed      0.10%
  26  Peric_JH    52.73%    failed      0.00%
  27  Phaen_vi    56.46%    failed      0.00%
  28  Phana_JH    67.42%    failed      0.01%
  29  Prot_spe    61.30%    failed      0.00%
  30  Qwaq_sco    56.73%    failed      0.00%
  31  Syne_gif    55.43%    passed      8.59%
  32  Syne_ito    53.69%    failed      1.64%
  33  Syne_jap    53.63%    failed      0.90%
  34  Syne_umb    50.77%    failed      0.00%
  35  Nasoniav    71.21%    failed      0.00%
  36  Orussusa    66.02%    failed      0.00%
  37  Micropld    71.03%    failed      0.00%
WARNING: 36 sequences contain more than 50% gaps/ambiguity
****  TOTAL       58.60%  35 sequences failed composition chi2 test (p-value<5%; df=19)

---> START RUN NUMBER 1 (seed: 895392)

Create initial parsimony tree by phylogenetic likelihood library (PLL)... 0.419 seconds
Generating 2000 samples for ultrafast bootstrap (seed: 895392)...
Model C60+I+G5 is alias for POISSON+G+FMIX{C60pi1:1:0.0169698865,C60pi2:1:0.0211683374,C60pi3:1:0.0276589079,C60pi4:1:0.0065675964,C60pi5:1:0.0141221416,C60pi6:1:0.0068774834,C60pi7:1:0.0146909701,C60pi8:1:0.0067225777,C60pi9:1:0.0018396660,C60pi10:1:0.0102547197,C60pi11:1:0.0230896163,C60pi12:1:0.0057941033,C60pi13:1:0.0125394534,C60pi14:1:0.0204526478,C60pi15:1:0.0070629602,C60pi16:1:0.0117982741,C60pi17:1:0.0068334668,C60pi18:1:0.0433775839,C60pi19:1:0.0318278731,C60pi20:1:0.0222546108,C60pi21:1:0.0102264969,C60pi22:1:0.0150545891,C60pi23:1:0.0134159878,C60pi24:1:0.0148552065,C60pi25:1:0.0239111516,C60pi26:1:0.0128776278,C60pi27:1:0.0222318842,C60pi28:1:0.0247444742,C60pi29:1:0.0214274810,C60pi30:1:0.0115001882,C60pi31:1:0.0076017389,C60pi32:1:0.0130258568,C60pi33:1:0.0093701965,C60pi34:1:0.0467194264,C60pi35:1:0.0441940314,C60pi36:1:0.0322263154,C60pi37:1:0.0402999891,C60pi38:1:0.0150234227,C60pi39:1:0.0104589903,C60pi40:1:0.0214742395,C60pi41:1:0.0154957836,C60pi42:1:0.0101789953,C60pi43:1:0.0227980379,C60pi44:1:0.0123204539,C60pi45:1:0.0066777583,C60pi46:1:0.0004150083,C60pi47:1:0.0344385130,C60pi48:1:0.0113663379,C60pi49:1:0.0127143049,C60pi50:1:0.0124323741,C60pi51:1:0.0262124415,C60pi52:1:0.0064994957,C60pi53:1:0.0103203293,C60pi54:1:0.0142463512,C60pi55:1:0.0215600067,C60pi56:1:0.0199150700,C60pi57:1:0.0038964200,C60pi58:1:0.0113448855,C60pi59:1:0.0128595846,C60pi60:1:0.0117656776}+I+G5

NOTE: 68713 MB RAM (67 GB) is required!
Estimate model parameters (epsilon = 0.100)
1. Initial log-likelihood: -1090895.311
2. Current log-likelihood: -1060197.873
3. Current log-likelihood: -1059699.849
4. Current log-likelihood: -1059624.031
5. Current log-likelihood: -1059580.482
6. Current log-likelihood: -1059554.454
7. Current log-likelihood: -1059537.909
8. Current log-likelihood: -1059527.132
9. Current log-likelihood: -1059519.962
10. Current log-likelihood: -1059514.892
11. Current log-likelihood: -1059511.269
12. Current log-likelihood: -1059508.644
13. Current log-likelihood: -1059506.717
14. Current log-likelihood: -1059505.372
15. Current log-likelihood: -1059504.254
16. Current log-likelihood: -1059503.485
17. Current log-likelihood: -1059502.889
18. Current log-likelihood: -1059502.423
19. Current log-likelihood: -1059502.059
20. Current log-likelihood: -1059501.774
21. Current log-likelihood: -1059501.551
22. Current log-likelihood: -1059501.398
23. Current log-likelihood: -1059501.253
24. Current log-likelihood: -1059501.152
Optimal log-likelihood: -1059501.066
Mixture weights: 0.017 0.021 0.028 0.007 0.014 0.007 0.015 0.007 0.002 0.010 0.023 0.006 0.013 0.020 0.007 0.012 0.007 0.043 0.032 0.022 0.010 0.015 0.013 0.015 0.024 0.013 0.022 0.025 0.021 0.011 0.008 0.013 0.009 0.047 0.044 0.032 0.040 0.015 0.010 0.021 0.015 0.010 0.023 0.012 0.007 0.001 0.034 0.011 0.013 0.012 0.026 0.006 0.010 0.014 0.022 0.020 0.004 0.011 0.013 0.012
Proportion of invariable sites: 0.177
Gamma shape alpha: 0.958
Parameters optimization took 24 rounds (911.708 sec)
Computing ML distances based on estimated model parameters... 1.194 sec
Computing BIONJ tree...
0.001 seconds
Log-likelihood of BIONJ tree: -1060662.046
--------------------------------------------------------------------
|             INITIALIZING CANDIDATE TREE SET                      |
--------------------------------------------------------------------
Generating 98 parsimony trees... 35.851 second
Computing log-likelihood of 98 initial trees ... 2417.926 seconds
Current best score: -1059501.066

Do NNI search on 20 best initial trees
Estimate model parameters (epsilon = 0.100)
BETTER TREE FOUND at iteration 1: -1059454.347
Iteration 10 / LogL: -1059458.697 / Time: 1h:32m:54s
Iteration 20 / LogL: -1059454.429 / Time: 2h:10m:51s
Finish initializing candidate tree set (4)
Current best tree score: -1059454.347 / CPU time: 6830.472
Number of iterations: 20
--------------------------------------------------------------------
|               OPTIMIZING CANDIDATE TREE SET                      |
--------------------------------------------------------------------
Iteration 30 / LogL: -1059455.099 / Time: 2h:56m:44s (7h:12m:39s left)
Iteration 40 / LogL: -1059900.528 / Time: 3h:37m:54s (5h:40m:48s left)
Iteration 50 / LogL: -1059457.710 / Time: 4h:18m:56s (4h:29m:29s left)
Log-likelihood cutoff on original alignment: -1059588.027
Iteration 60 / LogL: -1059455.347 / Time: 5h:0m:49s (3h:29m:2s left)
Iteration 70 / LogL: -1059455.644 / Time: 5h:41m:31s (2h:33m:26s left)
Iteration 80 / LogL: -1059457.870 / Time: 6h:22m:58s (1h:41m:47s left)
Iteration 90 / LogL: -1059458.975 / Time: 7h:1m:9s (0h:52m:3s left)
Iteration 100 / LogL: -1059455.640 / Time: 7h:39m:49s (0h:4m:38s left)
Log-likelihood cutoff on original alignment: -1059588.027
NOTE: Bootstrap correlation coefficient of split occurrence frequencies: 0.999
TREE SEARCH COMPLETED AFTER 102 ITERATIONS / Time: 7h:49m:15s

--------------------------------------------------------------------
|                    FINALIZING TREE SEARCH                        |
--------------------------------------------------------------------
Performs final model parameters optimization
Estimate model parameters (epsilon = 0.010)
1. Initial log-likelihood: -1059454.347
2. Current log-likelihood: -1059454.319
3. Current log-likelihood: -1059454.291
4. Current log-likelihood: -1059454.267
5. Current log-likelihood: -1059454.253
6. Current log-likelihood: -1059454.237
Optimal log-likelihood: -1059454.227
Mixture weights: 0.017 0.021 0.028 0.007 0.014 0.007 0.015 0.007 0.002 0.010 0.023 0.006 0.013 0.020 0.007 0.012 0.007 0.043 0.032 0.022 0.010 0.015 0.013 0.015 0.024 0.013 0.022 0.025 0.021 0.011 0.008 0.013 0.009 0.047 0.044 0.032 0.040 0.015 0.010 0.021 0.015 0.010 0.023 0.012 0.007 0.001 0.034 0.011 0.013 0.012 0.026 0.006 0.010 0.014 0.022 0.020 0.004 0.011 0.013 0.012
Proportion of invariable sites: 0.175
Gamma shape alpha: 0.950
Parameters optimization took 6 rounds (157.366 sec)
BEST SCORE FOUND : -1059454.227
Creating bootstrap support values...
Split supports printed to NEXUS file iq_clustal34_hmm_gte0.110_C60_I_G5.splits.nex
Total tree length: 6.945

Total number of iterations: 102
CPU time used for tree search: 863173.179 sec (239h:46m:13s)
Wall-clock time used for tree search: 27134.398 sec (7h:32m:14s)
Total CPU time used: 900666.600 sec (250h:11m:6s)
Total wall-clock time used: 28314.991 sec (7h:51m:54s)

Computing bootstrap consensus tree...
Reading input file iq_clustal34_hmm_gte0.110_C60_I_G5.splits.nex...
37 taxa and 83 splits.
Consensus tree written to iq_clustal34_hmm_gte0.110_C60_I_G5.contree
Reading input trees file iq_clustal34_hmm_gte0.110_C60_I_G5.contree
Log-likelihood of consensus tree: -1059454.226

---> START RUN NUMBER 2 (seed: 896392)

Create initial parsimony tree by phylogenetic likelihood library (PLL)... 0.286 seconds
Generating 2000 samples for ultrafast bootstrap (seed: 896392)...
Model C60+I+G5 is alias for POISSON+G+FMIX{C60pi1:1:0.0169698865,C60pi2:1:0.0211683374,C60pi3:1:0.0276589079,C60pi4:1:0.0065675964,C60pi5:1:0.0141221416,C60pi6:1:0.0068774834,C60pi7:1:0.0146909701,C60pi8:1:0.0067225777,C60pi9:1:0.0018396660,C60pi10:1:0.0102547197,C60pi11:1:0.0230896163,C60pi12:1:0.0057941033,C60pi13:1:0.0125394534,C60pi14:1:0.0204526478,C60pi15:1:0.0070629602,C60pi16:1:0.0117982741,C60pi17:1:0.0068334668,C60pi18:1:0.0433775839,C60pi19:1:0.0318278731,C60pi20:1:0.0222546108,C60pi21:1:0.0102264969,C60pi22:1:0.0150545891,C60pi23:1:0.0134159878,C60pi24:1:0.0148552065,C60pi25:1:0.0239111516,C60pi26:1:0.0128776278,C60pi27:1:0.0222318842,C60pi28:1:0.0247444742,C60pi29:1:0.0214274810,C60pi30:1:0.0115001882,C60pi31:1:0.0076017389,C60pi32:1:0.0130258568,C60pi33:1:0.0093701965,C60pi34:1:0.0467194264,C60pi35:1:0.0441940314,C60pi36:1:0.0322263154,C60pi37:1:0.0402999891,C60pi38:1:0.0150234227,C60pi39:1:0.0104589903,C60pi40:1:0.0214742395,C60pi41:1:0.0154957836,C60pi42:1:0.0101789953,C60pi43:1:0.0227980379,C60pi44:1:0.0123204539,C60pi45:1:0.0066777583,C60pi46:1:0.0004150083,C60pi47:1:0.0344385130,C60pi48:1:0.0113663379,C60pi49:1:0.0127143049,C60pi50:1:0.0124323741,C60pi51:1:0.0262124415,C60pi52:1:0.0064994957,C60pi53:1:0.0103203293,C60pi54:1:0.0142463512,C60pi55:1:0.0215600067,C60pi56:1:0.0199150700,C60pi57:1:0.0038964200,C60pi58:1:0.0113448855,C60pi59:1:0.0128595846,C60pi60:1:0.0117656776}+I+G5

NOTE: 68713 MB RAM (67 GB) is required!
Estimate model parameters (epsilon = 0.100)
1. Initial log-likelihood: -1090895.311
2. Current log-likelihood: -1060197.873
3. Current log-likelihood: -1059699.849
4. Current log-likelihood: -1059624.031
5. Current log-likelihood: -1059580.482
6. Current log-likelihood: -1059554.454
7. Current log-likelihood: -1059537.909
8. Current log-likelihood: -1059527.132
9. Current log-likelihood: -1059519.962
10. Current log-likelihood: -1059514.892
11. Current log-likelihood: -1059511.269
12. Current log-likelihood: -1059508.644
13. Current log-likelihood: -1059506.717
14. Current log-likelihood: -1059505.372
15. Current log-likelihood: -1059504.254
16. Current log-likelihood: -1059503.485
17. Current log-likelihood: -1059502.889
18. Current log-likelihood: -1059502.423
19. Current log-likelihood: -1059502.059
20. Current log-likelihood: -1059501.774
21. Current log-likelihood: -1059501.551
22. Current log-likelihood: -1059501.398
23. Current log-likelihood: -1059501.253
24. Current log-likelihood: -1059501.152
Optimal log-likelihood: -1059501.066
Mixture weights: 0.017 0.021 0.028 0.007 0.014 0.007 0.015 0.007 0.002 0.010 0.023 0.006 0.013 0.020 0.007 0.012 0.007 0.043 0.032 0.022 0.010 0.015 0.013 0.015 0.024 0.013 0.022 0.025 0.021 0.011 0.008 0.013 0.009 0.047 0.044 0.032 0.040 0.015 0.010 0.021 0.015 0.010 0.023 0.012 0.007 0.001 0.034 0.011 0.013 0.012 0.026 0.006 0.010 0.014 0.022 0.020 0.004 0.011 0.013 0.012
Proportion of invariable sites: 0.177
Gamma shape alpha: 0.958
Parameters optimization took 24 rounds (903.819 sec)
Computing ML distances based on estimated model parameters... 1.239 sec
Computing BIONJ tree...
0.001 seconds
Log-likelihood of BIONJ tree: -1060662.046
--------------------------------------------------------------------
|             INITIALIZING CANDIDATE TREE SET                      |
--------------------------------------------------------------------
Generating 98 parsimony trees... 36.082 second
Computing log-likelihood of 98 initial trees ... 2422.077 seconds
Current best score: -1059501.066

Do NNI search on 20 best initial trees
Estimate model parameters (epsilon = 0.100)
BETTER TREE FOUND at iteration 1: -1059454.347
Iteration 10 / LogL: -1059454.454 / Time: 1h:32m:2s
Iteration 20 / LogL: -1059455.676 / Time: 2h:9m:24s
Finish initializing candidate tree set (2)
Current best tree score: -1059454.347 / CPU time: 6754.185
Number of iterations: 20
--------------------------------------------------------------------
|               OPTIMIZING CANDIDATE TREE SET                      |
--------------------------------------------------------------------
Iteration 30 / LogL: -1059457.018 / Time: 2h:49m:46s (6h:55m:38s left)
Iteration 40 / LogL: -1059456.082 / Time: 3h:35m:4s (5h:36m:22s left)
Iteration 50 / LogL: -1059456.675 / Time: 4h:15m:11s (4h:25m:35s left)
Log-likelihood cutoff on original alignment: -1059507.690
Iteration 60 / LogL: -1059456.487 / Time: 4h:51m:57s (3h:22m:52s left)
Iteration 70 / LogL: -1059461.006 / Time: 5h:30m:9s (2h:28m:19s left)
Iteration 80 / LogL: -1059455.970 / Time: 6h:12m:4s (1h:38m:54s left)
Iteration 90 / LogL: -1059460.044 / Time: 6h:57m:59s (0h:51m:39s left)
Iteration 100 / LogL: -1059458.506 / Time: 7h:41m:42s (0h:4m:39s left)
Log-likelihood cutoff on original alignment: -1059507.690
NOTE: Bootstrap correlation coefficient of split occurrence frequencies: 1.000
TREE SEARCH COMPLETED AFTER 102 ITERATIONS / Time: 7h:51m:14s

--------------------------------------------------------------------
|                    FINALIZING TREE SEARCH                        |
--------------------------------------------------------------------
Performs final model parameters optimization
Estimate model parameters (epsilon = 0.010)
1. Initial log-likelihood: -1059454.347
2. Current log-likelihood: -1059454.319
3. Current log-likelihood: -1059454.287
4. Current log-likelihood: -1059454.267
5. Current log-likelihood: -1059454.248
6. Current log-likelihood: -1059454.237
7. Current log-likelihood: -1059454.224
Optimal log-likelihood: -1059454.216
Mixture weights: 0.017 0.021 0.028 0.007 0.014 0.007 0.015 0.007 0.002 0.010 0.023 0.006 0.013 0.020 0.007 0.012 0.007 0.043 0.032 0.022 0.010 0.015 0.013 0.015 0.024 0.013 0.022 0.025 0.021 0.011 0.008 0.013 0.009 0.047 0.044 0.032 0.040 0.015 0.010 0.021 0.015 0.010 0.023 0.012 0.007 0.001 0.034 0.011 0.013 0.012 0.026 0.006 0.010 0.014 0.022 0.020 0.004 0.011 0.013 0.012
Proportion of invariable sites: 0.175
Gamma shape alpha: 0.949
Parameters optimization took 7 rounds (186.103 sec)
BEST SCORE FOUND : -1059454.216
Creating bootstrap support values...
Split supports printed to NEXUS file iq_clustal34_hmm_gte0.110_C60_I_G5.splits.nex
Total tree length: 6.945

Total number of iterations: 102
CPU time used for tree search: 867544.038 sec (240h:59m:4s)
Wall-clock time used for tree search: 27264.253 sec (7h:34m:24s)
Total CPU time used: 905633.628 sec (251h:33m:53s)
Total wall-clock time used: 28462.895 sec (7h:54m:22s)

Computing bootstrap consensus tree...
Reading input file iq_clustal34_hmm_gte0.110_C60_I_G5.splits.nex...
37 taxa and 81 splits.
Consensus tree written to iq_clustal34_hmm_gte0.110_C60_I_G5.contree
Reading input trees file iq_clustal34_hmm_gte0.110_C60_I_G5.contree
Log-likelihood of consensus tree: -1059454.215

---> SUMMARIZE RESULTS FROM 2 RUNS

Run 2 gave best log-likelihood: -1059454.216
Model C60+I+G5 is alias for POISSON+G+FMIX{C60pi1:1:0.0169698865,C60pi2:1:0.0211683374,C60pi3:1:0.0276589079,C60pi4:1:0.0065675964,C60pi5:1:0.0141221416,C60pi6:1:0.0068774834,C60pi7:1:0.0146909701,C60pi8:1:0.0067225777,C60pi9:1:0.0018396660,C60pi10:1:0.0102547197,C60pi11:1:0.0230896163,C60pi12:1:0.0057941033,C60pi13:1:0.0125394534,C60pi14:1:0.0204526478,C60pi15:1:0.0070629602,C60pi16:1:0.0117982741,C60pi17:1:0.0068334668,C60pi18:1:0.0433775839,C60pi19:1:0.0318278731,C60pi20:1:0.0222546108,C60pi21:1:0.0102264969,C60pi22:1:0.0150545891,C60pi23:1:0.0134159878,C60pi24:1:0.0148552065,C60pi25:1:0.0239111516,C60pi26:1:0.0128776278,C60pi27:1:0.0222318842,C60pi28:1:0.0247444742,C60pi29:1:0.0214274810,C60pi30:1:0.0115001882,C60pi31:1:0.0076017389,C60pi32:1:0.0130258568,C60pi33:1:0.0093701965,C60pi34:1:0.0467194264,C60pi35:1:0.0441940314,C60pi36:1:0.0322263154,C60pi37:1:0.0402999891,C60pi38:1:0.0150234227,C60pi39:1:0.0104589903,C60pi40:1:0.0214742395,C60pi41:1:0.0154957836,C60pi42:1:0.0101789953,C60pi43:1:0.0227980379,C60pi44:1:0.0123204539,C60pi45:1:0.0066777583,C60pi46:1:0.0004150083,C60pi47:1:0.0344385130,C60pi48:1:0.0113663379,C60pi49:1:0.0127143049,C60pi50:1:0.0124323741,C60pi51:1:0.0262124415,C60pi52:1:0.0064994957,C60pi53:1:0.0103203293,C60pi54:1:0.0142463512,C60pi55:1:0.0215600067,C60pi56:1:0.0199150700,C60pi57:1:0.0038964200,C60pi58:1:0.0113448855,C60pi59:1:0.0128595846,C60pi60:1:0.0117656776}+I+G5
Split supports printed to NEXUS file iq_clustal34_hmm_gte0.110_C60_I_G5.splits.nex
Consensus tree written to iq_clustal34_hmm_gte0.110_C60_I_G5.contree
Total CPU time for 2 runs: 1813695.163 seconds.
Total wall-clock time for 2 runs: 57010.256 seconds.


Analysis results written to: 
  IQ-TREE report:                iq_clustal34_hmm_gte0.110_C60_I_G5.iqtree
  Maximum-likelihood tree:       iq_clustal34_hmm_gte0.110_C60_I_G5.treefile
  Trees from independent runs:   iq_clustal34_hmm_gte0.110_C60_I_G5.runtrees
  Likelihood distances:          iq_clustal34_hmm_gte0.110_C60_I_G5.mldist

Ultrafast bootstrap approximation results written to:
  Split support values:          iq_clustal34_hmm_gte0.110_C60_I_G5.splits.nex
  Consensus tree:                iq_clustal34_hmm_gte0.110_C60_I_G5.contree
  Screen log file:               iq_clustal34_hmm_gte0.110_C60_I_G5.log

Date and Time: Tue Apr 27 20:33:25 2021
Tue Apr 27 20:33:25 CEST 2021
