Fri Apr 30 22:24:20 CEST 2021
IQ-TREE multicore version 1.6.12 for Linux 64-bit built Aug 15 2019
Developed by Bui Quang Minh, Nguyen Lam Tung, Olga Chernomor,
Heiko Schmidt, Dominik Schrempf, Michael Woodhams.

Host:    n403 (AVX512, FMA3, 93 GB RAM)
Command: ../../iqtree-1.6.12-Linux/bin/iqtree -s ../../data/clustal34_ag_lt0.26_no_outgr.phy -nt 32 -m C60+I+G5 -pre iq_clustal34_ag_lt0.26_no_outgr_C60_I_G5 --runs 2 -bb 2000
Seed:    732658 (Using SPRNG - Scalable Parallel Random Number Generator)
Time:    Fri Apr 30 22:24:20 2021
Kernel:  AVX+FMA - 32 threads (32 CPU cores detected)

Reading alignment file ../../data/clustal34_ag_lt0.26_no_outgr.phy ... Phylip format detected
Alignment most likely contains protein sequences
WARNING: 761 sites contain only gaps or ambiguous characters.
Alignment has 34 sequences with 70412 columns, 39980 distinct patterns
20916 parsimony-informative, 14685 singleton sites, 34811 constant sites
           Gap/Ambiguity  Composition  p-value
   1  Allox_ar     3.90%    passed     33.96%
   2  Andr_cur     4.15%    passed     69.21%
   3  Andr_gro     7.49%    passed     69.03%
   4  Andr_qln     3.98%    passed     99.40%
   5  Andr_qrm    11.74%    passed      9.93%
   6  Aula_tav     3.53%    passed     94.74%
   7  Aylax_hy     3.64%    passed     98.95%
   8  Beloc_tr     3.95%    passed     70.16%
   9  Bior_pal    57.87%    passed      5.08%
  10  Callas_no   13.95%    passed     99.40%
  11  Calli_sp     6.22%    passed     70.18%
  12  Cecin_ib    27.98%    failed      0.02%
  13  Cerop_ma     6.29%    passed     99.99%
  14  Diast_ki     6.22%    passed    100.00%
  15  Dipl_spi     6.09%    passed     95.12%
  16  Escha_ac     8.27%    failed      0.00%
  17  Gana_sp1    22.12%    passed      5.74%
  18  Hedic_le     6.71%    passed     97.19%
  19  Irae_his    30.51%    failed      1.45%
  20  Isoc_cen     4.25%    passed     99.94%
  21  Lepto_bo     6.78%    failed      0.00%
  22  Lepto_cl     6.05%    failed      0.00%
  23  Lepto_he     4.32%    failed      0.00%
  24  Parn_nig     5.29%    passed     99.98%
  25  Pedia_ac     9.30%    passed     52.91%
  26  Peric_JH     4.80%    passed     99.86%
  27  Phaen_vi     8.30%    passed     69.68%
  28  Phana_JH    20.15%    passed     99.64%
  29  Prot_spe    17.19%    passed     90.25%
  30  Qwaq_sco     5.51%    passed     99.29%
  31  Syne_gif     4.55%    passed     99.99%
  32  Syne_ito     3.97%    passed    100.00%
  33  Syne_jap     4.79%    passed    100.00%
  34  Syne_umb     4.80%    passed    100.00%
WARNING: 1 sequences contain more than 50% gaps/ambiguity
****  TOTAL       10.14%  6 sequences failed composition chi2 test (p-value<5%; df=19)

---> START RUN NUMBER 1 (seed: 732658)

Create initial parsimony tree by phylogenetic likelihood library (PLL)... 0.304 seconds
Generating 2000 samples for ultrafast bootstrap (seed: 732658)...
Model C60+I+G5 is alias for POISSON+G+FMIX{C60pi1:1:0.0169698865,C60pi2:1:0.0211683374,C60pi3:1:0.0276589079,C60pi4:1:0.0065675964,C60pi5:1:0.0141221416,C60pi6:1:0.0068774834,C60pi7:1:0.0146909701,C60pi8:1:0.0067225777,C60pi9:1:0.0018396660,C60pi10:1:0.0102547197,C60pi11:1:0.0230896163,C60pi12:1:0.0057941033,C60pi13:1:0.0125394534,C60pi14:1:0.0204526478,C60pi15:1:0.0070629602,C60pi16:1:0.0117982741,C60pi17:1:0.0068334668,C60pi18:1:0.0433775839,C60pi19:1:0.0318278731,C60pi20:1:0.0222546108,C60pi21:1:0.0102264969,C60pi22:1:0.0150545891,C60pi23:1:0.0134159878,C60pi24:1:0.0148552065,C60pi25:1:0.0239111516,C60pi26:1:0.0128776278,C60pi27:1:0.0222318842,C60pi28:1:0.0247444742,C60pi29:1:0.0214274810,C60pi30:1:0.0115001882,C60pi31:1:0.0076017389,C60pi32:1:0.0130258568,C60pi33:1:0.0093701965,C60pi34:1:0.0467194264,C60pi35:1:0.0441940314,C60pi36:1:0.0322263154,C60pi37:1:0.0402999891,C60pi38:1:0.0150234227,C60pi39:1:0.0104589903,C60pi40:1:0.0214742395,C60pi41:1:0.0154957836,C60pi42:1:0.0101789953,C60pi43:1:0.0227980379,C60pi44:1:0.0123204539,C60pi45:1:0.0066777583,C60pi46:1:0.0004150083,C60pi47:1:0.0344385130,C60pi48:1:0.0113663379,C60pi49:1:0.0127143049,C60pi50:1:0.0124323741,C60pi51:1:0.0262124415,C60pi52:1:0.0064994957,C60pi53:1:0.0103203293,C60pi54:1:0.0142463512,C60pi55:1:0.0215600067,C60pi56:1:0.0199150700,C60pi57:1:0.0038964200,C60pi58:1:0.0113448855,C60pi59:1:0.0128595846,C60pi60:1:0.0117656776}+I+G5

NOTE: 50733 MB RAM (49 GB) is required!
Estimate model parameters (epsilon = 0.100)
1. Initial log-likelihood: -897141.599
2. Current log-likelihood: -888923.360
3. Current log-likelihood: -888870.677
4. Current log-likelihood: -888870.397
5. Current log-likelihood: -888870.219
6. Current log-likelihood: -888870.068
7. Current log-likelihood: -888869.933
8. Current log-likelihood: -888869.813
9. Current log-likelihood: -888869.708
Optimal log-likelihood: -888869.601
Mixture weights: 0.017 0.021 0.028 0.007 0.014 0.007 0.015 0.007 0.002 0.010 0.023 0.006 0.013 0.020 0.007 0.012 0.007 0.043 0.032 0.022 0.010 0.015 0.013 0.015 0.024 0.013 0.022 0.025 0.021 0.011 0.008 0.013 0.009 0.047 0.044 0.032 0.040 0.015 0.010 0.021 0.015 0.010 0.023 0.012 0.007 0.001 0.034 0.011 0.013 0.012 0.026 0.006 0.010 0.014 0.022 0.020 0.004 0.011 0.013 0.012
Proportion of invariable sites: 0.256
Gamma shape alpha: 0.662
Parameters optimization took 9 rounds (220.524 sec)
Computing ML distances based on estimated model parameters... 0.848 sec
Computing BIONJ tree...
0.001 seconds
Log-likelihood of BIONJ tree: -888745.625
--------------------------------------------------------------------
|             INITIALIZING CANDIDATE TREE SET                      |
--------------------------------------------------------------------
Generating 98 parsimony trees... 23.013 second
Computing log-likelihood of 98 initial trees ... 1668.386 seconds
Current best score: -888745.625

Do NNI search on 20 best initial trees
Estimate model parameters (epsilon = 0.100)
BETTER TREE FOUND at iteration 1: -888687.531
Estimate model parameters (epsilon = 0.100)
UPDATE BEST LOG-LIKELIHOOD: -888687.432
Iteration 10 / LogL: -888687.622 / Time: 0h:56m:4s
Iteration 20 / LogL: -888688.555 / Time: 1h:23m:28s
Finish initializing candidate tree set (3)
Current best tree score: -888687.432 / CPU time: 4710.638
Number of iterations: 20
--------------------------------------------------------------------
|               OPTIMIZING CANDIDATE TREE SET                      |
--------------------------------------------------------------------
Iteration 30 / LogL: -888692.882 / Time: 1h:51m:19s (4h:32m:31s left)
Iteration 40 / LogL: -888687.927 / Time: 2h:20m:52s (3h:40m:20s left)
Iteration 50 / LogL: -888687.740 / Time: 2h:49m:28s (2h:56m:23s left)
Log-likelihood cutoff on original alignment: -888797.422
Iteration 60 / LogL: -888688.053 / Time: 3h:19m:23s (2h:18m:32s left)
Iteration 70 / LogL: -888689.112 / Time: 3h:48m:32s (1h:42m:40s left)
Iteration 80 / LogL: -888687.839 / Time: 4h:17m:52s (1h:8m:32s left)
Iteration 90 / LogL: -888690.589 / Time: 4h:48m:19s (0h:35m:38s left)
Iteration 100 / LogL: -888688.805 / Time: 5h:14m:51s (0h:3m:10s left)
Log-likelihood cutoff on original alignment: -888797.422
NOTE: Bootstrap correlation coefficient of split occurrence frequencies: 1.000
TREE SEARCH COMPLETED AFTER 102 ITERATIONS / Time: 5h:22m:3s

--------------------------------------------------------------------
|                    FINALIZING TREE SEARCH                        |
--------------------------------------------------------------------
Performs final model parameters optimization
Estimate model parameters (epsilon = 0.010)
1. Initial log-likelihood: -888687.432
2. Current log-likelihood: -888687.378
3. Current log-likelihood: -888687.350
4. Current log-likelihood: -888687.309
5. Current log-likelihood: -888687.286
6. Current log-likelihood: -888687.256
7. Current log-likelihood: -888687.237
8. Current log-likelihood: -888687.215
9. Current log-likelihood: -888687.201
Optimal log-likelihood: -888687.192
Mixture weights: 0.017 0.021 0.028 0.007 0.014 0.007 0.015 0.007 0.002 0.010 0.023 0.006 0.013 0.020 0.007 0.012 0.007 0.043 0.032 0.022 0.010 0.015 0.013 0.015 0.024 0.013 0.022 0.025 0.021 0.011 0.008 0.013 0.009 0.047 0.044 0.032 0.040 0.015 0.010 0.021 0.015 0.010 0.023 0.012 0.007 0.001 0.034 0.011 0.013 0.012 0.026 0.006 0.010 0.014 0.022 0.020 0.004 0.011 0.013 0.012
Proportion of invariable sites: 0.259
Gamma shape alpha: 0.669
Parameters optimization took 9 rounds (165.119 sec)
BEST SCORE FOUND : -888687.192
Creating bootstrap support values...
Split supports printed to NEXUS file iq_clustal34_ag_lt0.26_no_outgr_C60_I_G5.splits.nex
Total tree length: 2.625

Total number of iterations: 102
CPU time used for tree search: 605728.646 sec (168h:15m:28s)
Wall-clock time used for tree search: 19025.647 sec (5h:17m:5s)
Total CPU time used: 620445.986 sec (172h:20m:45s)
Total wall-clock time used: 19489.840 sec (5h:24m:49s)

Computing bootstrap consensus tree...
Reading input file iq_clustal34_ag_lt0.26_no_outgr_C60_I_G5.splits.nex...
34 taxa and 77 splits.
Consensus tree written to iq_clustal34_ag_lt0.26_no_outgr_C60_I_G5.contree
Reading input trees file iq_clustal34_ag_lt0.26_no_outgr_C60_I_G5.contree
Log-likelihood of consensus tree: -888687.192

---> START RUN NUMBER 2 (seed: 733658)

Create initial parsimony tree by phylogenetic likelihood library (PLL)... 0.213 seconds
Generating 2000 samples for ultrafast bootstrap (seed: 733658)...
Model C60+I+G5 is alias for POISSON+G+FMIX{C60pi1:1:0.0169698865,C60pi2:1:0.0211683374,C60pi3:1:0.0276589079,C60pi4:1:0.0065675964,C60pi5:1:0.0141221416,C60pi6:1:0.0068774834,C60pi7:1:0.0146909701,C60pi8:1:0.0067225777,C60pi9:1:0.0018396660,C60pi10:1:0.0102547197,C60pi11:1:0.0230896163,C60pi12:1:0.0057941033,C60pi13:1:0.0125394534,C60pi14:1:0.0204526478,C60pi15:1:0.0070629602,C60pi16:1:0.0117982741,C60pi17:1:0.0068334668,C60pi18:1:0.0433775839,C60pi19:1:0.0318278731,C60pi20:1:0.0222546108,C60pi21:1:0.0102264969,C60pi22:1:0.0150545891,C60pi23:1:0.0134159878,C60pi24:1:0.0148552065,C60pi25:1:0.0239111516,C60pi26:1:0.0128776278,C60pi27:1:0.0222318842,C60pi28:1:0.0247444742,C60pi29:1:0.0214274810,C60pi30:1:0.0115001882,C60pi31:1:0.0076017389,C60pi32:1:0.0130258568,C60pi33:1:0.0093701965,C60pi34:1:0.0467194264,C60pi35:1:0.0441940314,C60pi36:1:0.0322263154,C60pi37:1:0.0402999891,C60pi38:1:0.0150234227,C60pi39:1:0.0104589903,C60pi40:1:0.0214742395,C60pi41:1:0.0154957836,C60pi42:1:0.0101789953,C60pi43:1:0.0227980379,C60pi44:1:0.0123204539,C60pi45:1:0.0066777583,C60pi46:1:0.0004150083,C60pi47:1:0.0344385130,C60pi48:1:0.0113663379,C60pi49:1:0.0127143049,C60pi50:1:0.0124323741,C60pi51:1:0.0262124415,C60pi52:1:0.0064994957,C60pi53:1:0.0103203293,C60pi54:1:0.0142463512,C60pi55:1:0.0215600067,C60pi56:1:0.0199150700,C60pi57:1:0.0038964200,C60pi58:1:0.0113448855,C60pi59:1:0.0128595846,C60pi60:1:0.0117656776}+I+G5

NOTE: 50733 MB RAM (49 GB) is required!
Estimate model parameters (epsilon = 0.100)
1. Initial log-likelihood: -897846.691
2. Current log-likelihood: -889503.617
3. Current log-likelihood: -889452.681
4. Current log-likelihood: -889452.389
5. Current log-likelihood: -889452.177
6. Current log-likelihood: -889451.991
7. Current log-likelihood: -889451.825
8. Current log-likelihood: -889451.677
9. Current log-likelihood: -889451.548
10. Current log-likelihood: -889451.435
Optimal log-likelihood: -889451.320
Mixture weights: 0.017 0.021 0.028 0.007 0.014 0.007 0.015 0.007 0.002 0.010 0.023 0.006 0.013 0.020 0.007 0.012 0.007 0.043 0.032 0.022 0.010 0.015 0.013 0.015 0.024 0.013 0.022 0.025 0.021 0.011 0.008 0.013 0.009 0.047 0.044 0.032 0.040 0.015 0.010 0.021 0.015 0.010 0.023 0.012 0.007 0.001 0.034 0.011 0.013 0.012 0.026 0.006 0.010 0.014 0.022 0.020 0.004 0.011 0.013 0.012
Proportion of invariable sites: 0.256
Gamma shape alpha: 0.661
Parameters optimization took 10 rounds (240.347 sec)
Computing ML distances based on estimated model parameters... 0.828 sec
Computing BIONJ tree...
0.001 seconds
Log-likelihood of BIONJ tree: -888745.564
--------------------------------------------------------------------
|             INITIALIZING CANDIDATE TREE SET                      |
--------------------------------------------------------------------
Generating 98 parsimony trees... 23.381 second
Computing log-likelihood of 98 initial trees ... 1676.387 seconds
Current best score: -888745.564

Do NNI search on 20 best initial trees
Estimate model parameters (epsilon = 0.100)
BETTER TREE FOUND at iteration 1: -888687.456
Iteration 10 / LogL: -888687.506 / Time: 0h:55m:27s
Iteration 20 / LogL: -888687.595 / Time: 1h:23m:1s
Finish initializing candidate tree set (2)
Current best tree score: -888687.456 / CPU time: 4664.669
Number of iterations: 20
--------------------------------------------------------------------
|               OPTIMIZING CANDIDATE TREE SET                      |
--------------------------------------------------------------------
Iteration 30 / LogL: -888688.019 / Time: 1h:56m:30s (4h:45m:14s left)
Iteration 40 / LogL: -888692.101 / Time: 2h:24m:6s (3h:45m:23s left)
Iteration 50 / LogL: -888688.099 / Time: 2h:53m:37s (3h:0m:42s left)
Log-likelihood cutoff on original alignment: -888744.850
Iteration 60 / LogL: -888691.514 / Time: 3h:19m:53s (2h:18m:54s left)
Iteration 70 / LogL: -888687.841 / Time: 3h:48m:13s (1h:42m:31s left)
Iteration 80 / LogL: -888689.948 / Time: 4h:16m:32s (1h:8m:11s left)
Iteration 90 / LogL: -888688.606 / Time: 4h:44m:26s (0h:35m:9s left)
Iteration 100 / LogL: -888691.344 / Time: 5h:14m:26s (0h:3m:10s left)
Log-likelihood cutoff on original alignment: -888738.227
NOTE: Bootstrap correlation coefficient of split occurrence frequencies: 1.000
TREE SEARCH COMPLETED AFTER 102 ITERATIONS / Time: 5h:19m:52s

--------------------------------------------------------------------
|                    FINALIZING TREE SEARCH                        |
--------------------------------------------------------------------
Performs final model parameters optimization
Estimate model parameters (epsilon = 0.010)
1. Initial log-likelihood: -888687.456
2. Current log-likelihood: -888687.402
3. Current log-likelihood: -888687.374
4. Current log-likelihood: -888687.332
5. Current log-likelihood: -888687.309
6. Current log-likelihood: -888687.278
7. Current log-likelihood: -888687.260
8. Current log-likelihood: -888687.237
9. Current log-likelihood: -888687.222
Optimal log-likelihood: -888687.214
Mixture weights: 0.017 0.021 0.028 0.007 0.014 0.007 0.015 0.007 0.002 0.010 0.023 0.006 0.013 0.020 0.007 0.012 0.007 0.043 0.032 0.022 0.010 0.015 0.013 0.015 0.024 0.013 0.022 0.025 0.021 0.011 0.008 0.013 0.009 0.047 0.044 0.032 0.040 0.015 0.010 0.021 0.015 0.010 0.023 0.012 0.007 0.001 0.034 0.011 0.013 0.012 0.026 0.006 0.010 0.014 0.022 0.020 0.004 0.011 0.013 0.012
Proportion of invariable sites: 0.259
Gamma shape alpha: 0.669
Parameters optimization took 9 rounds (164.530 sec)
BEST SCORE FOUND : -888687.214
Creating bootstrap support values...
Split supports printed to NEXUS file iq_clustal34_ag_lt0.26_no_outgr_C60_I_G5.splits.nex
Total tree length: 2.626

Total number of iterations: 102
CPU time used for tree search: 600927.052 sec (166h:55m:27s)
Wall-clock time used for tree search: 18875.957 sec (5h:14m:35s)
Total CPU time used: 616248.796 sec (171h:10m:48s)
Total wall-clock time used: 19358.917 sec (5h:22m:38s)

Computing bootstrap consensus tree...
Reading input file iq_clustal34_ag_lt0.26_no_outgr_C60_I_G5.splits.nex...
34 taxa and 75 splits.
Consensus tree written to iq_clustal34_ag_lt0.26_no_outgr_C60_I_G5.contree
Reading input trees file iq_clustal34_ag_lt0.26_no_outgr_C60_I_G5.contree
Log-likelihood of consensus tree: -888687.214

---> SUMMARIZE RESULTS FROM 2 RUNS

Run 1 gave best log-likelihood: -888687.192
Model C60+I+G5 is alias for POISSON+G+FMIX{C60pi1:1:0.0169698865,C60pi2:1:0.0211683374,C60pi3:1:0.0276589079,C60pi4:1:0.0065675964,C60pi5:1:0.0141221416,C60pi6:1:0.0068774834,C60pi7:1:0.0146909701,C60pi8:1:0.0067225777,C60pi9:1:0.0018396660,C60pi10:1:0.0102547197,C60pi11:1:0.0230896163,C60pi12:1:0.0057941033,C60pi13:1:0.0125394534,C60pi14:1:0.0204526478,C60pi15:1:0.0070629602,C60pi16:1:0.0117982741,C60pi17:1:0.0068334668,C60pi18:1:0.0433775839,C60pi19:1:0.0318278731,C60pi20:1:0.0222546108,C60pi21:1:0.0102264969,C60pi22:1:0.0150545891,C60pi23:1:0.0134159878,C60pi24:1:0.0148552065,C60pi25:1:0.0239111516,C60pi26:1:0.0128776278,C60pi27:1:0.0222318842,C60pi28:1:0.0247444742,C60pi29:1:0.0214274810,C60pi30:1:0.0115001882,C60pi31:1:0.0076017389,C60pi32:1:0.0130258568,C60pi33:1:0.0093701965,C60pi34:1:0.0467194264,C60pi35:1:0.0441940314,C60pi36:1:0.0322263154,C60pi37:1:0.0402999891,C60pi38:1:0.0150234227,C60pi39:1:0.0104589903,C60pi40:1:0.0214742395,C60pi41:1:0.0154957836,C60pi42:1:0.0101789953,C60pi43:1:0.0227980379,C60pi44:1:0.0123204539,C60pi45:1:0.0066777583,C60pi46:1:0.0004150083,C60pi47:1:0.0344385130,C60pi48:1:0.0113663379,C60pi49:1:0.0127143049,C60pi50:1:0.0124323741,C60pi51:1:0.0262124415,C60pi52:1:0.0064994957,C60pi53:1:0.0103203293,C60pi54:1:0.0142463512,C60pi55:1:0.0215600067,C60pi56:1:0.0199150700,C60pi57:1:0.0038964200,C60pi58:1:0.0113448855,C60pi59:1:0.0128595846,C60pi60:1:0.0117656776}+I+G5
Split supports printed to NEXUS file iq_clustal34_ag_lt0.26_no_outgr_C60_I_G5.splits.nex
Consensus tree written to iq_clustal34_ag_lt0.26_no_outgr_C60_I_G5.contree
Total CPU time for 2 runs: 1240985.453 seconds.
Total wall-clock time for 2 runs: 38983.439 seconds.


Analysis results written to: 
  IQ-TREE report:                iq_clustal34_ag_lt0.26_no_outgr_C60_I_G5.iqtree
  Maximum-likelihood tree:       iq_clustal34_ag_lt0.26_no_outgr_C60_I_G5.treefile
  Trees from independent runs:   iq_clustal34_ag_lt0.26_no_outgr_C60_I_G5.runtrees
  Likelihood distances:          iq_clustal34_ag_lt0.26_no_outgr_C60_I_G5.mldist

Ultrafast bootstrap approximation results written to:
  Split support values:          iq_clustal34_ag_lt0.26_no_outgr_C60_I_G5.splits.nex
  Consensus tree:                iq_clustal34_ag_lt0.26_no_outgr_C60_I_G5.contree
  Screen log file:               iq_clustal34_ag_lt0.26_no_outgr_C60_I_G5.log

Date and Time: Sat May  1 09:14:04 2021
Sat May 1 09:14:04 CEST 2021
