Tue Apr 27 07:06:04 CEST 2021
IQ-TREE multicore version 1.6.12 for Linux 64-bit built Aug 15 2019
Developed by Bui Quang Minh, Nguyen Lam Tung, Olga Chernomor,
Heiko Schmidt, Dominik Schrempf, Michael Woodhams.

Host:    n4 (AVX512, FMA3, 376 GB RAM)
Command: ../../iqtree-1.6.12-Linux/bin/iqtree -s ../../data/clustal34_ag_0.26-0.37.phy -nt 32 -m C60+I+G5 -pre iq_clustal34_ag_0.26-0.37_C60_I_G5 --runs 2 -bb 2000
Seed:    744041 (Using SPRNG - Scalable Parallel Random Number Generator)
Time:    Tue Apr 27 07:06:04 2021
Kernel:  AVX+FMA - 32 threads (32 CPU cores detected)

Reading alignment file ../../data/clustal34_ag_0.26-0.37.phy ... Phylip format detected
Alignment most likely contains protein sequences
Alignment has 37 sequences with 34605 columns, 24118 distinct patterns
13174 parsimony-informative, 8322 singleton sites, 13109 constant sites
           Gap/Ambiguity  Composition  p-value
   1  Allox_ar     5.22%    passed     99.81%
   2  Andr_cur     4.71%    passed     96.57%
   3  Andr_gro     7.91%    passed     99.77%
   4  Andr_qln     8.32%    passed     97.24%
   5  Andr_qrm    10.49%    passed     87.43%
   6  Aula_tav     5.27%    passed    100.00%
   7  Aylax_hy     4.56%    passed     99.98%
   8  Beloc_tr     4.94%    passed     81.68%
   9  Bior_pal    52.37%    failed      2.29%
  10  Callas_no   21.32%    passed     53.95%
  11  Calli_sp     7.62%    passed     99.98%
  12  Cecin_ib    31.29%    passed      7.11%
  13  Cerop_ma     7.14%    passed     99.89%
  14  Diast_ki     7.52%    passed     99.99%
  15  Dipl_spi     5.16%    passed     99.58%
  16  Escha_ac    15.60%    failed      0.00%
  17  Gana_sp1    35.01%    failed      0.24%
  18  Hedic_le     9.17%    passed     99.38%
  19  Irae_his    25.64%    passed     36.12%
  20  Isoc_cen    10.27%    passed     91.08%
  21  Lepto_bo     5.92%    failed      0.00%
  22  Lepto_cl     6.01%    failed      0.37%
  23  Lepto_he     6.29%    passed      9.64%
  24  Parn_nig     6.33%    passed     99.97%
  25  Pedia_ac    10.24%    passed     99.95%
  26  Peric_JH     4.42%    passed    100.00%
  27  Phaen_vi     7.78%    passed     98.03%
  28  Phana_JH    21.31%    passed     93.18%
  29  Prot_spe    21.47%    passed     77.56%
  30  Qwaq_sco    10.36%    passed     82.85%
  31  Syne_gif     7.35%    passed     99.38%
  32  Syne_ito     9.70%    passed     99.54%
  33  Syne_jap     4.38%    passed    100.00%
  34  Syne_umb     4.41%    passed    100.00%
  35  Nasoniav     8.09%    failed      0.00%
  36  Orussusa     6.92%    failed      0.00%
  37  Micropld     9.57%    failed      0.00%
WARNING: 1 sequences contain more than 50% gaps/ambiguity
****  TOTAL       11.62%  8 sequences failed composition chi2 test (p-value<5%; df=19)

---> START RUN NUMBER 1 (seed: 744041)

Create initial parsimony tree by phylogenetic likelihood library (PLL)... 0.217 seconds
Generating 2000 samples for ultrafast bootstrap (seed: 744041)...
Model C60+I+G5 is alias for POISSON+G+FMIX{C60pi1:1:0.0169698865,C60pi2:1:0.0211683374,C60pi3:1:0.0276589079,C60pi4:1:0.0065675964,C60pi5:1:0.0141221416,C60pi6:1:0.0068774834,C60pi7:1:0.0146909701,C60pi8:1:0.0067225777,C60pi9:1:0.0018396660,C60pi10:1:0.0102547197,C60pi11:1:0.0230896163,C60pi12:1:0.0057941033,C60pi13:1:0.0125394534,C60pi14:1:0.0204526478,C60pi15:1:0.0070629602,C60pi16:1:0.0117982741,C60pi17:1:0.0068334668,C60pi18:1:0.0433775839,C60pi19:1:0.0318278731,C60pi20:1:0.0222546108,C60pi21:1:0.0102264969,C60pi22:1:0.0150545891,C60pi23:1:0.0134159878,C60pi24:1:0.0148552065,C60pi25:1:0.0239111516,C60pi26:1:0.0128776278,C60pi27:1:0.0222318842,C60pi28:1:0.0247444742,C60pi29:1:0.0214274810,C60pi30:1:0.0115001882,C60pi31:1:0.0076017389,C60pi32:1:0.0130258568,C60pi33:1:0.0093701965,C60pi34:1:0.0467194264,C60pi35:1:0.0441940314,C60pi36:1:0.0322263154,C60pi37:1:0.0402999891,C60pi38:1:0.0150234227,C60pi39:1:0.0104589903,C60pi40:1:0.0214742395,C60pi41:1:0.0154957836,C60pi42:1:0.0101789953,C60pi43:1:0.0227980379,C60pi44:1:0.0123204539,C60pi45:1:0.0066777583,C60pi46:1:0.0004150083,C60pi47:1:0.0344385130,C60pi48:1:0.0113663379,C60pi49:1:0.0127143049,C60pi50:1:0.0124323741,C60pi51:1:0.0262124415,C60pi52:1:0.0064994957,C60pi53:1:0.0103203293,C60pi54:1:0.0142463512,C60pi55:1:0.0215600067,C60pi56:1:0.0199150700,C60pi57:1:0.0038964200,C60pi58:1:0.0113448855,C60pi59:1:0.0128595846,C60pi60:1:0.0117656776}+I+G5

NOTE: 33303 MB RAM (32 GB) is required!
Estimate model parameters (epsilon = 0.100)
1. Initial log-likelihood: -566367.097
2. Current log-likelihood: -560324.590
3. Current log-likelihood: -560272.842
4. Current log-likelihood: -560272.350
Optimal log-likelihood: -560272.315
Mixture weights: 0.017 0.021 0.028 0.007 0.014 0.007 0.015 0.007 0.002 0.010 0.023 0.006 0.013 0.020 0.007 0.012 0.007 0.043 0.032 0.022 0.010 0.015 0.013 0.015 0.024 0.013 0.022 0.025 0.021 0.011 0.008 0.013 0.009 0.047 0.044 0.032 0.040 0.015 0.010 0.021 0.015 0.010 0.023 0.012 0.007 0.001 0.034 0.011 0.013 0.012 0.026 0.006 0.010 0.014 0.022 0.020 0.004 0.011 0.013 0.012
Proportion of invariable sites: 0.187
Gamma shape alpha: 0.676
Parameters optimization took 4 rounds (101.489 sec)
Computing ML distances based on estimated model parameters... 0.766 sec
Computing BIONJ tree...
0.003 seconds
Log-likelihood of BIONJ tree: -560333.910
--------------------------------------------------------------------
|             INITIALIZING CANDIDATE TREE SET                      |
--------------------------------------------------------------------
Generating 98 parsimony trees... 20.724 second
Computing log-likelihood of 98 initial trees ... 1120.976 seconds
Current best score: -560272.315

Do NNI search on 20 best initial trees
Estimate model parameters (epsilon = 0.100)
BETTER TREE FOUND at iteration 1: -560171.905
Iteration 10 / LogL: -560172.264 / Time: 0h:37m:12s
Iteration 20 / LogL: -560172.519 / Time: 0h:53m:0s
Finish initializing candidate tree set (2)
Current best tree score: -560171.905 / CPU time: 3016.170
Number of iterations: 20
--------------------------------------------------------------------
|               OPTIMIZING CANDIDATE TREE SET                      |
--------------------------------------------------------------------
Iteration 30 / LogL: -560222.294 / Time: 1h:11m:12s (2h:54m:18s left)
Iteration 40 / LogL: -560173.102 / Time: 1h:30m:20s (2h:21m:17s left)
Iteration 50 / LogL: -560172.015 / Time: 1h:49m:8s (1h:53m:35s left)
Log-likelihood cutoff on original alignment: -560254.834
Iteration 60 / LogL: -560181.081 / Time: 2h:7m:59s (1h:28m:56s left)
Iteration 70 / LogL: -560172.321 / Time: 2h:26m:19s (1h:5m:44s left)
Iteration 80 / LogL: -560172.211 / Time: 2h:46m:35s (0h:44m:17s left)
Iteration 90 / LogL: -560172.658 / Time: 3h:4m:30s (0h:22m:48s left)
Iteration 100 / LogL: -560173.639 / Time: 3h:23m:48s (0h:2m:3s left)
Log-likelihood cutoff on original alignment: -560254.834
NOTE: Bootstrap correlation coefficient of split occurrence frequencies: 1.000
TREE SEARCH COMPLETED AFTER 102 ITERATIONS / Time: 3h:27m:57s

--------------------------------------------------------------------
|                    FINALIZING TREE SEARCH                        |
--------------------------------------------------------------------
Performs final model parameters optimization
Estimate model parameters (epsilon = 0.010)
1. Initial log-likelihood: -560171.905
2. Current log-likelihood: -560171.885
3. Current log-likelihood: -560171.868
Optimal log-likelihood: -560171.859
Mixture weights: 0.017 0.021 0.028 0.007 0.014 0.007 0.015 0.007 0.002 0.010 0.023 0.006 0.013 0.020 0.007 0.012 0.007 0.043 0.032 0.022 0.010 0.015 0.013 0.015 0.024 0.013 0.022 0.025 0.021 0.011 0.008 0.013 0.009 0.047 0.044 0.032 0.040 0.015 0.010 0.021 0.015 0.010 0.023 0.012 0.007 0.001 0.034 0.011 0.013 0.012 0.026 0.006 0.010 0.014 0.022 0.020 0.004 0.011 0.013 0.012
Proportion of invariable sites: 0.186
Gamma shape alpha: 0.672
Parameters optimization took 3 rounds (39.675 sec)
BEST SCORE FOUND : -560171.859
Creating bootstrap support values...
Split supports printed to NEXUS file iq_clustal34_ag_0.26-0.37_C60_I_G5.splits.nex
Total tree length: 4.733

Total number of iterations: 102
CPU time used for tree search: 391357.476 sec (108h:42m:37s)
Wall-clock time used for tree search: 12312.953 sec (3h:25m:12s)
Total CPU time used: 397852.514 sec (110h:30m:52s)
Total wall-clock time used: 12518.119 sec (3h:28m:38s)

Computing bootstrap consensus tree...
Reading input file iq_clustal34_ag_0.26-0.37_C60_I_G5.splits.nex...
37 taxa and 94 splits.
Consensus tree written to iq_clustal34_ag_0.26-0.37_C60_I_G5.contree
Reading input trees file iq_clustal34_ag_0.26-0.37_C60_I_G5.contree
Log-likelihood of consensus tree: -560171.858

---> START RUN NUMBER 2 (seed: 745041)

Create initial parsimony tree by phylogenetic likelihood library (PLL)... 0.210 seconds
Generating 2000 samples for ultrafast bootstrap (seed: 745041)...
Model C60+I+G5 is alias for POISSON+G+FMIX{C60pi1:1:0.0169698865,C60pi2:1:0.0211683374,C60pi3:1:0.0276589079,C60pi4:1:0.0065675964,C60pi5:1:0.0141221416,C60pi6:1:0.0068774834,C60pi7:1:0.0146909701,C60pi8:1:0.0067225777,C60pi9:1:0.0018396660,C60pi10:1:0.0102547197,C60pi11:1:0.0230896163,C60pi12:1:0.0057941033,C60pi13:1:0.0125394534,C60pi14:1:0.0204526478,C60pi15:1:0.0070629602,C60pi16:1:0.0117982741,C60pi17:1:0.0068334668,C60pi18:1:0.0433775839,C60pi19:1:0.0318278731,C60pi20:1:0.0222546108,C60pi21:1:0.0102264969,C60pi22:1:0.0150545891,C60pi23:1:0.0134159878,C60pi24:1:0.0148552065,C60pi25:1:0.0239111516,C60pi26:1:0.0128776278,C60pi27:1:0.0222318842,C60pi28:1:0.0247444742,C60pi29:1:0.0214274810,C60pi30:1:0.0115001882,C60pi31:1:0.0076017389,C60pi32:1:0.0130258568,C60pi33:1:0.0093701965,C60pi34:1:0.0467194264,C60pi35:1:0.0441940314,C60pi36:1:0.0322263154,C60pi37:1:0.0402999891,C60pi38:1:0.0150234227,C60pi39:1:0.0104589903,C60pi40:1:0.0214742395,C60pi41:1:0.0154957836,C60pi42:1:0.0101789953,C60pi43:1:0.0227980379,C60pi44:1:0.0123204539,C60pi45:1:0.0066777583,C60pi46:1:0.0004150083,C60pi47:1:0.0344385130,C60pi48:1:0.0113663379,C60pi49:1:0.0127143049,C60pi50:1:0.0124323741,C60pi51:1:0.0262124415,C60pi52:1:0.0064994957,C60pi53:1:0.0103203293,C60pi54:1:0.0142463512,C60pi55:1:0.0215600067,C60pi56:1:0.0199150700,C60pi57:1:0.0038964200,C60pi58:1:0.0113448855,C60pi59:1:0.0128595846,C60pi60:1:0.0117656776}+I+G5

NOTE: 33303 MB RAM (32 GB) is required!
Estimate model parameters (epsilon = 0.100)
1. Initial log-likelihood: -566367.097
2. Current log-likelihood: -560324.590
3. Current log-likelihood: -560272.842
4. Current log-likelihood: -560272.350
Optimal log-likelihood: -560272.315
Mixture weights: 0.017 0.021 0.028 0.007 0.014 0.007 0.015 0.007 0.002 0.010 0.023 0.006 0.013 0.020 0.007 0.012 0.007 0.043 0.032 0.022 0.010 0.015 0.013 0.015 0.024 0.013 0.022 0.025 0.021 0.011 0.008 0.013 0.009 0.047 0.044 0.032 0.040 0.015 0.010 0.021 0.015 0.010 0.023 0.012 0.007 0.001 0.034 0.011 0.013 0.012 0.026 0.006 0.010 0.014 0.022 0.020 0.004 0.011 0.013 0.012
Proportion of invariable sites: 0.187
Gamma shape alpha: 0.676
Parameters optimization took 4 rounds (101.660 sec)
Computing ML distances based on estimated model parameters... 0.829 sec
Computing BIONJ tree...
0.001 seconds
Log-likelihood of BIONJ tree: -560333.910
--------------------------------------------------------------------
|             INITIALIZING CANDIDATE TREE SET                      |
--------------------------------------------------------------------
Generating 98 parsimony trees... 21.002 second
Computing log-likelihood of 98 initial trees ... 1113.403 seconds
Current best score: -560272.315

Do NNI search on 20 best initial trees
Estimate model parameters (epsilon = 0.100)
BETTER TREE FOUND at iteration 1: -560171.905
Iteration 10 / LogL: -560171.921 / Time: 0h:37m:17s
Iteration 20 / LogL: -560172.301 / Time: 0h:55m:14s
Finish initializing candidate tree set (2)
Current best tree score: -560171.905 / CPU time: 3152.991
Number of iterations: 20
--------------------------------------------------------------------
|               OPTIMIZING CANDIDATE TREE SET                      |
--------------------------------------------------------------------
Iteration 30 / LogL: -560179.106 / Time: 1h:15m:39s (3h:5m:14s left)
Iteration 40 / LogL: -560186.492 / Time: 1h:33m:20s (2h:25m:59s left)
Iteration 50 / LogL: -560172.366 / Time: 1h:53m:29s (1h:58m:7s left)
Log-likelihood cutoff on original alignment: -560230.448
Iteration 60 / LogL: -560175.221 / Time: 2h:13m:50s (1h:33m:0s left)
Iteration 70 / LogL: -560173.434 / Time: 2h:35m:8s (1h:9m:41s left)
Iteration 80 / LogL: -560171.919 / Time: 2h:54m:21s (0h:46m:20s left)
Iteration 90 / LogL: -560212.242 / Time: 3h:12m:35s (0h:23m:48s left)
Iteration 100 / LogL: -560173.640 / Time: 3h:31m:50s (0h:2m:8s left)
Log-likelihood cutoff on original alignment: -560230.448
NOTE: Bootstrap correlation coefficient of split occurrence frequencies: 1.000
TREE SEARCH COMPLETED AFTER 102 ITERATIONS / Time: 3h:35m:32s

--------------------------------------------------------------------
|                    FINALIZING TREE SEARCH                        |
--------------------------------------------------------------------
Performs final model parameters optimization
Estimate model parameters (epsilon = 0.010)
1. Initial log-likelihood: -560171.905
2. Current log-likelihood: -560171.885
3. Current log-likelihood: -560171.868
Optimal log-likelihood: -560171.859
Mixture weights: 0.017 0.021 0.028 0.007 0.014 0.007 0.015 0.007 0.002 0.010 0.023 0.006 0.013 0.020 0.007 0.012 0.007 0.043 0.032 0.022 0.010 0.015 0.013 0.015 0.024 0.013 0.022 0.025 0.021 0.011 0.008 0.013 0.009 0.047 0.044 0.032 0.040 0.015 0.010 0.021 0.015 0.010 0.023 0.012 0.007 0.001 0.034 0.011 0.013 0.012 0.026 0.006 0.010 0.014 0.022 0.020 0.004 0.011 0.013 0.012
Proportion of invariable sites: 0.186
Gamma shape alpha: 0.672
Parameters optimization took 3 rounds (39.829 sec)
BEST SCORE FOUND : -560171.859
Creating bootstrap support values...
Split supports printed to NEXUS file iq_clustal34_ag_0.26-0.37_C60_I_G5.splits.nex
Total tree length: 4.733

Total number of iterations: 102
CPU time used for tree search: 406127.268 sec (112h:48m:47s)
Wall-clock time used for tree search: 12770.647 sec (3h:32m:50s)
Total CPU time used: 412545.844 sec (114h:35m:45s)
Total wall-clock time used: 12973.266 sec (3h:36m:13s)

Computing bootstrap consensus tree...
Reading input file iq_clustal34_ag_0.26-0.37_C60_I_G5.splits.nex...
37 taxa and 92 splits.
Consensus tree written to iq_clustal34_ag_0.26-0.37_C60_I_G5.contree
Reading input trees file iq_clustal34_ag_0.26-0.37_C60_I_G5.contree
Log-likelihood of consensus tree: -560171.858

---> SUMMARIZE RESULTS FROM 2 RUNS

Run 1 gave best log-likelihood: -560171.859
Model C60+I+G5 is alias for POISSON+G+FMIX{C60pi1:1:0.0169698865,C60pi2:1:0.0211683374,C60pi3:1:0.0276589079,C60pi4:1:0.0065675964,C60pi5:1:0.0141221416,C60pi6:1:0.0068774834,C60pi7:1:0.0146909701,C60pi8:1:0.0067225777,C60pi9:1:0.0018396660,C60pi10:1:0.0102547197,C60pi11:1:0.0230896163,C60pi12:1:0.0057941033,C60pi13:1:0.0125394534,C60pi14:1:0.0204526478,C60pi15:1:0.0070629602,C60pi16:1:0.0117982741,C60pi17:1:0.0068334668,C60pi18:1:0.0433775839,C60pi19:1:0.0318278731,C60pi20:1:0.0222546108,C60pi21:1:0.0102264969,C60pi22:1:0.0150545891,C60pi23:1:0.0134159878,C60pi24:1:0.0148552065,C60pi25:1:0.0239111516,C60pi26:1:0.0128776278,C60pi27:1:0.0222318842,C60pi28:1:0.0247444742,C60pi29:1:0.0214274810,C60pi30:1:0.0115001882,C60pi31:1:0.0076017389,C60pi32:1:0.0130258568,C60pi33:1:0.0093701965,C60pi34:1:0.0467194264,C60pi35:1:0.0441940314,C60pi36:1:0.0322263154,C60pi37:1:0.0402999891,C60pi38:1:0.0150234227,C60pi39:1:0.0104589903,C60pi40:1:0.0214742395,C60pi41:1:0.0154957836,C60pi42:1:0.0101789953,C60pi43:1:0.0227980379,C60pi44:1:0.0123204539,C60pi45:1:0.0066777583,C60pi46:1:0.0004150083,C60pi47:1:0.0344385130,C60pi48:1:0.0113663379,C60pi49:1:0.0127143049,C60pi50:1:0.0124323741,C60pi51:1:0.0262124415,C60pi52:1:0.0064994957,C60pi53:1:0.0103203293,C60pi54:1:0.0142463512,C60pi55:1:0.0215600067,C60pi56:1:0.0199150700,C60pi57:1:0.0038964200,C60pi58:1:0.0113448855,C60pi59:1:0.0128595846,C60pi60:1:0.0117656776}+I+G5
Split supports printed to NEXUS file iq_clustal34_ag_0.26-0.37_C60_I_G5.splits.nex
Consensus tree written to iq_clustal34_ag_0.26-0.37_C60_I_G5.contree
Total CPU time for 2 runs: 813869.145 seconds.
Total wall-clock time for 2 runs: 25600.345 seconds.


Analysis results written to: 
  IQ-TREE report:                iq_clustal34_ag_0.26-0.37_C60_I_G5.iqtree
  Maximum-likelihood tree:       iq_clustal34_ag_0.26-0.37_C60_I_G5.treefile
  Trees from independent runs:   iq_clustal34_ag_0.26-0.37_C60_I_G5.runtrees
  Likelihood distances:          iq_clustal34_ag_0.26-0.37_C60_I_G5.mldist

Ultrafast bootstrap approximation results written to:
  Split support values:          iq_clustal34_ag_0.26-0.37_C60_I_G5.splits.nex
  Consensus tree:                iq_clustal34_ag_0.26-0.37_C60_I_G5.contree
  Screen log file:               iq_clustal34_ag_0.26-0.37_C60_I_G5.log

Date and Time: Tue Apr 27 14:12:45 2021
Tue Apr 27 14:12:45 CEST 2021
