Tue Apr 27 04:31:20 CEST 2021
IQ-TREE multicore version 1.6.12 for Linux 64-bit built Aug 15 2019
Developed by Bui Quang Minh, Nguyen Lam Tung, Olga Chernomor,
Heiko Schmidt, Dominik Schrempf, Michael Woodhams.

Host:    n593 (AVX512, FMA3, 93 GB RAM)
Command: ../../iqtree-1.6.12-Linux/bin/iqtree -s ../../data/clustal34_hmm_lt0.018.phy -nt 32 -m C60+I+G5 -pre iq_clustal34_hmm_lt0.018_C60_I_G5 --runs 2 -bb 2000
Seed:    896268 (Using SPRNG - Scalable Parallel Random Number Generator)
Time:    Tue Apr 27 04:31:20 2021
Kernel:  AVX+FMA - 32 threads (32 CPU cores detected)

Reading alignment file ../../data/clustal34_hmm_lt0.018.phy ... Phylip format detected
Alignment most likely contains protein sequences
WARNING: 3075 sites contain only gaps or ambiguous characters.
Alignment has 37 sequences with 39370 columns, 21188 distinct patterns
10554 parsimony-informative, 6982 singleton sites, 21834 constant sites
           Gap/Ambiguity  Composition  p-value
   1  Allox_ar    12.23%    passed     99.94%
   2  Andr_cur    11.30%    passed     99.83%
   3  Andr_gro    17.89%    passed     93.05%
   4  Andr_qln    14.47%    passed     99.99%
   5  Andr_qrm    17.14%    passed     99.46%
   6  Aula_tav    10.98%    passed    100.00%
   7  Aylax_hy    11.86%    passed    100.00%
   8  Beloc_tr    12.14%    passed     99.59%
   9  Bior_pal    58.39%    passed     43.96%
  10  Callas_no   28.65%    passed     92.63%
  11  Calli_sp    12.58%    passed    100.00%
  12  Cecin_ib    33.08%    passed     13.17%
  13  Cerop_ma    13.31%    passed    100.00%
  14  Diast_ki    11.69%    passed    100.00%
  15  Dipl_spi    13.27%    passed     98.42%
  16  Escha_ac    15.40%    failed      0.00%
  17  Gana_sp1    26.72%    passed     21.84%
  18  Hedic_le    18.16%    passed     99.37%
  19  Irae_his    28.85%    passed     59.14%
  20  Isoc_cen    11.83%    passed    100.00%
  21  Lepto_bo    14.56%    failed      0.99%
  22  Lepto_cl    15.01%    passed     10.44%
  23  Lepto_he    11.47%    passed     76.93%
  24  Parn_nig    11.01%    passed    100.00%
  25  Pedia_ac    15.18%    passed     99.87%
  26  Peric_JH    11.55%    passed    100.00%
  27  Phaen_vi    16.24%    passed     99.71%
  28  Phana_JH    23.84%    passed     79.08%
  29  Prot_spe    25.14%    passed     98.79%
  30  Qwaq_sco    12.62%    passed     99.93%
  31  Syne_gif    12.95%    passed     99.97%
  32  Syne_ito    17.18%    passed     99.73%
  33  Syne_jap    11.77%    passed    100.00%
  34  Syne_umb    11.25%    passed    100.00%
  35  Nasoniav    17.43%    failed      0.01%
  36  Orussusa    13.90%    failed      0.00%
  37  Micropld    14.97%    passed     18.87%
WARNING: 1 sequences contain more than 50% gaps/ambiguity
****  TOTAL       17.19%  4 sequences failed composition chi2 test (p-value<5%; df=19)

---> START RUN NUMBER 1 (seed: 896268)

Create initial parsimony tree by phylogenetic likelihood library (PLL)... 0.128 seconds
Generating 2000 samples for ultrafast bootstrap (seed: 896268)...
Model C60+I+G5 is alias for POISSON+G+FMIX{C60pi1:1:0.0169698865,C60pi2:1:0.0211683374,C60pi3:1:0.0276589079,C60pi4:1:0.0065675964,C60pi5:1:0.0141221416,C60pi6:1:0.0068774834,C60pi7:1:0.0146909701,C60pi8:1:0.0067225777,C60pi9:1:0.0018396660,C60pi10:1:0.0102547197,C60pi11:1:0.0230896163,C60pi12:1:0.0057941033,C60pi13:1:0.0125394534,C60pi14:1:0.0204526478,C60pi15:1:0.0070629602,C60pi16:1:0.0117982741,C60pi17:1:0.0068334668,C60pi18:1:0.0433775839,C60pi19:1:0.0318278731,C60pi20:1:0.0222546108,C60pi21:1:0.0102264969,C60pi22:1:0.0150545891,C60pi23:1:0.0134159878,C60pi24:1:0.0148552065,C60pi25:1:0.0239111516,C60pi26:1:0.0128776278,C60pi27:1:0.0222318842,C60pi28:1:0.0247444742,C60pi29:1:0.0214274810,C60pi30:1:0.0115001882,C60pi31:1:0.0076017389,C60pi32:1:0.0130258568,C60pi33:1:0.0093701965,C60pi34:1:0.0467194264,C60pi35:1:0.0441940314,C60pi36:1:0.0322263154,C60pi37:1:0.0402999891,C60pi38:1:0.0150234227,C60pi39:1:0.0104589903,C60pi40:1:0.0214742395,C60pi41:1:0.0154957836,C60pi42:1:0.0101789953,C60pi43:1:0.0227980379,C60pi44:1:0.0123204539,C60pi45:1:0.0066777583,C60pi46:1:0.0004150083,C60pi47:1:0.0344385130,C60pi48:1:0.0113663379,C60pi49:1:0.0127143049,C60pi50:1:0.0124323741,C60pi51:1:0.0262124415,C60pi52:1:0.0064994957,C60pi53:1:0.0103203293,C60pi54:1:0.0142463512,C60pi55:1:0.0215600067,C60pi56:1:0.0199150700,C60pi57:1:0.0038964200,C60pi58:1:0.0113448855,C60pi59:1:0.0128595846,C60pi60:1:0.0117656776}+I+G5

NOTE: 29258 MB RAM (28 GB) is required!
Estimate model parameters (epsilon = 0.100)
1. Initial log-likelihood: -443172.479
2. Current log-likelihood: -438180.487
3. Current log-likelihood: -438121.338
4. Current log-likelihood: -438119.901
5. Current log-likelihood: -438119.243
6. Current log-likelihood: -438118.665
7. Current log-likelihood: -438118.168
8. Current log-likelihood: -438117.744
9. Current log-likelihood: -438117.385
10. Current log-likelihood: -438117.081
11. Current log-likelihood: -438116.824
12. Current log-likelihood: -438116.608
13. Current log-likelihood: -438116.426
14. Current log-likelihood: -438116.273
15. Current log-likelihood: -438116.144
16. Current log-likelihood: -438116.036
Optimal log-likelihood: -438115.934
Mixture weights: 0.017 0.021 0.028 0.007 0.014 0.007 0.015 0.007 0.002 0.010 0.023 0.006 0.013 0.020 0.007 0.012 0.007 0.043 0.032 0.022 0.010 0.015 0.013 0.015 0.024 0.013 0.022 0.025 0.021 0.011 0.008 0.013 0.009 0.047 0.044 0.032 0.040 0.015 0.010 0.021 0.015 0.010 0.023 0.012 0.007 0.001 0.034 0.011 0.013 0.012 0.026 0.006 0.010 0.014 0.022 0.020 0.004 0.011 0.013 0.012
Proportion of invariable sites: 0.297
Gamma shape alpha: 0.570
Parameters optimization took 16 rounds (224.972 sec)
Computing ML distances based on estimated model parameters... 0.725 sec
Computing BIONJ tree...
0.002 seconds
Log-likelihood of BIONJ tree: -437816.903
--------------------------------------------------------------------
|             INITIALIZING CANDIDATE TREE SET                      |
--------------------------------------------------------------------
Generating 98 parsimony trees... 13.831 second
Computing log-likelihood of 98 initial trees ... 1031.630 seconds
Current best score: -437806.260

Do NNI search on 20 best initial trees
Estimate model parameters (epsilon = 0.100)
BETTER TREE FOUND at iteration 1: -437691.164
Iteration 10 / LogL: -437691.452 / Time: 0h:37m:40s
Iteration 20 / LogL: -437691.476 / Time: 0h:54m:18s
Finish initializing candidate tree set (1)
Current best tree score: -437691.164 / CPU time: 2981.318
Number of iterations: 20
--------------------------------------------------------------------
|               OPTIMIZING CANDIDATE TREE SET                      |
--------------------------------------------------------------------
Iteration 30 / LogL: -437697.097 / Time: 1h:10m:27s (2h:52m:30s left)
Iteration 40 / LogL: -437693.368 / Time: 1h:29m:47s (2h:20m:25s left)
Iteration 50 / LogL: -437691.579 / Time: 1h:47m:37s (1h:52m:1s left)
Log-likelihood cutoff on original alignment: -437775.294
Iteration 60 / LogL: -437691.779 / Time: 2h:5m:46s (1h:27m:24s left)
Iteration 70 / LogL: -437691.718 / Time: 2h:24m:40s (1h:4m:59s left)
Iteration 80 / LogL: -437696.566 / Time: 2h:42m:46s (0h:43m:16s left)
Iteration 90 / LogL: -437691.170 / Time: 2h:58m:50s (0h:22m:6s left)
Iteration 100 / LogL: -437691.441 / Time: 3h:16m:45s (0h:1m:59s left)
Log-likelihood cutoff on original alignment: -437775.294
NOTE: Bootstrap correlation coefficient of split occurrence frequencies: 1.000
TREE SEARCH COMPLETED AFTER 102 ITERATIONS / Time: 3h:19m:32s

--------------------------------------------------------------------
|                    FINALIZING TREE SEARCH                        |
--------------------------------------------------------------------
Performs final model parameters optimization
Estimate model parameters (epsilon = 0.010)
1. Initial log-likelihood: -437691.164
2. Current log-likelihood: -437691.124
3. Current log-likelihood: -437691.091
4. Current log-likelihood: -437691.063
5. Current log-likelihood: -437691.032
6. Current log-likelihood: -437691.017
7. Current log-likelihood: -437690.995
8. Current log-likelihood: -437690.984
9. Current log-likelihood: -437690.969
Optimal log-likelihood: -437690.959
Mixture weights: 0.017 0.021 0.028 0.007 0.014 0.007 0.015 0.007 0.002 0.010 0.023 0.006 0.013 0.020 0.007 0.012 0.007 0.043 0.032 0.022 0.010 0.015 0.013 0.015 0.024 0.013 0.022 0.025 0.021 0.011 0.008 0.013 0.009 0.047 0.044 0.032 0.040 0.015 0.010 0.021 0.015 0.010 0.023 0.012 0.007 0.001 0.034 0.011 0.013 0.012 0.026 0.006 0.010 0.014 0.022 0.020 0.004 0.011 0.013 0.012
Proportion of invariable sites: 0.301
Gamma shape alpha: 0.578
Parameters optimization took 9 rounds (102.899 sec)
BEST SCORE FOUND : -437690.959
Creating bootstrap support values...
Split supports printed to NEXUS file iq_clustal34_hmm_lt0.018_C60_I_G5.splits.nex
Total tree length: 3.018

Total number of iterations: 102
CPU time used for tree search: 372220.426 sec (103h:23m:40s)
Wall-clock time used for tree search: 11695.977 sec (3h:14m:55s)
Total CPU time used: 384313.535 sec (106h:45m:13s)
Total wall-clock time used: 12076.817 sec (3h:21m:16s)

Computing bootstrap consensus tree...
Reading input file iq_clustal34_hmm_lt0.018_C60_I_G5.splits.nex...
37 taxa and 91 splits.
Consensus tree written to iq_clustal34_hmm_lt0.018_C60_I_G5.contree
Reading input trees file iq_clustal34_hmm_lt0.018_C60_I_G5.contree
Log-likelihood of consensus tree: -437690.959

---> START RUN NUMBER 2 (seed: 897268)

Create initial parsimony tree by phylogenetic likelihood library (PLL)... 0.159 seconds
Generating 2000 samples for ultrafast bootstrap (seed: 897268)...
Model C60+I+G5 is alias for POISSON+G+FMIX{C60pi1:1:0.0169698865,C60pi2:1:0.0211683374,C60pi3:1:0.0276589079,C60pi4:1:0.0065675964,C60pi5:1:0.0141221416,C60pi6:1:0.0068774834,C60pi7:1:0.0146909701,C60pi8:1:0.0067225777,C60pi9:1:0.0018396660,C60pi10:1:0.0102547197,C60pi11:1:0.0230896163,C60pi12:1:0.0057941033,C60pi13:1:0.0125394534,C60pi14:1:0.0204526478,C60pi15:1:0.0070629602,C60pi16:1:0.0117982741,C60pi17:1:0.0068334668,C60pi18:1:0.0433775839,C60pi19:1:0.0318278731,C60pi20:1:0.0222546108,C60pi21:1:0.0102264969,C60pi22:1:0.0150545891,C60pi23:1:0.0134159878,C60pi24:1:0.0148552065,C60pi25:1:0.0239111516,C60pi26:1:0.0128776278,C60pi27:1:0.0222318842,C60pi28:1:0.0247444742,C60pi29:1:0.0214274810,C60pi30:1:0.0115001882,C60pi31:1:0.0076017389,C60pi32:1:0.0130258568,C60pi33:1:0.0093701965,C60pi34:1:0.0467194264,C60pi35:1:0.0441940314,C60pi36:1:0.0322263154,C60pi37:1:0.0402999891,C60pi38:1:0.0150234227,C60pi39:1:0.0104589903,C60pi40:1:0.0214742395,C60pi41:1:0.0154957836,C60pi42:1:0.0101789953,C60pi43:1:0.0227980379,C60pi44:1:0.0123204539,C60pi45:1:0.0066777583,C60pi46:1:0.0004150083,C60pi47:1:0.0344385130,C60pi48:1:0.0113663379,C60pi49:1:0.0127143049,C60pi50:1:0.0124323741,C60pi51:1:0.0262124415,C60pi52:1:0.0064994957,C60pi53:1:0.0103203293,C60pi54:1:0.0142463512,C60pi55:1:0.0215600067,C60pi56:1:0.0199150700,C60pi57:1:0.0038964200,C60pi58:1:0.0113448855,C60pi59:1:0.0128595846,C60pi60:1:0.0117656776}+I+G5

NOTE: 29258 MB RAM (28 GB) is required!
Estimate model parameters (epsilon = 0.100)
1. Initial log-likelihood: -442793.865
2. Current log-likelihood: -437834.521
3. Current log-likelihood: -437768.082
4. Current log-likelihood: -437767.112
5. Current log-likelihood: -437766.507
6. Current log-likelihood: -437765.983
7. Current log-likelihood: -437765.534
8. Current log-likelihood: -437765.152
9. Current log-likelihood: -437764.828
10. Current log-likelihood: -437764.554
11. Current log-likelihood: -437764.322
12. Current log-likelihood: -437764.127
13. Current log-likelihood: -437763.963
14. Current log-likelihood: -437763.825
15. Current log-likelihood: -437763.709
Optimal log-likelihood: -437763.599
Mixture weights: 0.017 0.021 0.028 0.007 0.014 0.007 0.015 0.007 0.002 0.010 0.023 0.006 0.013 0.020 0.007 0.012 0.007 0.043 0.032 0.022 0.010 0.015 0.013 0.015 0.024 0.013 0.022 0.025 0.021 0.011 0.008 0.013 0.009 0.047 0.044 0.032 0.040 0.015 0.010 0.021 0.015 0.010 0.023 0.012 0.007 0.001 0.034 0.011 0.013 0.012 0.026 0.006 0.010 0.014 0.022 0.020 0.004 0.011 0.013 0.012
Proportion of invariable sites: 0.296
Gamma shape alpha: 0.572
Parameters optimization took 15 rounds (212.915 sec)
Computing ML distances based on estimated model parameters... 0.777 sec
Computing BIONJ tree...
0.001 seconds
Log-likelihood of BIONJ tree: -437816.871
--------------------------------------------------------------------
|             INITIALIZING CANDIDATE TREE SET                      |
--------------------------------------------------------------------
Generating 98 parsimony trees... 13.826 second
Computing log-likelihood of 98 initial trees ... 1034.306 seconds
Current best score: -437763.599

Do NNI search on 20 best initial trees
Estimate model parameters (epsilon = 0.100)
BETTER TREE FOUND at iteration 1: -437691.185
Iteration 10 / LogL: -437691.611 / Time: 0h:37m:5s
Iteration 20 / LogL: -437691.619 / Time: 0h:54m:56s
Finish initializing candidate tree set (1)
Current best tree score: -437691.185 / CPU time: 3026.277
Number of iterations: 20
--------------------------------------------------------------------
|               OPTIMIZING CANDIDATE TREE SET                      |
--------------------------------------------------------------------
Iteration 30 / LogL: -437691.989 / Time: 1h:10m:16s (2h:52m:1s left)
Iteration 40 / LogL: -437696.837 / Time: 1h:28m:34s (2h:18m:31s left)
Iteration 50 / LogL: -437726.109 / Time: 1h:47m:38s (1h:52m:1s left)
Log-likelihood cutoff on original alignment: -437745.553
Iteration 60 / LogL: -437713.633 / Time: 2h:2m:41s (1h:25m:15s left)
Iteration 70 / LogL: -437698.649 / Time: 2h:19m:53s (1h:2m:50s left)
Iteration 80 / LogL: -437691.271 / Time: 2h:38m:0s (0h:41m:59s left)
Iteration 90 / LogL: -437716.772 / Time: 2h:54m:36s (0h:21m:34s left)
Iteration 100 / LogL: -437692.396 / Time: 3h:12m:32s (0h:1m:56s left)
Log-likelihood cutoff on original alignment: -437745.553
NOTE: Bootstrap correlation coefficient of split occurrence frequencies: 1.000
TREE SEARCH COMPLETED AFTER 102 ITERATIONS / Time: 3h:15m:58s

--------------------------------------------------------------------
|                    FINALIZING TREE SEARCH                        |
--------------------------------------------------------------------
Performs final model parameters optimization
Estimate model parameters (epsilon = 0.010)
1. Initial log-likelihood: -437691.185
2. Current log-likelihood: -437691.142
3. Current log-likelihood: -437691.106
4. Current log-likelihood: -437691.075
5. Current log-likelihood: -437691.050
6. Current log-likelihood: -437691.022
7. Current log-likelihood: -437691.008
8. Current log-likelihood: -437690.988
9. Current log-likelihood: -437690.977
10. Current log-likelihood: -437690.964
Optimal log-likelihood: -437690.955
Mixture weights: 0.017 0.021 0.028 0.007 0.014 0.007 0.015 0.007 0.002 0.010 0.023 0.006 0.013 0.020 0.007 0.012 0.007 0.043 0.032 0.022 0.010 0.015 0.013 0.015 0.024 0.013 0.022 0.025 0.021 0.011 0.008 0.013 0.009 0.047 0.044 0.032 0.040 0.015 0.010 0.021 0.015 0.010 0.023 0.012 0.007 0.001 0.034 0.011 0.013 0.012 0.026 0.006 0.010 0.014 0.022 0.020 0.004 0.011 0.013 0.012
Proportion of invariable sites: 0.301
Gamma shape alpha: 0.578
Parameters optimization took 10 rounds (114.447 sec)
BEST SCORE FOUND : -437690.955
Creating bootstrap support values...
Split supports printed to NEXUS file iq_clustal34_hmm_lt0.018_C60_I_G5.splits.nex
Total tree length: 3.018

Total number of iterations: 102
CPU time used for tree search: 365495.081 sec (101h:31m:35s)
Wall-clock time used for tree search: 11488.315 sec (3h:11m:28s)
Total CPU time used: 377692.462 sec (104h:54m:52s)
Total wall-clock time used: 11874.023 sec (3h:17m:54s)

Computing bootstrap consensus tree...
Reading input file iq_clustal34_hmm_lt0.018_C60_I_G5.splits.nex...
37 taxa and 85 splits.
Consensus tree written to iq_clustal34_hmm_lt0.018_C60_I_G5.contree
Reading input trees file iq_clustal34_hmm_lt0.018_C60_I_G5.contree
Log-likelihood of consensus tree: -437690.955

---> SUMMARIZE RESULTS FROM 2 RUNS

Run 2 gave best log-likelihood: -437690.955
Model C60+I+G5 is alias for POISSON+G+FMIX{C60pi1:1:0.0169698865,C60pi2:1:0.0211683374,C60pi3:1:0.0276589079,C60pi4:1:0.0065675964,C60pi5:1:0.0141221416,C60pi6:1:0.0068774834,C60pi7:1:0.0146909701,C60pi8:1:0.0067225777,C60pi9:1:0.0018396660,C60pi10:1:0.0102547197,C60pi11:1:0.0230896163,C60pi12:1:0.0057941033,C60pi13:1:0.0125394534,C60pi14:1:0.0204526478,C60pi15:1:0.0070629602,C60pi16:1:0.0117982741,C60pi17:1:0.0068334668,C60pi18:1:0.0433775839,C60pi19:1:0.0318278731,C60pi20:1:0.0222546108,C60pi21:1:0.0102264969,C60pi22:1:0.0150545891,C60pi23:1:0.0134159878,C60pi24:1:0.0148552065,C60pi25:1:0.0239111516,C60pi26:1:0.0128776278,C60pi27:1:0.0222318842,C60pi28:1:0.0247444742,C60pi29:1:0.0214274810,C60pi30:1:0.0115001882,C60pi31:1:0.0076017389,C60pi32:1:0.0130258568,C60pi33:1:0.0093701965,C60pi34:1:0.0467194264,C60pi35:1:0.0441940314,C60pi36:1:0.0322263154,C60pi37:1:0.0402999891,C60pi38:1:0.0150234227,C60pi39:1:0.0104589903,C60pi40:1:0.0214742395,C60pi41:1:0.0154957836,C60pi42:1:0.0101789953,C60pi43:1:0.0227980379,C60pi44:1:0.0123204539,C60pi45:1:0.0066777583,C60pi46:1:0.0004150083,C60pi47:1:0.0344385130,C60pi48:1:0.0113663379,C60pi49:1:0.0127143049,C60pi50:1:0.0124323741,C60pi51:1:0.0262124415,C60pi52:1:0.0064994957,C60pi53:1:0.0103203293,C60pi54:1:0.0142463512,C60pi55:1:0.0215600067,C60pi56:1:0.0199150700,C60pi57:1:0.0038964200,C60pi58:1:0.0113448855,C60pi59:1:0.0128595846,C60pi60:1:0.0117656776}+I+G5
Split supports printed to NEXUS file iq_clustal34_hmm_lt0.018_C60_I_G5.splits.nex
Consensus tree written to iq_clustal34_hmm_lt0.018_C60_I_G5.contree
Total CPU time for 2 runs: 765195.573 seconds.
Total wall-clock time for 2 runs: 24051.053 seconds.


Analysis results written to: 
  IQ-TREE report:                iq_clustal34_hmm_lt0.018_C60_I_G5.iqtree
  Maximum-likelihood tree:       iq_clustal34_hmm_lt0.018_C60_I_G5.treefile
  Trees from independent runs:   iq_clustal34_hmm_lt0.018_C60_I_G5.runtrees
  Likelihood distances:          iq_clustal34_hmm_lt0.018_C60_I_G5.mldist

Ultrafast bootstrap approximation results written to:
  Split support values:          iq_clustal34_hmm_lt0.018_C60_I_G5.splits.nex
  Consensus tree:                iq_clustal34_hmm_lt0.018_C60_I_G5.contree
  Screen log file:               iq_clustal34_hmm_lt0.018_C60_I_G5.log

Date and Time: Tue Apr 27 11:12:12 2021
Tue Apr 27 11:12:12 CEST 2021
