Sat Apr 10 12:44:02 CEST 2021
IQ-TREE multicore version 1.6.12 for Linux 64-bit built Aug 15 2019
Developed by Bui Quang Minh, Nguyen Lam Tung, Olga Chernomor,
Heiko Schmidt, Dominik Schrempf, Michael Woodhams.

Host:    n39 (AVX512, FMA3, 376 GB RAM)
Command: ../../iqtree-1.6.12-Linux/bin/iqtree -s ../../data/allgaps34_od6-7.phy -nt 32 -m C60+I+G5 -pre iq_34_od6-7_C60_I_G5 --runs 2 -bb 2000
Seed:    737323 (Using SPRNG - Scalable Parallel Random Number Generator)
Time:    Sat Apr 10 12:44:02 2021
Kernel:  AVX+FMA - 32 threads (32 CPU cores detected)

Reading alignment file ../../data/allgaps34_od6-7.phy ... Phylip format detected
Alignment most likely contains protein sequences
Alignment has 37 sequences with 56757 columns, 40693 distinct patterns
22142 parsimony-informative, 14464 singleton sites, 20151 constant sites
           Gap/Ambiguity  Composition  p-value
   1  Allox_ar     8.32%    passed     80.13%
   2  Andr_cur     6.10%    passed     93.00%
   3  Andr_gro     8.34%    passed     72.61%
   4  Andr_qln     9.36%    passed     77.52%
   5  Andr_qrm    16.24%    passed     27.02%
   6  Aula_tav     6.64%    passed     96.70%
   7  Aylax_hy     6.39%    passed     97.89%
   8  Beloc_tr     7.68%    passed     45.34%
   9  Bior_pal    49.50%    failed      0.89%
  10  Callas_no   17.66%    passed      8.78%
  11  Calli_sp     9.41%    passed     81.98%
  12  Cecin_ib    31.49%    failed      0.01%
  13  Cerop_ma     8.45%    passed     99.59%
  14  Diast_ki     9.08%    passed     99.96%
  15  Dipl_spi     6.54%    passed     92.27%
  16  Escha_ac    12.91%    failed      0.00%
  17  Gana_sp1    36.83%    failed      0.00%
  18  Hedic_le     6.98%    passed     99.58%
  19  Irae_his    28.95%    failed      0.00%
  20  Isoc_cen     7.42%    passed     98.88%
  21  Lepto_bo    10.43%    failed      0.00%
  22  Lepto_cl     6.96%    failed      0.00%
  23  Lepto_he     8.10%    failed      0.00%
  24  Parn_nig     9.50%    passed     96.74%
  25  Pedia_ac     9.69%    passed     97.53%
  26  Peric_JH     6.84%    passed     99.39%
  27  Phaen_vi    13.87%    passed     75.77%
  28  Phana_JH    35.25%    failed      2.65%
  29  Prot_spe    22.12%    passed     72.79%
  30  Qwaq_sco     7.82%    passed     92.62%
  31  Syne_gif     7.64%    passed     99.78%
  32  Syne_ito     5.98%    passed    100.00%
  33  Syne_jap     7.08%    passed     99.99%
  34  Syne_umb     5.45%    passed     99.99%
  35  Nasoniav    11.33%    failed      0.00%
  36  Orussusa     6.96%    failed      0.00%
  37  Micropld    11.84%    failed      0.00%
****  TOTAL       13.00%  12 sequences failed composition chi2 test (p-value<5%; df=19)

---> START RUN NUMBER 1 (seed: 737323)

Create initial parsimony tree by phylogenetic likelihood library (PLL)... 0.351 seconds
Generating 2000 samples for ultrafast bootstrap (seed: 737323)...
Model C60+I+G5 is alias for POISSON+G+FMIX{C60pi1:1:0.0169698865,C60pi2:1:0.0211683374,C60pi3:1:0.0276589079,C60pi4:1:0.0065675964,C60pi5:1:0.0141221416,C60pi6:1:0.0068774834,C60pi7:1:0.0146909701,C60pi8:1:0.0067225777,C60pi9:1:0.0018396660,C60pi10:1:0.0102547197,C60pi11:1:0.0230896163,C60pi12:1:0.0057941033,C60pi13:1:0.0125394534,C60pi14:1:0.0204526478,C60pi15:1:0.0070629602,C60pi16:1:0.0117982741,C60pi17:1:0.0068334668,C60pi18:1:0.0433775839,C60pi19:1:0.0318278731,C60pi20:1:0.0222546108,C60pi21:1:0.0102264969,C60pi22:1:0.0150545891,C60pi23:1:0.0134159878,C60pi24:1:0.0148552065,C60pi25:1:0.0239111516,C60pi26:1:0.0128776278,C60pi27:1:0.0222318842,C60pi28:1:0.0247444742,C60pi29:1:0.0214274810,C60pi30:1:0.0115001882,C60pi31:1:0.0076017389,C60pi32:1:0.0130258568,C60pi33:1:0.0093701965,C60pi34:1:0.0467194264,C60pi35:1:0.0441940314,C60pi36:1:0.0322263154,C60pi37:1:0.0402999891,C60pi38:1:0.0150234227,C60pi39:1:0.0104589903,C60pi40:1:0.0214742395,C60pi41:1:0.0154957836,C60pi42:1:0.0101789953,C60pi43:1:0.0227980379,C60pi44:1:0.0123204539,C60pi45:1:0.0066777583,C60pi46:1:0.0004150083,C60pi47:1:0.0344385130,C60pi48:1:0.0113663379,C60pi49:1:0.0127143049,C60pi50:1:0.0124323741,C60pi51:1:0.0262124415,C60pi52:1:0.0064994957,C60pi53:1:0.0103203293,C60pi54:1:0.0142463512,C60pi55:1:0.0215600067,C60pi56:1:0.0199150700,C60pi57:1:0.0038964200,C60pi58:1:0.0113448855,C60pi59:1:0.0128595846,C60pi60:1:0.0117656776}+I+G5

NOTE: 56170 MB RAM (54 GB) is required!
Estimate model parameters (epsilon = 0.100)
1. Initial log-likelihood: -952409.763
2. Current log-likelihood: -942241.903
3. Current log-likelihood: -942184.095
4. Current log-likelihood: -942182.487
5. Current log-likelihood: -942181.676
6. Current log-likelihood: -942181.049
7. Current log-likelihood: -942180.538
8. Current log-likelihood: -942180.118
9. Current log-likelihood: -942179.773
10. Current log-likelihood: -942179.489
11. Current log-likelihood: -942179.256
12. Current log-likelihood: -942179.063
13. Current log-likelihood: -942178.931
14. Current log-likelihood: -942178.790
Optimal log-likelihood: -942178.681
Mixture weights: 0.017 0.021 0.028 0.007 0.014 0.007 0.015 0.007 0.002 0.010 0.023 0.006 0.013 0.020 0.007 0.012 0.007 0.043 0.032 0.022 0.010 0.015 0.013 0.015 0.024 0.013 0.022 0.025 0.021 0.011 0.008 0.013 0.009 0.047 0.044 0.032 0.040 0.015 0.010 0.021 0.015 0.010 0.023 0.012 0.007 0.001 0.034 0.011 0.013 0.012 0.026 0.006 0.010 0.014 0.022 0.020 0.004 0.011 0.013 0.012
Proportion of invariable sites: 0.162
Gamma shape alpha: 0.713
Parameters optimization took 14 rounds (374.503 sec)
Computing ML distances based on estimated model parameters... 1.070 sec
Computing BIONJ tree...
0.066 seconds
Log-likelihood of BIONJ tree: -942669.960
--------------------------------------------------------------------
|             INITIALIZING CANDIDATE TREE SET                      |
--------------------------------------------------------------------
Generating 98 parsimony trees... 30.387 second
Computing log-likelihood of 98 initial trees ... 1886.369 seconds
Current best score: -942178.681

Do NNI search on 20 best initial trees
Estimate model parameters (epsilon = 0.100)
BETTER TREE FOUND at iteration 1: -941988.160
Iteration 10 / LogL: -941989.322 / Time: 1h:5m:42s
Iteration 20 / LogL: -941988.488 / Time: 1h:33m:27s
Finish initializing candidate tree set (2)
Current best tree score: -941988.160 / CPU time: 5133.953
Number of iterations: 20
--------------------------------------------------------------------
|               OPTIMIZING CANDIDATE TREE SET                      |
--------------------------------------------------------------------
Iteration 30 / LogL: -941991.087 / Time: 2h:4m:33s (5h:4m:55s left)
Iteration 40 / LogL: -942019.467 / Time: 2h:35m:41s (4h:3m:30s left)
Iteration 50 / LogL: -941990.769 / Time: 3h:7m:16s (3h:14m:55s left)
Log-likelihood cutoff on original alignment: -942068.174
Iteration 60 / LogL: -941992.167 / Time: 3h:37m:37s (2h:31m:13s left)
Iteration 70 / LogL: -941990.145 / Time: 4h:7m:26s (1h:51m:10s left)
Iteration 80 / LogL: -942001.725 / Time: 4h:37m:14s (1h:13m:41s left)
Iteration 90 / LogL: -941993.869 / Time: 5h:7m:54s (0h:38m:3s left)
Iteration 100 / LogL: -941989.095 / Time: 5h:40m:11s (0h:3m:26s left)
Log-likelihood cutoff on original alignment: -942068.174
NOTE: Bootstrap correlation coefficient of split occurrence frequencies: 1.000
TREE SEARCH COMPLETED AFTER 102 ITERATIONS / Time: 5h:46m:31s

--------------------------------------------------------------------
|                    FINALIZING TREE SEARCH                        |
--------------------------------------------------------------------
Performs final model parameters optimization
Estimate model parameters (epsilon = 0.010)
1. Initial log-likelihood: -941988.160
2. Current log-likelihood: -941988.101
3. Current log-likelihood: -941988.051
4. Current log-likelihood: -941988.007
5. Current log-likelihood: -941987.968
6. Current log-likelihood: -941987.933
7. Current log-likelihood: -941987.902
8. Current log-likelihood: -941987.876
9. Current log-likelihood: -941987.861
10. Current log-likelihood: -941987.842
Optimal log-likelihood: -941987.831
Mixture weights: 0.017 0.021 0.028 0.007 0.014 0.007 0.015 0.007 0.002 0.010 0.023 0.006 0.013 0.020 0.007 0.012 0.007 0.043 0.032 0.022 0.010 0.015 0.013 0.015 0.024 0.013 0.022 0.025 0.021 0.011 0.008 0.013 0.009 0.047 0.044 0.032 0.040 0.015 0.010 0.021 0.015 0.010 0.023 0.012 0.007 0.001 0.034 0.011 0.013 0.012 0.026 0.006 0.010 0.014 0.022 0.020 0.004 0.011 0.013 0.012
Proportion of invariable sites: 0.158
Gamma shape alpha: 0.704
Parameters optimization took 10 rounds (204.642 sec)
BEST SCORE FOUND : -941987.831
Creating bootstrap support values...
Split supports printed to NEXUS file iq_34_od6-7_C60_I_G5.splits.nex
Total tree length: 4.882

Total number of iterations: 102
CPU time used for tree search: 646788.949 sec (179h:39m:48s)
Wall-clock time used for tree search: 20316.270 sec (5h:38m:36s)
Total CPU time used: 668446.138 sec (185h:40m:46s)
Total wall-clock time used: 20997.678 sec (5h:49m:57s)

Computing bootstrap consensus tree...
Reading input file iq_34_od6-7_C60_I_G5.splits.nex...
37 taxa and 83 splits.
Consensus tree written to iq_34_od6-7_C60_I_G5.contree
Reading input trees file iq_34_od6-7_C60_I_G5.contree
Log-likelihood of consensus tree: -941987.831

---> START RUN NUMBER 2 (seed: 738323)

Create initial parsimony tree by phylogenetic likelihood library (PLL)... 0.242 seconds
Generating 2000 samples for ultrafast bootstrap (seed: 738323)...
Model C60+I+G5 is alias for POISSON+G+FMIX{C60pi1:1:0.0169698865,C60pi2:1:0.0211683374,C60pi3:1:0.0276589079,C60pi4:1:0.0065675964,C60pi5:1:0.0141221416,C60pi6:1:0.0068774834,C60pi7:1:0.0146909701,C60pi8:1:0.0067225777,C60pi9:1:0.0018396660,C60pi10:1:0.0102547197,C60pi11:1:0.0230896163,C60pi12:1:0.0057941033,C60pi13:1:0.0125394534,C60pi14:1:0.0204526478,C60pi15:1:0.0070629602,C60pi16:1:0.0117982741,C60pi17:1:0.0068334668,C60pi18:1:0.0433775839,C60pi19:1:0.0318278731,C60pi20:1:0.0222546108,C60pi21:1:0.0102264969,C60pi22:1:0.0150545891,C60pi23:1:0.0134159878,C60pi24:1:0.0148552065,C60pi25:1:0.0239111516,C60pi26:1:0.0128776278,C60pi27:1:0.0222318842,C60pi28:1:0.0247444742,C60pi29:1:0.0214274810,C60pi30:1:0.0115001882,C60pi31:1:0.0076017389,C60pi32:1:0.0130258568,C60pi33:1:0.0093701965,C60pi34:1:0.0467194264,C60pi35:1:0.0441940314,C60pi36:1:0.0322263154,C60pi37:1:0.0402999891,C60pi38:1:0.0150234227,C60pi39:1:0.0104589903,C60pi40:1:0.0214742395,C60pi41:1:0.0154957836,C60pi42:1:0.0101789953,C60pi43:1:0.0227980379,C60pi44:1:0.0123204539,C60pi45:1:0.0066777583,C60pi46:1:0.0004150083,C60pi47:1:0.0344385130,C60pi48:1:0.0113663379,C60pi49:1:0.0127143049,C60pi50:1:0.0124323741,C60pi51:1:0.0262124415,C60pi52:1:0.0064994957,C60pi53:1:0.0103203293,C60pi54:1:0.0142463512,C60pi55:1:0.0215600067,C60pi56:1:0.0199150700,C60pi57:1:0.0038964200,C60pi58:1:0.0113448855,C60pi59:1:0.0128595846,C60pi60:1:0.0117656776}+I+G5

NOTE: 56170 MB RAM (54 GB) is required!
Estimate model parameters (epsilon = 0.100)
1. Initial log-likelihood: -952429.086
2. Current log-likelihood: -942289.156
3. Current log-likelihood: -942230.623
4. Current log-likelihood: -942229.009
5. Current log-likelihood: -942228.193
6. Current log-likelihood: -942227.562
7. Current log-likelihood: -942227.048
8. Current log-likelihood: -942226.626
9. Current log-likelihood: -942226.278
10. Current log-likelihood: -942225.992
11. Current log-likelihood: -942225.757
12. Current log-likelihood: -942225.563
13. Current log-likelihood: -942225.431
14. Current log-likelihood: -942225.289
Optimal log-likelihood: -942225.179
Mixture weights: 0.017 0.021 0.028 0.007 0.014 0.007 0.015 0.007 0.002 0.010 0.023 0.006 0.013 0.020 0.007 0.012 0.007 0.043 0.032 0.022 0.010 0.015 0.013 0.015 0.024 0.013 0.022 0.025 0.021 0.011 0.008 0.013 0.009 0.047 0.044 0.032 0.040 0.015 0.010 0.021 0.015 0.010 0.023 0.012 0.007 0.001 0.034 0.011 0.013 0.012 0.026 0.006 0.010 0.014 0.022 0.020 0.004 0.011 0.013 0.012
Proportion of invariable sites: 0.162
Gamma shape alpha: 0.713
Parameters optimization took 14 rounds (381.046 sec)
Computing ML distances based on estimated model parameters... 1.005 sec
Computing BIONJ tree...
0.382 seconds
Log-likelihood of BIONJ tree: -942669.953
--------------------------------------------------------------------
|             INITIALIZING CANDIDATE TREE SET                      |
--------------------------------------------------------------------
Generating 98 parsimony trees... 31.247 second
Computing log-likelihood of 98 initial trees ... 1869.747 seconds
Current best score: -942215.537

Do NNI search on 20 best initial trees
Estimate model parameters (epsilon = 0.100)
BETTER TREE FOUND at iteration 1: -941988.041
Iteration 10 / LogL: -941988.346 / Time: 1h:5m:39s
Iteration 20 / LogL: -941988.057 / Time: 1h:32m:49s
Finish initializing candidate tree set (3)
Current best tree score: -941988.041 / CPU time: 5088.051
Number of iterations: 20
--------------------------------------------------------------------
|               OPTIMIZING CANDIDATE TREE SET                      |
--------------------------------------------------------------------
Iteration 30 / LogL: -941989.702 / Time: 2h:2m:55s (5h:0m:56s left)
Iteration 40 / LogL: -941995.224 / Time: 2h:36m:16s (4h:4m:24s left)
Iteration 50 / LogL: -941993.465 / Time: 3h:5m:48s (3h:13m:22s left)
Log-likelihood cutoff on original alignment: -942055.523
Iteration 60 / LogL: -941988.062 / Time: 3h:36m:49s (2h:30m:40s left)
Iteration 70 / LogL: -941993.294 / Time: 4h:5m:45s (1h:50m:24s left)
Iteration 80 / LogL: -942014.759 / Time: 4h:37m:26s (1h:13m:44s left)
Iteration 90 / LogL: -941989.102 / Time: 5h:8m:34s (0h:38m:8s left)
Iteration 100 / LogL: -941989.511 / Time: 5h:44m:36s (0h:3m:28s left)
Log-likelihood cutoff on original alignment: -942055.523
NOTE: Bootstrap correlation coefficient of split occurrence frequencies: 1.000
TREE SEARCH COMPLETED AFTER 102 ITERATIONS / Time: 5h:51m:47s

--------------------------------------------------------------------
|                    FINALIZING TREE SEARCH                        |
--------------------------------------------------------------------
Performs final model parameters optimization
Estimate model parameters (epsilon = 0.010)
1. Initial log-likelihood: -941988.041
2. Current log-likelihood: -941987.996
3. Current log-likelihood: -941987.958
4. Current log-likelihood: -941987.924
5. Current log-likelihood: -941987.895
6. Current log-likelihood: -941987.880
7. Current log-likelihood: -941987.858
8. Current log-likelihood: -941987.838
9. Current log-likelihood: -941987.828
10. Current log-likelihood: -941987.814
Optimal log-likelihood: -941987.806
Mixture weights: 0.017 0.021 0.028 0.007 0.014 0.007 0.015 0.007 0.002 0.010 0.023 0.006 0.013 0.020 0.007 0.012 0.007 0.043 0.032 0.022 0.010 0.015 0.013 0.015 0.024 0.013 0.022 0.025 0.021 0.011 0.008 0.013 0.009 0.047 0.044 0.032 0.040 0.015 0.010 0.021 0.015 0.010 0.023 0.012 0.007 0.001 0.034 0.011 0.013 0.012 0.026 0.006 0.010 0.014 0.022 0.020 0.004 0.011 0.013 0.012
Proportion of invariable sites: 0.158
Gamma shape alpha: 0.703
Parameters optimization took 10 rounds (207.385 sec)
BEST SCORE FOUND : -941987.806
Creating bootstrap support values...
Split supports printed to NEXUS file iq_34_od6-7_C60_I_G5.splits.nex
Total tree length: 4.883

Total number of iterations: 102
CPU time used for tree search: 656662.296 sec (182h:24m:22s)
Wall-clock time used for tree search: 20625.548 sec (5h:43m:45s)
Total CPU time used: 678604.694 sec (188h:30m:4s)
Total wall-clock time used: 21316.113 sec (5h:55m:16s)

Computing bootstrap consensus tree...
Reading input file iq_34_od6-7_C60_I_G5.splits.nex...
37 taxa and 82 splits.
Consensus tree written to iq_34_od6-7_C60_I_G5.contree
Reading input trees file iq_34_od6-7_C60_I_G5.contree
Log-likelihood of consensus tree: -941987.805

---> SUMMARIZE RESULTS FROM 2 RUNS

Run 2 gave best log-likelihood: -941987.806
Model C60+I+G5 is alias for POISSON+G+FMIX{C60pi1:1:0.0169698865,C60pi2:1:0.0211683374,C60pi3:1:0.0276589079,C60pi4:1:0.0065675964,C60pi5:1:0.0141221416,C60pi6:1:0.0068774834,C60pi7:1:0.0146909701,C60pi8:1:0.0067225777,C60pi9:1:0.0018396660,C60pi10:1:0.0102547197,C60pi11:1:0.0230896163,C60pi12:1:0.0057941033,C60pi13:1:0.0125394534,C60pi14:1:0.0204526478,C60pi15:1:0.0070629602,C60pi16:1:0.0117982741,C60pi17:1:0.0068334668,C60pi18:1:0.0433775839,C60pi19:1:0.0318278731,C60pi20:1:0.0222546108,C60pi21:1:0.0102264969,C60pi22:1:0.0150545891,C60pi23:1:0.0134159878,C60pi24:1:0.0148552065,C60pi25:1:0.0239111516,C60pi26:1:0.0128776278,C60pi27:1:0.0222318842,C60pi28:1:0.0247444742,C60pi29:1:0.0214274810,C60pi30:1:0.0115001882,C60pi31:1:0.0076017389,C60pi32:1:0.0130258568,C60pi33:1:0.0093701965,C60pi34:1:0.0467194264,C60pi35:1:0.0441940314,C60pi36:1:0.0322263154,C60pi37:1:0.0402999891,C60pi38:1:0.0150234227,C60pi39:1:0.0104589903,C60pi40:1:0.0214742395,C60pi41:1:0.0154957836,C60pi42:1:0.0101789953,C60pi43:1:0.0227980379,C60pi44:1:0.0123204539,C60pi45:1:0.0066777583,C60pi46:1:0.0004150083,C60pi47:1:0.0344385130,C60pi48:1:0.0113663379,C60pi49:1:0.0127143049,C60pi50:1:0.0124323741,C60pi51:1:0.0262124415,C60pi52:1:0.0064994957,C60pi53:1:0.0103203293,C60pi54:1:0.0142463512,C60pi55:1:0.0215600067,C60pi56:1:0.0199150700,C60pi57:1:0.0038964200,C60pi58:1:0.0113448855,C60pi59:1:0.0128595846,C60pi60:1:0.0117656776}+I+G5
Split supports printed to NEXUS file iq_34_od6-7_C60_I_G5.splits.nex
Consensus tree written to iq_34_od6-7_C60_I_G5.contree
Total CPU time for 2 runs: 1352833.497 seconds.
Total wall-clock time for 2 runs: 42495.247 seconds.


Analysis results written to: 
  IQ-TREE report:                iq_34_od6-7_C60_I_G5.iqtree
  Maximum-likelihood tree:       iq_34_od6-7_C60_I_G5.treefile
  Trees from independent runs:   iq_34_od6-7_C60_I_G5.runtrees
  Likelihood distances:          iq_34_od6-7_C60_I_G5.mldist

Ultrafast bootstrap approximation results written to:
  Split support values:          iq_34_od6-7_C60_I_G5.splits.nex
  Consensus tree:                iq_34_od6-7_C60_I_G5.contree
  Screen log file:               iq_34_od6-7_C60_I_G5.log

Date and Time: Sun Apr 11 00:32:18 2021
Sun Apr 11 00:32:18 CEST 2021
