Wed Apr 28 19:00:25 CEST 2021
IQ-TREE multicore version 1.6.12 for Linux 64-bit built Aug 15 2019
Developed by Bui Quang Minh, Nguyen Lam Tung, Olga Chernomor,
Heiko Schmidt, Dominik Schrempf, Michael Woodhams.

Host:    n1665 (AVX512, FMA3, 93 GB RAM)
Command: ../../iqtree-1.6.12-Linux/bin/iqtree -s ../../data/clustal34_hmm_ag_0.522-0.641.phy -nt 32 -m C60+I+G5 -pre iq_clustal34_hmm_ag_0.522-0.641_C60_I_G5 --runs 2 -bb 2000
Seed:    944480 (Using SPRNG - Scalable Parallel Random Number Generator)
Time:    Wed Apr 28 19:00:25 2021
Kernel:  AVX+FMA - 32 threads (32 CPU cores detected)

Reading alignment file ../../data/clustal34_hmm_ag_0.522-0.641.phy ... Phylip format detected
Alignment most likely contains protein sequences
Alignment has 37 sequences with 33082 columns, 23471 distinct patterns
12213 parsimony-informative, 6990 singleton sites, 13879 constant sites
           Gap/Ambiguity  Composition  p-value
   1  Allox_ar     5.11%    passed     59.55%
   2  Andr_cur     3.11%    passed     96.23%
   3  Andr_gro     5.23%    passed     90.47%
   4  Andr_qln     5.84%    passed     90.74%
   5  Andr_qrm    11.77%    passed      9.27%
   6  Aula_tav     2.93%    passed     99.26%
   7  Aylax_hy     2.07%    passed     99.97%
   8  Beloc_tr     2.18%    passed     99.90%
   9  Bior_pal    48.17%    failed      0.77%
  10  Callas_no   10.72%    passed     32.25%
  11  Calli_sp     5.72%    passed     87.83%
  12  Cecin_ib    30.20%    passed     54.42%
  13  Cerop_ma     6.49%    passed     99.96%
  14  Diast_ki     4.87%    passed     99.95%
  15  Dipl_spi     6.24%    passed     90.23%
  16  Escha_ac    19.50%    failed      0.00%
  17  Gana_sp1    48.17%    failed      0.00%
  18  Hedic_le     2.26%    passed     99.95%
  19  Irae_his    20.30%    passed      7.83%
  20  Isoc_cen     3.62%    passed     99.95%
  21  Lepto_bo     8.18%    failed      0.00%
  22  Lepto_cl     3.79%    failed      0.15%
  23  Lepto_he     5.66%    passed     17.02%
  24  Parn_nig     7.76%    passed     99.98%
  25  Pedia_ac     8.19%    passed     96.97%
  26  Peric_JH     3.80%    passed     94.99%
  27  Phaen_vi    14.84%    passed     69.97%
  28  Phana_JH    24.75%    failed      0.03%
  29  Prot_spe    20.19%    passed      7.71%
  30  Qwaq_sco     4.29%    passed     99.06%
  31  Syne_gif     2.43%    passed     99.62%
  32  Syne_ito     2.91%    passed     99.87%
  33  Syne_jap     1.89%    passed    100.00%
  34  Syne_umb     1.41%    passed    100.00%
  35  Nasoniav    17.53%    failed      0.00%
  36  Orussusa    13.26%    failed      0.00%
  37  Micropld    21.02%    failed      0.00%
****  TOTAL       10.98%  9 sequences failed composition chi2 test (p-value<5%; df=19)

---> START RUN NUMBER 1 (seed: 944480)

Create initial parsimony tree by phylogenetic likelihood library (PLL)... 0.237 seconds
Generating 2000 samples for ultrafast bootstrap (seed: 944480)...
Model C60+I+G5 is alias for POISSON+G+FMIX{C60pi1:1:0.0169698865,C60pi2:1:0.0211683374,C60pi3:1:0.0276589079,C60pi4:1:0.0065675964,C60pi5:1:0.0141221416,C60pi6:1:0.0068774834,C60pi7:1:0.0146909701,C60pi8:1:0.0067225777,C60pi9:1:0.0018396660,C60pi10:1:0.0102547197,C60pi11:1:0.0230896163,C60pi12:1:0.0057941033,C60pi13:1:0.0125394534,C60pi14:1:0.0204526478,C60pi15:1:0.0070629602,C60pi16:1:0.0117982741,C60pi17:1:0.0068334668,C60pi18:1:0.0433775839,C60pi19:1:0.0318278731,C60pi20:1:0.0222546108,C60pi21:1:0.0102264969,C60pi22:1:0.0150545891,C60pi23:1:0.0134159878,C60pi24:1:0.0148552065,C60pi25:1:0.0239111516,C60pi26:1:0.0128776278,C60pi27:1:0.0222318842,C60pi28:1:0.0247444742,C60pi29:1:0.0214274810,C60pi30:1:0.0115001882,C60pi31:1:0.0076017389,C60pi32:1:0.0130258568,C60pi33:1:0.0093701965,C60pi34:1:0.0467194264,C60pi35:1:0.0441940314,C60pi36:1:0.0322263154,C60pi37:1:0.0402999891,C60pi38:1:0.0150234227,C60pi39:1:0.0104589903,C60pi40:1:0.0214742395,C60pi41:1:0.0154957836,C60pi42:1:0.0101789953,C60pi43:1:0.0227980379,C60pi44:1:0.0123204539,C60pi45:1:0.0066777583,C60pi46:1:0.0004150083,C60pi47:1:0.0344385130,C60pi48:1:0.0113663379,C60pi49:1:0.0127143049,C60pi50:1:0.0124323741,C60pi51:1:0.0262124415,C60pi52:1:0.0064994957,C60pi53:1:0.0103203293,C60pi54:1:0.0142463512,C60pi55:1:0.0215600067,C60pi56:1:0.0199150700,C60pi57:1:0.0038964200,C60pi58:1:0.0113448855,C60pi59:1:0.0128595846,C60pi60:1:0.0117656776}+I+G5

NOTE: 32409 MB RAM (31 GB) is required!
Estimate model parameters (epsilon = 0.100)
1. Initial log-likelihood: -487041.627
2. Current log-likelihood: -481369.325
3. Current log-likelihood: -481317.164
4. Current log-likelihood: -481316.640
5. Current log-likelihood: -481316.358
6. Current log-likelihood: -481316.108
7. Current log-likelihood: -481315.893
8. Current log-likelihood: -481315.708
9. Current log-likelihood: -481315.550
10. Current log-likelihood: -481315.416
11. Current log-likelihood: -481315.302
Optimal log-likelihood: -481315.190
Mixture weights: 0.017 0.021 0.028 0.007 0.014 0.007 0.015 0.007 0.002 0.010 0.023 0.006 0.013 0.020 0.007 0.012 0.007 0.043 0.032 0.022 0.010 0.015 0.013 0.015 0.024 0.013 0.022 0.025 0.021 0.011 0.008 0.013 0.009 0.047 0.044 0.032 0.040 0.015 0.010 0.021 0.015 0.010 0.023 0.012 0.007 0.001 0.034 0.011 0.013 0.012 0.026 0.006 0.010 0.014 0.022 0.020 0.004 0.011 0.013 0.012
Proportion of invariable sites: 0.223
Gamma shape alpha: 0.645
Parameters optimization took 11 rounds (172.319 sec)
Computing ML distances based on estimated model parameters... 0.763 sec
Computing BIONJ tree...
0.002 seconds
Log-likelihood of BIONJ tree: -481547.292
--------------------------------------------------------------------
|             INITIALIZING CANDIDATE TREE SET                      |
--------------------------------------------------------------------
Generating 98 parsimony trees... 18.658 second
Computing log-likelihood of 98 initial trees ... 1083.517 seconds
Current best score: -481315.190

Do NNI search on 20 best initial trees
Estimate model parameters (epsilon = 0.100)
BETTER TREE FOUND at iteration 1: -481203.634
Estimate model parameters (epsilon = 0.100)
BETTER TREE FOUND at iteration 2: -481143.959
Iteration 10 / LogL: -481205.422 / Time: 0h:37m:37s
Iteration 20 / LogL: -481208.586 / Time: 0h:53m:59s
Finish initializing candidate tree set (2)
Current best tree score: -481143.959 / CPU time: 3012.393
Number of iterations: 20
--------------------------------------------------------------------
|               OPTIMIZING CANDIDATE TREE SET                      |
--------------------------------------------------------------------
Iteration 30 / LogL: -481145.818 / Time: 1h:10m:42s (2h:55m:32s left)
Iteration 40 / LogL: -481145.222 / Time: 1h:27m:20s (2h:18m:50s left)
Iteration 50 / LogL: -481206.197 / Time: 1h:46m:12s (1h:52m:42s left)
Log-likelihood cutoff on original alignment: -481256.150
Iteration 60 / LogL: -481144.708 / Time: 2h:6m:1s (1h:29m:42s left)
Iteration 70 / LogL: -481203.927 / Time: 2h:22m:42s (1h:6m:10s left)
Iteration 80 / LogL: -481204.251 / Time: 2h:40m:36s (0h:44m:43s left)
Iteration 90 / LogL: -481143.996 / Time: 3h:0m:5s (0h:24m:16s left)
Iteration 100 / LogL: -481145.331 / Time: 3h:17m:2s (0h:3m:58s left)
Log-likelihood cutoff on original alignment: -481256.150
NOTE: Bootstrap correlation coefficient of split occurrence frequencies: 1.000
TREE SEARCH COMPLETED AFTER 103 ITERATIONS / Time: 3h:22m:15s

--------------------------------------------------------------------
|                    FINALIZING TREE SEARCH                        |
--------------------------------------------------------------------
Performs final model parameters optimization
Estimate model parameters (epsilon = 0.010)
1. Initial log-likelihood: -481143.959
2. Current log-likelihood: -481143.922
3. Current log-likelihood: -481143.892
4. Current log-likelihood: -481143.867
5. Current log-likelihood: -481143.837
6. Current log-likelihood: -481143.824
7. Current log-likelihood: -481143.802
8. Current log-likelihood: -481143.792
9. Current log-likelihood: -481143.777
Optimal log-likelihood: -481143.768
Mixture weights: 0.017 0.021 0.028 0.007 0.014 0.007 0.015 0.007 0.002 0.010 0.023 0.006 0.013 0.020 0.007 0.012 0.007 0.043 0.032 0.022 0.010 0.015 0.013 0.015 0.024 0.013 0.022 0.025 0.021 0.011 0.008 0.013 0.009 0.047 0.044 0.032 0.040 0.015 0.010 0.021 0.015 0.010 0.023 0.012 0.007 0.001 0.034 0.011 0.013 0.012 0.026 0.006 0.010 0.014 0.022 0.020 0.004 0.011 0.013 0.012
Proportion of invariable sites: 0.228
Gamma shape alpha: 0.655
Parameters optimization took 9 rounds (109.034 sec)
BEST SCORE FOUND : -481143.768
Creating bootstrap support values...
Split supports printed to NEXUS file iq_clustal34_hmm_ag_0.522-0.641_C60_I_G5.splits.nex
Total tree length: 4.054

Total number of iterations: 103
CPU time used for tree search: 378925.703 sec (105h:15m:25s)
Wall-clock time used for tree search: 11908.728 sec (3h:18m:28s)
Total CPU time used: 389618.218 sec (108h:13m:38s)
Total wall-clock time used: 12245.686 sec (3h:24m:5s)

Computing bootstrap consensus tree...
Reading input file iq_clustal34_hmm_ag_0.522-0.641_C60_I_G5.splits.nex...
37 taxa and 94 splits.
Consensus tree written to iq_clustal34_hmm_ag_0.522-0.641_C60_I_G5.contree
Reading input trees file iq_clustal34_hmm_ag_0.522-0.641_C60_I_G5.contree
Log-likelihood of consensus tree: -481143.768

---> START RUN NUMBER 2 (seed: 945480)

Create initial parsimony tree by phylogenetic likelihood library (PLL)... 0.239 seconds
Generating 2000 samples for ultrafast bootstrap (seed: 945480)...
Model C60+I+G5 is alias for POISSON+G+FMIX{C60pi1:1:0.0169698865,C60pi2:1:0.0211683374,C60pi3:1:0.0276589079,C60pi4:1:0.0065675964,C60pi5:1:0.0141221416,C60pi6:1:0.0068774834,C60pi7:1:0.0146909701,C60pi8:1:0.0067225777,C60pi9:1:0.0018396660,C60pi10:1:0.0102547197,C60pi11:1:0.0230896163,C60pi12:1:0.0057941033,C60pi13:1:0.0125394534,C60pi14:1:0.0204526478,C60pi15:1:0.0070629602,C60pi16:1:0.0117982741,C60pi17:1:0.0068334668,C60pi18:1:0.0433775839,C60pi19:1:0.0318278731,C60pi20:1:0.0222546108,C60pi21:1:0.0102264969,C60pi22:1:0.0150545891,C60pi23:1:0.0134159878,C60pi24:1:0.0148552065,C60pi25:1:0.0239111516,C60pi26:1:0.0128776278,C60pi27:1:0.0222318842,C60pi28:1:0.0247444742,C60pi29:1:0.0214274810,C60pi30:1:0.0115001882,C60pi31:1:0.0076017389,C60pi32:1:0.0130258568,C60pi33:1:0.0093701965,C60pi34:1:0.0467194264,C60pi35:1:0.0441940314,C60pi36:1:0.0322263154,C60pi37:1:0.0402999891,C60pi38:1:0.0150234227,C60pi39:1:0.0104589903,C60pi40:1:0.0214742395,C60pi41:1:0.0154957836,C60pi42:1:0.0101789953,C60pi43:1:0.0227980379,C60pi44:1:0.0123204539,C60pi45:1:0.0066777583,C60pi46:1:0.0004150083,C60pi47:1:0.0344385130,C60pi48:1:0.0113663379,C60pi49:1:0.0127143049,C60pi50:1:0.0124323741,C60pi51:1:0.0262124415,C60pi52:1:0.0064994957,C60pi53:1:0.0103203293,C60pi54:1:0.0142463512,C60pi55:1:0.0215600067,C60pi56:1:0.0199150700,C60pi57:1:0.0038964200,C60pi58:1:0.0113448855,C60pi59:1:0.0128595846,C60pi60:1:0.0117656776}+I+G5

NOTE: 32409 MB RAM (31 GB) is required!
Estimate model parameters (epsilon = 0.100)
1. Initial log-likelihood: -487041.627
2. Current log-likelihood: -481369.325
3. Current log-likelihood: -481317.164
4. Current log-likelihood: -481316.640
5. Current log-likelihood: -481316.358
6. Current log-likelihood: -481316.108
7. Current log-likelihood: -481315.893
8. Current log-likelihood: -481315.708
9. Current log-likelihood: -481315.550
10. Current log-likelihood: -481315.416
11. Current log-likelihood: -481315.302
Optimal log-likelihood: -481315.190
Mixture weights: 0.017 0.021 0.028 0.007 0.014 0.007 0.015 0.007 0.002 0.010 0.023 0.006 0.013 0.020 0.007 0.012 0.007 0.043 0.032 0.022 0.010 0.015 0.013 0.015 0.024 0.013 0.022 0.025 0.021 0.011 0.008 0.013 0.009 0.047 0.044 0.032 0.040 0.015 0.010 0.021 0.015 0.010 0.023 0.012 0.007 0.001 0.034 0.011 0.013 0.012 0.026 0.006 0.010 0.014 0.022 0.020 0.004 0.011 0.013 0.012
Proportion of invariable sites: 0.223
Gamma shape alpha: 0.645
Parameters optimization took 11 rounds (172.540 sec)
Computing ML distances based on estimated model parameters... 0.750 sec
Computing BIONJ tree...
0.001 seconds
Log-likelihood of BIONJ tree: -481547.292
--------------------------------------------------------------------
|             INITIALIZING CANDIDATE TREE SET                      |
--------------------------------------------------------------------
Generating 98 parsimony trees... 18.794 second
Computing log-likelihood of 98 initial trees ... 1081.849 seconds
Current best score: -481315.190

Do NNI search on 20 best initial trees
Estimate model parameters (epsilon = 0.100)
BETTER TREE FOUND at iteration 1: -481203.634
Estimate model parameters (epsilon = 0.100)
BETTER TREE FOUND at iteration 2: -481143.959
Iteration 10 / LogL: -481205.287 / Time: 0h:37m:40s
Iteration 20 / LogL: -481210.008 / Time: 0h:54m:16s
Finish initializing candidate tree set (2)
Current best tree score: -481143.959 / CPU time: 3030.281
Number of iterations: 20
--------------------------------------------------------------------
|               OPTIMIZING CANDIDATE TREE SET                      |
--------------------------------------------------------------------
Iteration 30 / LogL: -481159.657 / Time: 1h:13m:40s (3h:2m:53s left)
Iteration 40 / LogL: -481204.428 / Time: 1h:32m:42s (2h:27m:21s left)
Iteration 50 / LogL: -481145.130 / Time: 1h:51m:22s (1h:58m:11s left)
Log-likelihood cutoff on original alignment: -481235.773
Iteration 60 / LogL: -481203.626 / Time: 2h:9m:20s (1h:32m:4s left)
Iteration 70 / LogL: -481148.560 / Time: 2h:28m:23s (1h:8m:49s left)
Iteration 80 / LogL: -481144.162 / Time: 2h:47m:25s (0h:46m:37s left)
Iteration 90 / LogL: -481148.680 / Time: 3h:3m:8s (0h:24m:41s left)
Iteration 100 / LogL: -481145.671 / Time: 3h:20m:48s (0h:4m:3s left)
Log-likelihood cutoff on original alignment: -481235.773
NOTE: Bootstrap correlation coefficient of split occurrence frequencies: 1.000
TREE SEARCH COMPLETED AFTER 103 ITERATIONS / Time: 3h:26m:13s

--------------------------------------------------------------------
|                    FINALIZING TREE SEARCH                        |
--------------------------------------------------------------------
Performs final model parameters optimization
Estimate model parameters (epsilon = 0.010)
1. Initial log-likelihood: -481143.959
2. Current log-likelihood: -481143.922
3. Current log-likelihood: -481143.892
4. Current log-likelihood: -481143.867
5. Current log-likelihood: -481143.837
6. Current log-likelihood: -481143.824
7. Current log-likelihood: -481143.802
8. Current log-likelihood: -481143.792
9. Current log-likelihood: -481143.777
Optimal log-likelihood: -481143.768
Mixture weights: 0.017 0.021 0.028 0.007 0.014 0.007 0.015 0.007 0.002 0.010 0.023 0.006 0.013 0.020 0.007 0.012 0.007 0.043 0.032 0.022 0.010 0.015 0.013 0.015 0.024 0.013 0.022 0.025 0.021 0.011 0.008 0.013 0.009 0.047 0.044 0.032 0.040 0.015 0.010 0.021 0.015 0.010 0.023 0.012 0.007 0.001 0.034 0.011 0.013 0.012 0.026 0.006 0.010 0.014 0.022 0.020 0.004 0.011 0.013 0.012
Proportion of invariable sites: 0.228
Gamma shape alpha: 0.655
Parameters optimization took 9 rounds (109.154 sec)
BEST SCORE FOUND : -481143.768
Creating bootstrap support values...
Split supports printed to NEXUS file iq_clustal34_hmm_ag_0.522-0.641_C60_I_G5.splits.nex
Total tree length: 4.054

Total number of iterations: 103
CPU time used for tree search: 386628.565 sec (107h:23m:48s)
Wall-clock time used for tree search: 12146.891 sec (3h:22m:26s)
Total CPU time used: 397328.476 sec (110h:22m:8s)
Total wall-clock time used: 12483.784 sec (3h:28m:3s)

Computing bootstrap consensus tree...
Reading input file iq_clustal34_hmm_ag_0.522-0.641_C60_I_G5.splits.nex...
37 taxa and 96 splits.
Consensus tree written to iq_clustal34_hmm_ag_0.522-0.641_C60_I_G5.contree
Reading input trees file iq_clustal34_hmm_ag_0.522-0.641_C60_I_G5.contree
Log-likelihood of consensus tree: -481143.768

---> SUMMARIZE RESULTS FROM 2 RUNS

Run 1 gave best log-likelihood: -481143.768
Model C60+I+G5 is alias for POISSON+G+FMIX{C60pi1:1:0.0169698865,C60pi2:1:0.0211683374,C60pi3:1:0.0276589079,C60pi4:1:0.0065675964,C60pi5:1:0.0141221416,C60pi6:1:0.0068774834,C60pi7:1:0.0146909701,C60pi8:1:0.0067225777,C60pi9:1:0.0018396660,C60pi10:1:0.0102547197,C60pi11:1:0.0230896163,C60pi12:1:0.0057941033,C60pi13:1:0.0125394534,C60pi14:1:0.0204526478,C60pi15:1:0.0070629602,C60pi16:1:0.0117982741,C60pi17:1:0.0068334668,C60pi18:1:0.0433775839,C60pi19:1:0.0318278731,C60pi20:1:0.0222546108,C60pi21:1:0.0102264969,C60pi22:1:0.0150545891,C60pi23:1:0.0134159878,C60pi24:1:0.0148552065,C60pi25:1:0.0239111516,C60pi26:1:0.0128776278,C60pi27:1:0.0222318842,C60pi28:1:0.0247444742,C60pi29:1:0.0214274810,C60pi30:1:0.0115001882,C60pi31:1:0.0076017389,C60pi32:1:0.0130258568,C60pi33:1:0.0093701965,C60pi34:1:0.0467194264,C60pi35:1:0.0441940314,C60pi36:1:0.0322263154,C60pi37:1:0.0402999891,C60pi38:1:0.0150234227,C60pi39:1:0.0104589903,C60pi40:1:0.0214742395,C60pi41:1:0.0154957836,C60pi42:1:0.0101789953,C60pi43:1:0.0227980379,C60pi44:1:0.0123204539,C60pi45:1:0.0066777583,C60pi46:1:0.0004150083,C60pi47:1:0.0344385130,C60pi48:1:0.0113663379,C60pi49:1:0.0127143049,C60pi50:1:0.0124323741,C60pi51:1:0.0262124415,C60pi52:1:0.0064994957,C60pi53:1:0.0103203293,C60pi54:1:0.0142463512,C60pi55:1:0.0215600067,C60pi56:1:0.0199150700,C60pi57:1:0.0038964200,C60pi58:1:0.0113448855,C60pi59:1:0.0128595846,C60pi60:1:0.0117656776}+I+G5
Split supports printed to NEXUS file iq_clustal34_hmm_ag_0.522-0.641_C60_I_G5.splits.nex
Consensus tree written to iq_clustal34_hmm_ag_0.522-0.641_C60_I_G5.contree
Total CPU time for 2 runs: 790012.675 seconds.
Total wall-clock time for 2 runs: 24825.712 seconds.


Analysis results written to: 
  IQ-TREE report:                iq_clustal34_hmm_ag_0.522-0.641_C60_I_G5.iqtree
  Maximum-likelihood tree:       iq_clustal34_hmm_ag_0.522-0.641_C60_I_G5.treefile
  Trees from independent runs:   iq_clustal34_hmm_ag_0.522-0.641_C60_I_G5.runtrees
  Likelihood distances:          iq_clustal34_hmm_ag_0.522-0.641_C60_I_G5.mldist

Ultrafast bootstrap approximation results written to:
  Split support values:          iq_clustal34_hmm_ag_0.522-0.641_C60_I_G5.splits.nex
  Consensus tree:                iq_clustal34_hmm_ag_0.522-0.641_C60_I_G5.contree
  Screen log file:               iq_clustal34_hmm_ag_0.522-0.641_C60_I_G5.log

Date and Time: Thu Apr 29 01:54:11 2021
Thu Apr 29 01:54:11 CEST 2021
